<?xml version="1.0" encoding="utf-8"?><testsuites name="pytest tests"><testsuite name="pytest" errors="0" failures="0" skipped="0" tests="15" time="73.379" timestamp="2026-09-01T22:14:49.464647+10:00" hostname="hpc"><testcase classname="tests.test_qwen36_qualification_result" name="test_qwen36_result_is_canonical_and_frozen" time="0.002" /><testcase classname="tests.test_qwen36_qualification_result" name="test_qwen36_primary_result_uses_predeclared_competence_rule" time="0.001" /><testcase classname="tests.test_qwen36_qualification_result" name="test_qwen36_aggregate_metrics_and_audit_history_are_separate" time="0.001" /><testcase classname="tests.test_qwen36_qualification_result" name="test_qwen36_report_scopes_the_pass_to_engineering_qualification" time="0.001" /><testcase classname="tests.test_qwen36_smoke_infrastructure" name="test_batch_requests_exactly_two_a100s_and_conservative_host_resources" time="0.001" /><testcase classname="tests.test_qwen36_smoke_infrastructure" name="test_job_25933_is_preserved_as_unscored_technical_invalid_evidence" time="0.000" /><testcase classname="tests.test_qwen36_smoke_infrastructure" name="test_job_25938_is_preserved_as_unscored_technical_invalid_evidence" time="0.000" /><testcase classname="tests.test_qwen36_smoke_infrastructure" name="test_batch_uses_only_pinned_bf16_tp2_32k_model_serving" time="0.000" /><testcase classname="tests.test_qwen36_smoke_infrastructure" name="test_smoke_is_offline_fresh_and_does_not_consume_a_qualification_task" time="0.000" /><testcase classname="tests.test_qwen36_smoke_infrastructure" name="test_batch_runs_one_project_transport_request_and_preserves_cleanup" time="0.001" /><testcase classname="tests.test_qwen36_smoke_infrastructure" name="test_mig_diagnostic_is_structured_informational_and_legacy_query_is_absent" time="0.000" /><testcase classname="tests.test_qwen36_smoke_infrastructure" name="test_batch_uses_separate_immutable_environment_and_short_ipc_path" time="0.001" /><testcase classname="tests.test_qwen36_smoke_infrastructure" name="test_batch_and_shell_scripts_have_valid_bash_syntax" time="0.003" /><testcase classname="tests.test_qwen36_smoke_infrastructure" name="test_submission_checks_queue_once_and_uses_controller_attestation" time="0.001" /><testcase classname="tests.test_qwen36_smoke_infrastructure" name="test_new_python_sources_compile" time="0.191" /><testcase time="0.000" /></testsuite></testsuites>