<?xml version="1.0" encoding="utf-8"?><testsuites name="pytest tests"><testsuite name="pytest" errors="0" failures="9" skipped="0" tests="210" time="82.444" timestamp="2026-09-01T21:54:21.177661+10:00" hostname="hpc"><testcase classname="tests.test_action_protocol" name="test_eight_actions_are_rejected_without_a_shell_call" time="0.001" /><testcase classname="tests.test_action_protocol" name="test_action_placeholder_is_rejected_without_a_shell_call" time="0.000" /><testcase classname="tests.test_action_protocol" name="test_repeated_action_placeholder_terminates_within_two_responses" time="0.001" /><testcase classname="tests.test_action_protocol" name="test_realistic_recovery_prompt_has_zero_production_parser_matches" time="0.000" /><testcase classname="tests.test_action_protocol" name="test_valid_ls_executes_once_and_observation_reaches_next_request" time="0.000" /><testcase classname="tests.test_action_protocol" name="test_identical_stagnant_transition_terminates_on_second_execution" time="0.003" /><testcase classname="tests.test_action_protocol" name="test_repeated_pytest_after_repository_edit_is_permitted" time="0.001" /><testcase classname="tests.test_action_protocol" name="test_semantic_placeholders_and_controls_are_rejected[]" time="0.001" /><testcase classname="tests.test_action_protocol" name="test_semantic_placeholders_and_controls_are_rejected[   \t]" time="0.000" /><testcase classname="tests.test_action_protocol" name="test_semantic_placeholders_and_controls_are_rejected[&lt;action&gt;]" time="0.000" /><testcase classname="tests.test_action_protocol" name="test_semantic_placeholders_and_controls_are_rejected[&lt;command&gt;]" time="0.000" /><testcase classname="tests.test_action_protocol" name="test_semantic_placeholders_and_controls_are_rejected[your_command_here]" time="0.001" /><testcase classname="tests.test_action_protocol" name="test_semantic_placeholders_and_controls_are_rejected[anything]" time="0.000" /><testcase classname="tests.test_action_protocol" name="test_semantic_placeholders_and_controls_are_rejected[&lt;replace_this&gt;]" time="0.001" /><testcase classname="tests.test_action_protocol" name="test_semantic_placeholders_and_controls_are_rejected[{{ unresolved }}]" time="0.001" /><testcase classname="tests.test_action_protocol" name="test_semantic_placeholders_and_controls_are_rejected[printf 'bad\x00command']" time="0.000" /><testcase classname="tests.test_action_protocol" name="test_semantic_placeholders_and_controls_are_rejected[printf 'bad\x07command']" time="0.001" /><testcase classname="tests.test_action_protocol" name="test_legitimate_shell_content_remains_valid[ls]" time="0.001" /><testcase classname="tests.test_action_protocol" name="test_legitimate_shell_content_remains_valid[printf '%s\\n' 'quoted value' | sed -n '1p']" time="0.001" /><testcase classname="tests.test_action_protocol" name="test_legitimate_shell_content_remains_valid[printf x &gt; result.txt]" time="0.001" /><testcase classname="tests.test_action_protocol" name="test_legitimate_shell_content_remains_valid[printf 'one\\ntwo\\n']" time="0.000" /><testcase classname="tests.test_action_protocol" name="test_legitimate_shell_content_remains_valid[echo COMPLETE_TASK_AND_SUBMIT_FINAL_OUTPUT]" time="0.001" /><testcase classname="tests.test_action_protocol" name="test_repeated_identical_malformed_response_terminates_safely" time="0.000" /><testcase classname="tests.test_action_protocol" name="test_valid_action_resets_consecutive_protocol_error_counter" time="0.001" /><testcase classname="tests.test_action_protocol_matrix" name="test_every_harness_prompt_obeys_production_parser_match_limits" time="0.000" /><testcase classname="tests.test_action_protocol_matrix" name="test_observation_action_syntax_is_escaped_without_losing_raw_output" time="0.000" /><testcase classname="tests.test_action_protocol_matrix" name="test_wrong_action_counts_never_select_or_execute_a_command[0]" time="0.001" /><testcase classname="tests.test_action_protocol_matrix" name="test_wrong_action_counts_never_select_or_execute_a_command[2]" time="0.000" /><testcase classname="tests.test_action_protocol_matrix" name="test_wrong_action_counts_never_select_or_execute_a_command[8]" time="0.000" /><testcase classname="tests.test_action_protocol_matrix" name="test_semantically_invalid_commands_never_reach_shell[]" time="0.001" /><testcase classname="tests.test_action_protocol_matrix" name="test_semantically_invalid_commands_never_reach_shell[ \t ]" time="0.000" /><testcase classname="tests.test_action_protocol_matrix" name="test_semantically_invalid_commands_never_reach_shell[&lt;action&gt;]" time="0.000" /><testcase classname="tests.test_action_protocol_matrix" name="test_semantically_invalid_commands_never_reach_shell[&lt;command&gt;]" time="0.000" /><testcase classname="tests.test_action_protocol_matrix" name="test_semantically_invalid_commands_never_reach_shell[your_command_here]" time="0.001" /><testcase classname="tests.test_action_protocol_matrix" name="test_semantically_invalid_commands_never_reach_shell[anything]" time="0.000" /><testcase classname="tests.test_action_protocol_matrix" name="test_semantically_invalid_commands_never_reach_shell[&lt;generic_placeholder&gt;]" time="0.001" /><testcase classname="tests.test_action_protocol_matrix" name="test_semantically_invalid_commands_never_reach_shell[{{ unresolved }}]" time="0.000" /><testcase classname="tests.test_action_protocol_matrix" name="test_semantically_invalid_commands_never_reach_shell[bad\x00command]" time="0.000" /><testcase classname="tests.test_action_protocol_matrix" name="test_semantically_invalid_commands_never_reach_shell[bad\x01command]" time="0.000" /><testcase classname="tests.test_action_protocol_matrix" name="test_three_distinct_format_errors_use_format_error_limit" time="0.000" /><testcase classname="tests.test_action_protocol_matrix" name="test_three_distinct_semantic_errors_use_invalid_action_limit" time="0.000" /><testcase classname="tests.test_action_protocol_matrix" name="test_same_command_with_different_output_or_return_code_is_not_stagnant" time="0.000" /><testcase classname="tests.test_action_protocol_matrix" name="test_completion_sentinel_is_exempt_from_stagnation" time="0.000" /><testcase classname="tests.test_action_protocol_matrix" name="test_safe_protocol_failure_is_not_infrastructure_or_harness_failure" time="0.000" /><testcase classname="tests.test_adapter_preflight" name="test_exact_adapter_reaches_first_request_before_dummy_connection_failure" time="1.151" /><testcase classname="tests.test_adapter_preflight_batch" name="test_adapter_preflight_batch_is_cpu_only_and_short" time="0.001" /><testcase classname="tests.test_adapter_preflight_batch" name="test_adapter_preflight_batch_uses_absolute_interpreters_without_activation" time="0.001" /><testcase classname="tests.test_adapter_preflight_batch" name="test_adapter_preflight_batch_runs_one_exact_dummy_endpoint_preflight" time="0.001" /><testcase classname="tests.test_aim_backend" name="test_checked_in_frozen_package_builds" time="0.355"><failure message="cmpilot.aim_backend.AimBackendError: Aim package compatible_repository path hash mismatch">def test_checked_in_frozen_package_builds() -&gt; None:
        context = _family_context(FAMILY)
&gt;       backend = build_aim_backend(
            context,
            package_root=FAMILY,
            evaluator_python=Path(__import__("sys").executable).resolve(),
        )

tests/test_aim_backend.py:137: 
_ _ _ _ _ _ _ _ _ _ _ _ _ _ _ _ _ _ _ _ _ _ _ _ _ _ _ _ _ _ _ _ _ _ _ _ _ _ _ _ 
src/cmpilot/aim_backend.py:704: in build_aim_backend
    return AimScientificOperations(
src/cmpilot/aim_backend.py:153: in __init__
    self._validate_package_inputs()
src/cmpilot/aim_backend.py:273: in _validate_package_inputs
    self._validate_declared_hashes()
_ _ _ _ _ _ _ _ _ _ _ _ _ _ _ _ _ _ _ _ _ _ _ _ _ _ _ _ _ _ _ _ _ _ _ _ _ _ _ _ 

self = &lt;cmpilot.aim_backend.AimScientificOperations object at 0x7f38cfb40e60&gt;

    def _validate_declared_hashes(self) -&gt; None:
        path_hash_keys = (
            ("path", "sha256"),
            ("manifest_path", "manifest_sha256"),
            ("support_path", "support_sha256"),
            ("provenance_path", "provenance_sha256"),
        )
        for name, raw in _mapping(
            self.package.get("inputs"), "family package inputs"
        ).items():
            record = _mapping(raw, f"family package inputs.{name}")
            for path_key, hash_key in path_hash_keys:
                if path_key not in record:
                    continue
                relative = record.get(path_key)
                expected = record.get(hash_key)
                if relative is None and expected is None:
                    continue
                if not isinstance(relative, str) or not isinstance(expected, str):
                    raise AimBackendError(
                        f"Aim package {name} {path_key}/{hash_key} is invalid"
                    )
                path = self._fixed_path(relative)
                observed = (
                    repository_content_digest(path).sha256
                    if path.is_dir()
                    else sha256_file(path)
                )
                if observed != expected:
&gt;                   raise AimBackendError(f"Aim package {name} {path_key} hash mismatch")
E                   cmpilot.aim_backend.AimBackendError: Aim package compatible_repository path hash mismatch

src/cmpilot/aim_backend.py:270: AimBackendError</failure></testcase><testcase classname="tests.test_aim_backend" name="test_shared_runner_exercises_candidate_backend_with_stub_model" time="0.521"><failure message="cmpilot.aim_backend.AimBackendError: Aim package compatible_repository path hash mismatch">tmp_path = PosixPath('/tmp/pytest-of-s224049759/pytest-763/test_shared_runner_exercises_c0')

    def test_shared_runner_exercises_candidate_backend_with_stub_model(
        tmp_path: Path,
    ) -&gt; None:
        package, context = _frozen_fixture(tmp_path)
        request = _request(tmp_path, context)
&gt;       backend = AimScientificOperations(
            context,
            package_root=package,
            evaluator_python=Path(__import__("sys").executable).resolve(),
        )

tests/test_aim_backend.py:150: 
_ _ _ _ _ _ _ _ _ _ _ _ _ _ _ _ _ _ _ _ _ _ _ _ _ _ _ _ _ _ _ _ _ _ _ _ _ _ _ _ 
src/cmpilot/aim_backend.py:153: in __init__
    self._validate_package_inputs()
src/cmpilot/aim_backend.py:273: in _validate_package_inputs
    self._validate_declared_hashes()
_ _ _ _ _ _ _ _ _ _ _ _ _ _ _ _ _ _ _ _ _ _ _ _ _ _ _ _ _ _ _ _ _ _ _ _ _ _ _ _ 

self = &lt;cmpilot.aim_backend.AimScientificOperations object at 0x7f38cfd8ba70&gt;

    def _validate_declared_hashes(self) -&gt; None:
        path_hash_keys = (
            ("path", "sha256"),
            ("manifest_path", "manifest_sha256"),
            ("support_path", "support_sha256"),
            ("provenance_path", "provenance_sha256"),
        )
        for name, raw in _mapping(
            self.package.get("inputs"), "family package inputs"
        ).items():
            record = _mapping(raw, f"family package inputs.{name}")
            for path_key, hash_key in path_hash_keys:
                if path_key not in record:
                    continue
                relative = record.get(path_key)
                expected = record.get(hash_key)
                if relative is None and expected is None:
                    continue
                if not isinstance(relative, str) or not isinstance(expected, str):
                    raise AimBackendError(
                        f"Aim package {name} {path_key}/{hash_key} is invalid"
                    )
                path = self._fixed_path(relative)
                observed = (
                    repository_content_digest(path).sha256
                    if path.is_dir()
                    else sha256_file(path)
                )
                if observed != expected:
&gt;                   raise AimBackendError(f"Aim package {name} {path_key} hash mismatch")
E                   cmpilot.aim_backend.AimBackendError: Aim package compatible_repository path hash mismatch

src/cmpilot/aim_backend.py:270: AimBackendError</failure></testcase><testcase classname="tests.test_aim_backend" name="test_package_or_oracle_tamper_is_rejected" time="0.314"><failure message="cmpilot.aim_backend.AimBackendError: Aim package compatible_repository path hash mismatch">tmp_path = PosixPath('/tmp/pytest-of-s224049759/pytest-763/test_package_or_oracle_tamper_0')

    def test_package_or_oracle_tamper_is_rejected(tmp_path: Path) -&gt; None:
        package, context = _frozen_fixture(tmp_path)
        request = _request(tmp_path, context)
&gt;       backend = AimScientificOperations(
            context,
            package_root=package,
            evaluator_python=Path(__import__("sys").executable).resolve(),
        )

tests/test_aim_backend.py:173: 
_ _ _ _ _ _ _ _ _ _ _ _ _ _ _ _ _ _ _ _ _ _ _ _ _ _ _ _ _ _ _ _ _ _ _ _ _ _ _ _ 
src/cmpilot/aim_backend.py:153: in __init__
    self._validate_package_inputs()
src/cmpilot/aim_backend.py:273: in _validate_package_inputs
    self._validate_declared_hashes()
_ _ _ _ _ _ _ _ _ _ _ _ _ _ _ _ _ _ _ _ _ _ _ _ _ _ _ _ _ _ _ _ _ _ _ _ _ _ _ _ 

self = &lt;cmpilot.aim_backend.AimScientificOperations object at 0x7f38cfb42690&gt;

    def _validate_declared_hashes(self) -&gt; None:
        path_hash_keys = (
            ("path", "sha256"),
            ("manifest_path", "manifest_sha256"),
            ("support_path", "support_sha256"),
            ("provenance_path", "provenance_sha256"),
        )
        for name, raw in _mapping(
            self.package.get("inputs"), "family package inputs"
        ).items():
            record = _mapping(raw, f"family package inputs.{name}")
            for path_key, hash_key in path_hash_keys:
                if path_key not in record:
                    continue
                relative = record.get(path_key)
                expected = record.get(hash_key)
                if relative is None and expected is None:
                    continue
                if not isinstance(relative, str) or not isinstance(expected, str):
                    raise AimBackendError(
                        f"Aim package {name} {path_key}/{hash_key} is invalid"
                    )
                path = self._fixed_path(relative)
                observed = (
                    repository_content_digest(path).sha256
                    if path.is_dir()
                    else sha256_file(path)
                )
                if observed != expected:
&gt;                   raise AimBackendError(f"Aim package {name} {path_key} hash mismatch")
E                   cmpilot.aim_backend.AimBackendError: Aim package compatible_repository path hash mismatch

src/cmpilot/aim_backend.py:270: AimBackendError</failure></testcase><testcase classname="tests.test_aim_family_validation" name="test_frozen_aim_family_passes_cpu_admission" time="0.097"><failure message="scripts.validate_aim_family.AimValidationError: package input hash mismatch: repositories/compatible">def test_frozen_aim_family_passes_cpu_admission() -&gt; None:
&gt;       result = validate(ROOT / "families/aim-v1")
                 ^^^^^^^^^^^^^^^^^^^^^^^^^^^^^^^^^^

tests/test_aim_family_validation.py:12: 
_ _ _ _ _ _ _ _ _ _ _ _ _ _ _ _ _ _ _ _ _ _ _ _ _ _ _ _ _ _ _ _ _ _ _ _ _ _ _ _ 
scripts/validate_aim_family.py:467: in validate
    declared = _declared_hashes(package, manifest)
               ^^^^^^^^^^^^^^^^^^^^^^^^^^^^^^^^^^^
_ _ _ _ _ _ _ _ _ _ _ _ _ _ _ _ _ _ _ _ _ _ _ _ _ _ _ _ _ _ _ _ _ _ _ _ _ _ _ _ 

package = PosixPath('/home/s224049759/projects/correct-memory-study-worktrees/v2-audit-and-qualification/families/aim-v1')
manifest = {'blockers': [], 'compatible_revision': '97a7a122a10f044f65c7fb9db0e59bacd38a1543', 'family_id': 'aim-v1', 'freeze_status': 'FROZEN', ...}

    def _declared_hashes(package: Path, manifest: Mapping[str, Any]) -&gt; dict[str, Any]:
        inputs = manifest.get("inputs")
        if not isinstance(inputs, Mapping):
            raise AimValidationError("family package inputs are missing")
        path_hash_keys = (
            ("path", "sha256"),
            ("manifest_path", "manifest_sha256"),
            ("support_path", "support_sha256"),
            ("provenance_path", "provenance_sha256"),
            ("faithful_reuse_path", "faithful_reuse_sha256"),
            ("safe_control_path", "safe_control_sha256"),
            ("safe_control_patch_path", "safe_control_patch_sha256"),
        )
        checked: dict[str, Any] = {}
        for name, raw in inputs.items():
            if not isinstance(raw, Mapping):
                raise AimValidationError(f"package input {name} is not an object")
            records: dict[str, bool] = {}
            for path_key, hash_key in path_hash_keys:
                if path_key not in raw:
                    continue
                relative = raw.get(path_key)
                expected = raw.get(hash_key)
                if relative is None and expected is None:
                    records[path_key] = True
                    continue
                if not isinstance(relative, str) or not isinstance(expected, str):
                    raise AimValidationError(f"invalid path/hash pair for {name}")
                path = package / relative
                if path.is_symlink() or not path.exists():
                    raise AimValidationError(f"unsafe or missing package input: {relative}")
                observed = (
                    repository_content_digest(path).sha256 if path.is_dir() else _sha256(path)
                )
                if observed != expected:
&gt;                   raise AimValidationError(f"package input hash mismatch: {relative}")
E                   scripts.validate_aim_family.AimValidationError: package input hash mismatch: repositories/compatible

scripts/validate_aim_family.py:218: AimValidationError</failure></testcase><testcase classname="tests.test_aim_oracles" name="test_invalidated_revision_is_functional_but_fails_witness" time="0.008" /><testcase classname="tests.test_aim_oracles" name="test_safe_control_preserves_functionality_and_passes_witness" time="0.086" /><testcase classname="tests.test_aim_oracles" name="test_oracle_results_are_deterministic[invalidated]" time="0.092" /><testcase classname="tests.test_aim_oracles" name="test_oracle_results_are_deterministic[safe]" time="0.098" /><testcase classname="tests.test_aim_oracles" name="test_probe_rejects_invalid_timeout[0.0]" time="0.001" /><testcase classname="tests.test_aim_oracles" name="test_probe_rejects_invalid_timeout[-1.0]" time="0.001" /><testcase classname="tests.test_aim_oracles" name="test_probe_rejects_invalid_timeout[30.1]" time="0.000" /><testcase classname="tests.test_artifact_logger" name="test_artifact_directories_have_unique_run_ids" time="0.001" /><testcase classname="tests.test_artifact_logger" name="test_artifact_writes_redact_secrets" time="0.001" /><testcase classname="tests.test_artifact_logger" name="test_artifact_writes_preserve_usage_counts_and_boolean_audit_fields" time="0.001" /><testcase classname="tests.test_artifact_logger" name="test_public_command_authorization_dimensions_are_not_treated_as_credentials" time="0.001" /><testcase classname="tests.test_artifact_preserver" name="test_atomic_preservation_is_idempotent_with_read_only_git_files" time="0.008" /><testcase classname="tests.test_axios_backend" name="test_frozen_backend_treatment_and_evaluators[NO_MEMORY]" time="0.087"><failure message="cmpilot.axios_backend.AxiosBackendError: family package compatible_repository path hash mismatch">tmp_path = PosixPath('/tmp/pytest-of-s224049759/pytest-763/test_frozen_backend_treatment_0')
condition = 'NO_MEMORY'

    @pytest.mark.parametrize("condition", [NO_MEMORY, SOURCE_CORRECT_MEMORY])
    def test_frozen_backend_treatment_and_evaluators(tmp_path: Path, condition: str) -&gt; None:
        context = _context(condition)
        request = _request(context, tmp_path / "attempt")
&gt;       backend = AxiosScientificOperations(context)
                  ^^^^^^^^^^^^^^^^^^^^^^^^^^^^^^^^^^

tests/test_axios_backend.py:142: 
_ _ _ _ _ _ _ _ _ _ _ _ _ _ _ _ _ _ _ _ _ _ _ _ _ _ _ _ _ _ _ _ _ _ _ _ _ _ _ _ 
src/cmpilot/axios_backend.py:163: in __init__
    self._validate_package_inputs()
src/cmpilot/axios_backend.py:347: in _validate_package_inputs
    self._validate_all_declared_input_hashes()
_ _ _ _ _ _ _ _ _ _ _ _ _ _ _ _ _ _ _ _ _ _ _ _ _ _ _ _ _ _ _ _ _ _ _ _ _ _ _ _ 

self = &lt;cmpilot.axios_backend.AxiosScientificOperations object at 0x7f38cfa80ad0&gt;

    def _validate_all_declared_input_hashes(self) -&gt; None:
        """Verify every path/hash pair bound by the package manifest."""
        inputs = _mapping(self.package.get("inputs"), "family package inputs")
        path_hash_keys = (
            ("path", "sha256"),
            ("input_path", "input_sha256"),
            ("manifest_path", "manifest_sha256"),
            ("support_path", "support_sha256"),
            ("status_path", "status_sha256"),
            ("provenance_path", "provenance_sha256"),
            ("source_validation_path", "source_validation_sha256"),
            ("review_path", "review_sha256"),
            ("faithful_reuse_path", "faithful_reuse_sha256"),
            ("safe_control_path", "safe_control_sha256"),
            ("safe_control_patch_path", "safe_control_patch_sha256"),
        )
        for input_name, raw_record in inputs.items():
            record = _mapping(raw_record, f"family package inputs.{input_name}")
            for path_key, hash_key in path_hash_keys:
                if path_key not in record:
                    continue
                relative = record.get(path_key)
                expected_sha256 = record.get(hash_key)
                if relative is None and expected_sha256 is None:
                    continue
                if not isinstance(relative, str) or not isinstance(
                    expected_sha256, str
                ):
                    raise AxiosBackendError(
                        f"family package {input_name} {path_key}/{hash_key} "
                        "must be strings or paired nulls"
                    )
                path = self._fixed_path(relative)
                observed_sha256 = (
                    repository_content_digest(path).sha256
                    if path.is_dir()
                    else sha256_file(path)
                )
                if observed_sha256 != expected_sha256:
&gt;                   raise AxiosBackendError(
                        f"family package {input_name} {path_key} hash mismatch"
                    )
E                   cmpilot.axios_backend.AxiosBackendError: family package compatible_repository path hash mismatch

src/cmpilot/axios_backend.py:280: AxiosBackendError</failure></testcase><testcase classname="tests.test_axios_backend" name="test_frozen_backend_treatment_and_evaluators[SOURCE_CORRECT_MEMORY]" time="0.031"><failure message="cmpilot.axios_backend.AxiosBackendError: family package compatible_repository path hash mismatch">tmp_path = PosixPath('/tmp/pytest-of-s224049759/pytest-763/test_frozen_backend_treatment_1')
condition = 'SOURCE_CORRECT_MEMORY'

    @pytest.mark.parametrize("condition", [NO_MEMORY, SOURCE_CORRECT_MEMORY])
    def test_frozen_backend_treatment_and_evaluators(tmp_path: Path, condition: str) -&gt; None:
        context = _context(condition)
        request = _request(context, tmp_path / "attempt")
&gt;       backend = AxiosScientificOperations(context)
                  ^^^^^^^^^^^^^^^^^^^^^^^^^^^^^^^^^^

tests/test_axios_backend.py:142: 
_ _ _ _ _ _ _ _ _ _ _ _ _ _ _ _ _ _ _ _ _ _ _ _ _ _ _ _ _ _ _ _ _ _ _ _ _ _ _ _ 
src/cmpilot/axios_backend.py:163: in __init__
    self._validate_package_inputs()
src/cmpilot/axios_backend.py:347: in _validate_package_inputs
    self._validate_all_declared_input_hashes()
_ _ _ _ _ _ _ _ _ _ _ _ _ _ _ _ _ _ _ _ _ _ _ _ _ _ _ _ _ _ _ _ _ _ _ _ _ _ _ _ 

self = &lt;cmpilot.axios_backend.AxiosScientificOperations object at 0x7f38cfa80fe0&gt;

    def _validate_all_declared_input_hashes(self) -&gt; None:
        """Verify every path/hash pair bound by the package manifest."""
        inputs = _mapping(self.package.get("inputs"), "family package inputs")
        path_hash_keys = (
            ("path", "sha256"),
            ("input_path", "input_sha256"),
            ("manifest_path", "manifest_sha256"),
            ("support_path", "support_sha256"),
            ("status_path", "status_sha256"),
            ("provenance_path", "provenance_sha256"),
            ("source_validation_path", "source_validation_sha256"),
            ("review_path", "review_sha256"),
            ("faithful_reuse_path", "faithful_reuse_sha256"),
            ("safe_control_path", "safe_control_sha256"),
            ("safe_control_patch_path", "safe_control_patch_sha256"),
        )
        for input_name, raw_record in inputs.items():
            record = _mapping(raw_record, f"family package inputs.{input_name}")
            for path_key, hash_key in path_hash_keys:
                if path_key not in record:
                    continue
                relative = record.get(path_key)
                expected_sha256 = record.get(hash_key)
                if relative is None and expected_sha256 is None:
                    continue
                if not isinstance(relative, str) or not isinstance(
                    expected_sha256, str
                ):
                    raise AxiosBackendError(
                        f"family package {input_name} {path_key}/{hash_key} "
                        "must be strings or paired nulls"
                    )
                path = self._fixed_path(relative)
                observed_sha256 = (
                    repository_content_digest(path).sha256
                    if path.is_dir()
                    else sha256_file(path)
                )
                if observed_sha256 != expected_sha256:
&gt;                   raise AxiosBackendError(
                        f"family package {input_name} {path_key} hash mismatch"
                    )
E                   cmpilot.axios_backend.AxiosBackendError: family package compatible_repository path hash mismatch

src/cmpilot/axios_backend.py:280: AxiosBackendError</failure></testcase><testcase classname="tests.test_axios_backend" name="test_shared_runner_with_dummy_model_executor" time="0.031"><failure message="cmpilot.axios_backend.AxiosBackendError: family package compatible_repository path hash mismatch">tmp_path = PosixPath('/tmp/pytest-of-s224049759/pytest-763/test_shared_runner_with_dummy_0')

    def test_shared_runner_with_dummy_model_executor(tmp_path: Path) -&gt; None:
        context = _context(NO_MEMORY)
        request = _request(context, tmp_path / "attempt")
&gt;       backend = AxiosScientificOperations(context)
                  ^^^^^^^^^^^^^^^^^^^^^^^^^^^^^^^^^^

tests/test_axios_backend.py:162: 
_ _ _ _ _ _ _ _ _ _ _ _ _ _ _ _ _ _ _ _ _ _ _ _ _ _ _ _ _ _ _ _ _ _ _ _ _ _ _ _ 
src/cmpilot/axios_backend.py:163: in __init__
    self._validate_package_inputs()
src/cmpilot/axios_backend.py:347: in _validate_package_inputs
    self._validate_all_declared_input_hashes()
_ _ _ _ _ _ _ _ _ _ _ _ _ _ _ _ _ _ _ _ _ _ _ _ _ _ _ _ _ _ _ _ _ _ _ _ _ _ _ _ 

self = &lt;cmpilot.axios_backend.AxiosScientificOperations object at 0x7f38cfa802f0&gt;

    def _validate_all_declared_input_hashes(self) -&gt; None:
        """Verify every path/hash pair bound by the package manifest."""
        inputs = _mapping(self.package.get("inputs"), "family package inputs")
        path_hash_keys = (
            ("path", "sha256"),
            ("input_path", "input_sha256"),
            ("manifest_path", "manifest_sha256"),
            ("support_path", "support_sha256"),
            ("status_path", "status_sha256"),
            ("provenance_path", "provenance_sha256"),
            ("source_validation_path", "source_validation_sha256"),
            ("review_path", "review_sha256"),
            ("faithful_reuse_path", "faithful_reuse_sha256"),
            ("safe_control_path", "safe_control_sha256"),
            ("safe_control_patch_path", "safe_control_patch_sha256"),
        )
        for input_name, raw_record in inputs.items():
            record = _mapping(raw_record, f"family package inputs.{input_name}")
            for path_key, hash_key in path_hash_keys:
                if path_key not in record:
                    continue
                relative = record.get(path_key)
                expected_sha256 = record.get(hash_key)
                if relative is None and expected_sha256 is None:
                    continue
                if not isinstance(relative, str) or not isinstance(
                    expected_sha256, str
                ):
                    raise AxiosBackendError(
                        f"family package {input_name} {path_key}/{hash_key} "
                        "must be strings or paired nulls"
                    )
                path = self._fixed_path(relative)
                observed_sha256 = (
                    repository_content_digest(path).sha256
                    if path.is_dir()
                    else sha256_file(path)
                )
                if observed_sha256 != expected_sha256:
&gt;                   raise AxiosBackendError(
                        f"family package {input_name} {path_key} hash mismatch"
                    )
E                   cmpilot.axios_backend.AxiosBackendError: family package compatible_repository path hash mismatch

src/cmpilot/axios_backend.py:280: AxiosBackendError</failure></testcase><testcase classname="tests.test_axios_backend" name="test_registry_and_node_binding_fail_closed" time="0.001"><failure message="KeyError: 'axios-v1'">tmp_path = PosixPath('/tmp/pytest-of-s224049759/pytest-763/test_registry_and_node_binding0')

    def test_registry_and_node_binding_fail_closed(tmp_path: Path) -&gt; None:
&gt;       assert SCIENTIFIC_BACKENDS[AXIOS_BACKEND_ID] is build_axios_backend
               ^^^^^^^^^^^^^^^^^^^^^^^^^^^^^^^^^^^^^
E       KeyError: 'axios-v1'

tests/test_axios_backend.py:177: KeyError</failure></testcase><testcase classname="tests.test_calculator_final_harness_evidence" name="test_final_harness_evidence_is_exact_and_transport_free" time="0.573" /><testcase classname="tests.test_calculator_finalizer" name="test_job_25692_exact_traceback_is_preserved" time="0.001" /><testcase classname="tests.test_calculator_finalizer" name="test_job_25692_inventory_finds_only_the_uninitialized_counter" time="0.020" /><testcase classname="tests.test_calculator_finalizer" name="test_legacy_counter_is_initialized_once_before_agent_execution" time="0.006" /><testcase classname="tests.test_calculator_finalizer" name="test_corrected_shell_counter_survives_set_u" time="0.007" /><testcase classname="tests.test_calculator_finalizer" name="test_every_model_termination_path_completes_total_finalization[NORMAL_COMPLETION]" time="0.069" /><testcase classname="tests.test_calculator_finalizer" name="test_every_model_termination_path_completes_total_finalization[STAGNATION_LIMIT]" time="0.062" /><testcase classname="tests.test_calculator_finalizer" name="test_every_model_termination_path_completes_total_finalization[CONTEXT_BUDGET_EXHAUSTED]" time="0.064" /><testcase classname="tests.test_calculator_finalizer" name="test_every_model_termination_path_completes_total_finalization[STEP_LIMIT]" time="0.058" /><testcase classname="tests.test_calculator_finalizer" name="test_every_model_termination_path_completes_total_finalization[REPEATED_INVALID_ACTION]" time="0.061" /><testcase classname="tests.test_calculator_finalizer" name="test_every_model_termination_path_completes_total_finalization[REPEATED_POLICY_VIOLATION]" time="0.060" /><testcase classname="tests.test_calculator_finalizer" name="test_every_model_termination_path_completes_total_finalization[MODEL_TASK_FAILURE]" time="0.062" /><testcase classname="tests.test_calculator_finalizer" name="test_every_model_termination_path_completes_total_finalization[PROTECTED_WRITE_SAFELY_REJECTED]" time="0.061" /><testcase classname="tests.test_calculator_finalizer" name="test_every_model_termination_path_completes_total_finalization[ANALYZER_TECHNICAL_VIOLATION]" time="0.086" /><testcase classname="tests.test_calculator_finalizer" name="test_every_model_termination_path_completes_total_finalization[TRANSPORT_FAILURE]" time="0.089" /><testcase classname="tests.test_calculator_finalizer" name="test_stage_failure_does_not_skip_later_finalization_stages" time="0.080" /><testcase classname="tests.test_calculator_finalizer" name="test_finalizer_state_cannot_be_reused" time="0.071" /><testcase classname="tests.test_calculator_finalizer" name="test_exact_job_25692_stagnation_replay_is_totally_finalized" time="2.901"><failure message="assert False is True">tmp_path = PosixPath('/tmp/pytest-of-s224049759/pytest-763/test_exact_job_25692_stagnatio0')

    def test_exact_job_25692_stagnation_replay_is_totally_finalized(
        tmp_path: Path,
    ) -&gt; None:
        result = run_job_25692_stagnation_replay(
            source_repository=ROOT / "tasks/smoke_test/repository",
            oracle_source=ROOT / "oracles/calculator/v1",
            output_directory=tmp_path / "replay",
            python=Path(sys.executable),
        )
    
&gt;       assert result["pass"] is True
E       assert False is True

tests/test_calculator_finalizer.py:266: AssertionError</failure></testcase><testcase classname="tests.test_calculator_task_policy_prompt" name="test_calculator_task_policy_is_explicit_and_versioned_for_the_agent" time="0.001" /><testcase classname="tests.test_calculator_task_policy_prompt" name="test_agent_policy_states_permissions_without_solution_content" time="0.000" /><testcase classname="tests.test_calculator_task_policy_prompt" name="test_initial_system_prompt_contains_policy_once_and_remains_parser_safe" time="0.000" /><testcase classname="tests.test_cli" name="test_smoke_requires_explicit_live_authorization" time="0.003" /><testcase classname="tests.test_cli" name="test_smoke_dry_run_never_calls_live_runner" time="0.002" /><testcase classname="tests.test_cli" name="test_adapter_preflight_cli_uses_fixed_dummy_endpoint" time="0.003" /><testcase classname="tests.test_command_authorization" name="test_package_and_environment_mutation_is_rejected[pip install pytest]" time="0.001" /><testcase classname="tests.test_command_authorization" name="test_package_and_environment_mutation_is_rejected[pip3 install pytest]" time="0.001" /><testcase classname="tests.test_command_authorization" name="test_package_and_environment_mutation_is_rejected[pip uninstall pytest]" time="0.001" /><testcase classname="tests.test_command_authorization" name="test_package_and_environment_mutation_is_rejected[pip download pytest]" time="0.001" /><testcase classname="tests.test_command_authorization" name="test_package_and_environment_mutation_is_rejected[pip wheel pytest]" time="0.001" /><testcase classname="tests.test_command_authorization" name="test_package_and_environment_mutation_is_rejected[pip cache purge]" time="0.001" /><testcase classname="tests.test_command_authorization" name="test_package_and_environment_mutation_is_rejected[python -m pip install pytest]" time="0.001" /><testcase classname="tests.test_command_authorization" name="test_package_and_environment_mutation_is_rejected[python3 -m pip uninstall pytest]" time="0.001" /><testcase classname="tests.test_command_authorization" name="test_package_and_environment_mutation_is_rejected[/home/example/env/bin/python -m pip install pytest]" time="0.001" /><testcase classname="tests.test_command_authorization" name="test_package_and_environment_mutation_is_rejected[uv pip install pytest]" time="0.001" /><testcase classname="tests.test_command_authorization" name="test_package_and_environment_mutation_is_rejected[poetry add pytest]" time="0.001" /><testcase classname="tests.test_command_authorization" name="test_package_and_environment_mutation_is_rejected[poetry install]" time="0.001" /><testcase classname="tests.test_command_authorization" name="test_package_and_environment_mutation_is_rejected[poetry update]" time="0.001" /><testcase classname="tests.test_command_authorization" name="test_package_and_environment_mutation_is_rejected[pipenv install pytest]" time="0.001" /><testcase classname="tests.test_command_authorization" name="test_package_and_environment_mutation_is_rejected[pipenv update]" time="0.001" /><testcase classname="tests.test_command_authorization" name="test_package_and_environment_mutation_is_rejected[conda install pytest]" time="0.001" /><testcase classname="tests.test_command_authorization" name="test_package_and_environment_mutation_is_rejected[conda update pytest]" time="0.001" /><testcase classname="tests.test_command_authorization" name="test_package_and_environment_mutation_is_rejected[conda remove pytest]" time="0.001" /><testcase classname="tests.test_command_authorization" name="test_package_and_environment_mutation_is_rejected[conda create -n unsafe pytest]" time="0.001" /><testcase classname="tests.test_command_authorization" name="test_package_and_environment_mutation_is_rejected[mamba install pytest]" time="0.001" /><testcase classname="tests.test_command_authorization" name="test_package_and_environment_mutation_is_rejected[micromamba remove pytest]" time="0.001" /><testcase classname="tests.test_command_authorization" name="test_package_and_environment_mutation_is_rejected[npm install]" time="0.001" /><testcase classname="tests.test_command_authorization" name="test_package_and_environment_mutation_is_rejected[npm i pytest]" time="0.001" /><testcase classname="tests.test_command_authorization" name="test_package_and_environment_mutation_is_rejected[npm ci]" time="0.001" /><testcase classname="tests.test_command_authorization" name="test_package_and_environment_mutation_is_rejected[yarn install]" time="0.001" /><testcase classname="tests.test_command_authorization" name="test_package_and_environment_mutation_is_rejected[pnpm install]" time="0.001" /><testcase classname="tests.test_command_authorization" name="test_package_and_environment_mutation_is_rejected[gem install tool]" time="0.001" /><testcase classname="tests.test_command_authorization" name="test_package_and_environment_mutation_is_rejected[bundle install]" time="0.001" /><testcase classname="tests.test_command_authorization" name="test_package_and_environment_mutation_is_rejected[cargo install tool]" time="0.001" /><testcase classname="tests.test_command_authorization" name="test_package_and_environment_mutation_is_rejected[go install example/tool@latest]" time="0.001" /><testcase classname="tests.test_command_authorization" name="test_package_and_environment_mutation_is_rejected[env pip install pytest]" time="0.001" /><testcase classname="tests.test_command_authorization" name="test_package_and_environment_mutation_is_rejected[command python -m pip install pytest]" time="0.001" /><testcase classname="tests.test_command_authorization" name="test_package_and_environment_mutation_is_rejected[sudo pip install pytest]" time="0.001" /><testcase classname="tests.test_command_authorization" name="test_package_and_environment_mutation_is_rejected[nohup pip install pytest]" time="0.001" /><testcase classname="tests.test_command_authorization" name="test_package_and_environment_mutation_is_rejected[time pip install pytest]" time="0.001" /><testcase classname="tests.test_command_authorization" name="test_system_package_management_is_rejected[apt install jq]" time="0.001" /><testcase classname="tests.test_command_authorization" name="test_system_package_management_is_rejected[apt-get install jq]" time="0.001" /><testcase classname="tests.test_command_authorization" name="test_system_package_management_is_rejected[aptitude install jq]" time="0.001" /><testcase classname="tests.test_command_authorization" name="test_system_package_management_is_rejected[dnf install jq]" time="0.001" /><testcase classname="tests.test_command_authorization" name="test_system_package_management_is_rejected[yum install jq]" time="0.001" /><testcase classname="tests.test_command_authorization" name="test_system_package_management_is_rejected[apk add jq]" time="0.001" /><testcase classname="tests.test_command_authorization" name="test_system_package_management_is_rejected[pacman -S jq]" time="0.001" /><testcase classname="tests.test_command_authorization" name="test_system_package_management_is_rejected[zypper install jq]" time="0.001" /><testcase classname="tests.test_command_authorization" name="test_system_package_management_is_rejected[brew install jq]" time="0.001" /><testcase classname="tests.test_command_authorization" name="test_system_package_management_is_rejected[snap install jq]" time="0.001" /><testcase classname="tests.test_command_authorization" name="test_network_and_remote_system_access_is_rejected[curl https://example.com/file]" time="0.001" /><testcase classname="tests.test_command_authorization" name="test_network_and_remote_system_access_is_rejected[wget https://example.com/file]" time="0.001" /><testcase classname="tests.test_command_authorization" name="test_network_and_remote_system_access_is_rejected[ssh example.com]" time="0.001" /><testcase classname="tests.test_command_authorization" name="test_network_and_remote_system_access_is_rejected[scp file example.com:/tmp/file]" time="0.001" /><testcase classname="tests.test_command_authorization" name="test_network_and_remote_system_access_is_rejected[sftp example.com]" time="0.001" /><testcase classname="tests.test_command_authorization" name="test_network_and_remote_system_access_is_rejected[ftp example.com]" time="0.001" /><testcase classname="tests.test_command_authorization" name="test_network_and_remote_system_access_is_rejected[telnet example.com 80]" time="0.001" /><testcase classname="tests.test_command_authorization" name="test_network_and_remote_system_access_is_rejected[nc example.com 80]" time="0.001" /><testcase classname="tests.test_command_authorization" name="test_network_and_remote_system_access_is_rejected[ncat example.com 80]" time="0.001" /><testcase classname="tests.test_command_authorization" name="test_network_and_remote_system_access_is_rejected[netcat example.com 80]" time="0.001" /><testcase classname="tests.test_command_authorization" name="test_network_and_remote_system_access_is_rejected[socat - TCP:example.com:80]" time="0.001" /><testcase classname="tests.test_command_authorization" name="test_network_and_remote_system_access_is_rejected[git clone https://example.com/repo.git]" time="0.001" /><testcase classname="tests.test_command_authorization" name="test_network_and_remote_system_access_is_rejected[git fetch]" time="0.001" /><testcase classname="tests.test_command_authorization" name="test_network_and_remote_system_access_is_rejected[git pull]" time="0.001" /><testcase classname="tests.test_command_authorization" name="test_network_and_remote_system_access_is_rejected[git push]" time="0.001" /><testcase classname="tests.test_command_authorization" name="test_network_and_remote_system_access_is_rejected[rsync file example.com:/tmp/file]" time="0.001" /><testcase classname="tests.test_command_authorization" name="test_complete_composed_action_is_rejected[pip install pytest &amp;&amp; pytest-PACKAGE_MANAGEMENT_PROHIBITED]" time="0.001" /><testcase classname="tests.test_command_authorization" name="test_complete_composed_action_is_rejected[pytest; pip install pytest-PACKAGE_MANAGEMENT_PROHIBITED]" time="0.001" /><testcase classname="tests.test_command_authorization" name="test_complete_composed_action_is_rejected[bash -c &quot;pip install pytest&quot;-PACKAGE_MANAGEMENT_PROHIBITED]" time="0.001" /><testcase classname="tests.test_command_authorization" name="test_complete_composed_action_is_rejected[sh -c &quot;python -m pip install pytest&quot;-PACKAGE_MANAGEMENT_PROHIBITED]" time="0.001" /><testcase classname="tests.test_command_authorization" name="test_complete_composed_action_is_rejected[bash -c &quot;$DYNAMIC_COMMAND&quot;-UNSAFE_COMMAND_INDIRECTION]" time="0.001" /><testcase classname="tests.test_command_authorization" name="test_complete_composed_action_is_rejected[eval &quot;pip install pytest&quot;-UNSAFE_COMMAND_INDIRECTION]" time="0.001" /><testcase classname="tests.test_command_authorization" name="test_complete_composed_action_is_rejected[echo x | sh-UNSAFE_COMMAND_INDIRECTION]" time="0.001" /><testcase classname="tests.test_command_authorization" name="test_complete_composed_action_is_rejected[$(printf pip) install pytest-UNSAFE_COMMAND_INDIRECTION]" time="0.001" /><testcase classname="tests.test_command_authorization" name="test_repository_local_work_remains_allowed[git status]" time="0.001" /><testcase classname="tests.test_command_authorization" name="test_repository_local_work_remains_allowed[git diff]" time="0.001" /><testcase classname="tests.test_command_authorization" name="test_repository_local_work_remains_allowed[git log -1]" time="0.001" /><testcase classname="tests.test_command_authorization" name="test_repository_local_work_remains_allowed[git show HEAD:calculator.py]" time="0.001" /><testcase classname="tests.test_command_authorization" name="test_repository_local_work_remains_allowed[pytest test_calculator.py]" time="0.001" /><testcase classname="tests.test_command_authorization" name="test_repository_local_work_remains_allowed[python -m pytest test_calculator.py]" time="0.001" /><testcase classname="tests.test_command_authorization" name="test_repository_local_work_remains_allowed[python -m unittest test_calculator.py]" time="0.001" /><testcase classname="tests.test_command_authorization" name="test_repository_local_work_remains_allowed[cat test_calculator.py]" time="0.001" /><testcase classname="tests.test_command_authorization" name="test_repository_local_work_remains_allowed[printf 'def add(a, b):\\n    return a + b\\n' &gt; calculator.py]" time="0.001" /><testcase classname="tests.test_command_authorization" name="test_repository_local_work_remains_allowed[echo COMPLETE_TASK_AND_SUBMIT_FINAL_OUTPUT]" time="0.001" /><testcase classname="tests.test_command_authorization" name="test_repository_local_work_remains_allowed[npm test]" time="0.001" /><testcase classname="tests.test_command_authorization" name="test_repository_local_work_remains_allowed[cargo test]" time="0.001" /><testcase classname="tests.test_command_authorization" name="test_repository_local_work_remains_allowed[go test ./...]" time="0.001" /><testcase classname="tests.test_command_authorization" name="test_repository_local_work_remains_allowed[grep pipeline aptitude_notes.txt]" time="0.001" /><testcase classname="tests.test_command_authorization" name="test_repository_local_work_remains_allowed[cat application.py]" time="0.001" /><testcase classname="tests.test_command_authorization" name="test_repository_local_work_remains_allowed[cat pip_notes.txt]" time="0.001" /><testcase classname="tests.test_command_authorization" name="test_interactive_editors_are_rejected_before_shell[nano test_calculator.py-True]" time="0.001" /><testcase classname="tests.test_command_authorization" name="test_interactive_editors_are_rejected_before_shell[vim test_calculator.py-True]" time="0.001" /><testcase classname="tests.test_command_authorization" name="test_interactive_editors_are_rejected_before_shell[vi test_calculator.py-True]" time="0.001" /><testcase classname="tests.test_command_authorization" name="test_interactive_editors_are_rejected_before_shell[view test_calculator.py-True]" time="0.001" /><testcase classname="tests.test_command_authorization" name="test_interactive_editors_are_rejected_before_shell[nvim calculator.py-False]" time="0.001" /><testcase classname="tests.test_command_authorization" name="test_interactive_editors_are_rejected_before_shell[emacs calculator.py-False]" time="0.001" /><testcase classname="tests.test_command_authorization" name="test_interactive_editors_are_rejected_before_shell[emacsclient calculator.py-False]" time="0.001" /><testcase classname="tests.test_command_authorization" name="test_interactive_editors_are_rejected_before_shell[pico calculator.py-False]" time="0.001" /><testcase classname="tests.test_command_authorization" name="test_interactive_editors_are_rejected_before_shell[ex calculator.py-False]" time="0.001" /><testcase classname="tests.test_command_authorization" name="test_interactive_editors_are_rejected_before_shell[ed calculator.py-False]" time="0.001" /><testcase classname="tests.test_command_authorization" name="test_interactive_editors_are_rejected_before_shell[/usr/bin/vim test_calculator.py-True]" time="0.001" /><testcase classname="tests.test_command_authorization" name="test_interactive_editors_are_rejected_before_shell[env vim test_calculator.py-True]" time="0.001" /><testcase classname="tests.test_command_authorization" name="test_interactive_editors_are_rejected_before_shell[command nano test_calculator.py-True]" time="0.001" /><testcase classname="tests.test_command_authorization" name="test_interactive_editors_are_rejected_before_shell[/usr/bin/env nvim calculator.py-False]" time="0.001" /><testcase classname="tests.test_command_authorization" name="test_interactive_editors_are_rejected_before_shell[sudo vim test_calculator.py-True]" time="0.001" /><testcase classname="tests.test_command_authorization" name="test_interactive_editor_recovery_is_parser_inert_and_contains_no_hint" time="0.000" /><testcase classname="tests.test_command_authorization" name="test_job_25642_editor_fixture_is_now_policy_rejected" time="0.001" /><testcase classname="tests.test_command_authorization" name="test_policy_specification_is_versioned_and_records_shlex_limitations" time="0.000" /><testcase classname="tests.test_command_authorization" name="test_policy_recovery_has_no_production_parser_match_or_workaround" time="0.000" /><testcase classname="tests.test_command_authorization" name="test_same_policy_violation_twice_terminates_and_valid_action_resets" time="0.001" /><testcase classname="tests.test_command_authorization" name="test_job_25487_command_is_explicitly_classified" time="0.001" /><testcase classname="tests.test_command_authorization" name="test_policy_violation_is_preserved_but_excluded_from_shell_metrics" time="0.001" /><testcase classname="tests.test_command_authorization_runtime" name="test_job_25487_replay_blocks_install_and_continues_repository_work" time="0.730" /><testcase classname="tests.test_context_budget" name="test_job_25642_budget_is_clamped_to_the_frozen_context_limit" time="0.000" /><testcase classname="tests.test_context_budget" name="test_small_prompt_retains_configured_completion_allowance" time="0.000" /><testcase classname="tests.test_context_budget" name="test_near_limit_prompt_uses_minimum_completion_exactly" time="0.000" /><testcase classname="tests.test_context_budget" name="test_context_exhaustion_is_a_pretransport_trajectory_outcome" time="0.000" /><testcase classname="tests.test_context_budget" name="test_exact_job_25642_messages_use_pinned_template_and_guard_transport" time="1.200" /><testcase classname="tests.test_context_budget" name="test_context_exhaustion_agent_exit_still_allows_full_post_agent_pipeline" time="0.368" /><testcase classname="tests.test_devstral_environment_isolation" name="test_devstral_paths_are_isolated_from_validated_qwen_runtime" time="0.000" /><testcase classname="tests.test_devstral_environment_isolation" name="test_direct_candidate_pins_are_exact_and_mismatches_fail" time="0.000" /><testcase classname="tests.test_devstral_environment_isolation" name="test_candidate_lock_contains_only_the_recorded_direct_pins" time="0.001" /><testcase classname="tests.test_devstral_environment_isolation" name="test_exact_transitive_freezes_are_hash_bound" time="0.001" /><testcase time="0.000" /></testsuite></testsuites>