<?xml version="1.0" encoding="utf-8"?><testsuites name="pytest tests"><testsuite name="pytest" errors="0" failures="6" skipped="0" tests="457" time="1036.654" timestamp="2026-09-01T21:56:01.516334+10:00" hostname="hpc"><testcase classname="tests.test_devstral_prerun_amendment" name="test_prerun_amendment_is_canonical_and_self_auditing" time="0.032"><failure message="AssertionError: families/axios-v1/repositories/compatible&#10;assert '929b98a4b139...dd3708151ffb8' == '1c8d517db028...39e8955b4758f'&#10;  &#10;  - 1c8d517db02863c986a671b5247991d1ef762b522a53058324839e8955b4758f&#10;  + 929b98a4b1395a6f312e0b87913b9ef13b8a1ac5dc5e4ada19bdd3708151ffb8">def test_prerun_amendment_is_canonical_and_self_auditing() -&gt; None:
        raw = AMENDMENT.read_bytes()
        amendment = json.loads(raw)
        manifest = json.loads(
            (ROOT / "configs/experiments/track-b-axios-partial-v1.json").read_text()
        )
    
        assert raw == canonical_json_bytes(amendment)
        assert amendment["affected_runs"]["array_job_id"] == "29552"
        assert len(amendment["affected_runs"]["runs"]) == 4
        assert amendment["affected_runs"]["summary"] == {
            "agent_action_count": 0,
            "all_original_attempts_preserved": True,
            "all_technical_invalid": True,
            "mini_swe_invocation_count": 0,
            "model_request_count": 0,
            "model_response_count": 0,
        }
    
        scientific = amendment["scientific_input_sha256_before_after"]
        assert all(record["before"] == record["after"] for record in scientific.values())
        for record in scientific.values():
            relative = record.get("path")
            if relative is None:
                continue
            path = ROOT / relative
            observed = (
                repository_content_digest(path).sha256
                if record.get("digest_method")
                == "cmpilot.repository_manager.repository_content_digest"
                else _sha256(path)
            )
&gt;           assert observed == record["after"], relative
E           AssertionError: families/axios-v1/repositories/compatible
E           assert '929b98a4b139...dd3708151ffb8' == '1c8d517db028...39e8955b4758f'
E             
E             - 1c8d517db02863c986a671b5247991d1ef762b522a53058324839e8955b4758f
E             + 929b98a4b1395a6f312e0b87913b9ef13b8a1ac5dc5e4ada19bdd3708151ffb8

tests/test_devstral_prerun_amendment.py:54: AssertionError</failure></testcase><testcase classname="tests.test_devstral_profile" name="test_candidate_records_exact_pinned_identity_without_claiming_readiness" time="0.000" /><testcase classname="tests.test_devstral_profile" name="test_candidate_uses_exact_shared_scientific_boundary_objects" time="0.000" /><testcase classname="tests.test_devstral_profile" name="test_candidate_is_immutable_and_default_server_gate_fails_closed" time="0.001" /><testcase classname="tests.test_devstral_profile" name="test_checked_in_candidate_config_matches_frozen_snapshot_identity" time="0.001" /><testcase classname="tests.test_devstral_snapshot_freeze" name="test_incomplete_snapshot_is_not_ready" time="0.003" /><testcase classname="tests.test_devstral_snapshot_freeze" name="test_complete_but_unfrozen_snapshot_is_not_ready" time="0.002" /><testcase classname="tests.test_devstral_snapshot_freeze" name="test_correct_frozen_snapshot_is_ready" time="0.010" /><testcase classname="tests.test_devstral_snapshot_freeze" name="test_changed_runtime_weight_is_not_ready" time="0.007" /><testcase classname="tests.test_devstral_snapshot_freeze" name="test_changed_metadata_is_not_ready" time="0.008" /><testcase classname="tests.test_devstral_snapshot_freeze" name="test_wrong_model_revision_is_not_ready" time="0.001" /><testcase classname="tests.test_devstral_snapshot_freeze" name="test_corrupted_freeze_record_is_not_ready" time="0.002" /><testcase classname="tests.test_devstral_snapshot_freeze" name="test_symlinked_runtime_weight_is_content_valid" time="0.009" /><testcase classname="tests.test_devstral_snapshot_freeze" name="test_freeze_record_cannot_be_silently_replaced" time="0.008" /><testcase classname="tests.test_djoser_backend" name="test_registry_constructs_exact_frozen_djoser_backend" time="1.275" /><testcase classname="tests.test_djoser_backend" name="test_runtime_applies_policy_memory_and_frozen_reference_contrast" time="0.994" /><testcase classname="tests.test_djoser_backend" name="test_actual_package_input_hashes_are_bound" time="0.108" /><testcase classname="tests.test_djoser_family_validation" name="test_reference_contrast_and_source_memory_admit_final_freeze" time="0.942" /><testcase classname="tests.test_djoser_family_validation" name="test_digest_tamper_is_rejected[repositories/invalidated/README.rst]" time="0.853" /><testcase classname="tests.test_djoser_family_validation" name="test_digest_tamper_is_rejected[oracles/functional/evaluate.py]" time="0.836" /><testcase classname="tests.test_djoser_family_validation" name="test_safe_reference_must_establish_the_frozen_contrast" time="0.882" /><testcase classname="tests.test_djoser_family_validation" name="test_repeated_validation_is_canonical_and_deterministic" time="1.584" /><testcase classname="tests.test_djoser_family_validation" name="test_oracles_witness_and_references_are_outside_agent_repositories" time="0.840" /><testcase classname="tests.test_djoser_family_validation" name="test_result_and_freeze_manifest_are_written_canonically" time="0.823" /><testcase classname="tests.test_doctor" name="test_collect_report_checks_the_models_endpoint_and_keeps_diagnostic" time="0.001" /><testcase classname="tests.test_doctor" name="test_collect_report_does_not_probe_when_vllm_is_unconfigured" time="0.001" /><testcase classname="tests.test_doctor" name="test_render_report_does_not_include_the_configured_endpoint" time="0.000" /><testcase classname="tests.test_environment_content_digest" name="test_content_digest_ignores_mtime_and_reports_metadata_separately" time="0.002" /><testcase classname="tests.test_environment_content_digest" name="test_content_digest_ignores_inode_and_enumeration_order" time="0.002" /><testcase classname="tests.test_environment_content_digest" name="test_content_digest_changes_for_file_bytes" time="0.002" /><testcase classname="tests.test_environment_content_digest" name="test_content_digest_changes_for_package_version" time="0.001" /><testcase classname="tests.test_environment_content_digest" name="test_content_digest_changes_for_symlink_target" time="0.001" /><testcase classname="tests.test_environment_content_digest" name="test_content_digest_changes_when_required_file_is_added_or_removed" time="0.002" /><testcase classname="tests.test_environment_content_digest" name="test_canonical_content_record_contains_schema_marker" time="0.000" /><testcase classname="tests.test_environment_content_digest" name="test_recorded_579_package_files_have_unchanged_content_digest" time="3.491" /><testcase classname="tests.test_environment_content_digest" name="test_content_change_overrides_metadata_observation" time="0.001" /><testcase classname="tests.test_environment_fingerprint" name="test_same_inventory_has_one_hash_under_supported_locale_variants" time="0.467" /><testcase classname="tests.test_environment_fingerprint" name="test_arbitrary_package_record_permutations_have_one_hash" time="0.002" /><testcase classname="tests.test_environment_fingerprint" name="test_package_name_normalization_conventions_are_equivalent[Friendly_Bard]" time="0.001" /><testcase classname="tests.test_environment_fingerprint" name="test_package_name_normalization_conventions_are_equivalent[friendly.bard]" time="0.001" /><testcase classname="tests.test_environment_fingerprint" name="test_package_name_normalization_conventions_are_equivalent[friendly-bard]" time="0.001" /><testcase classname="tests.test_environment_fingerprint" name="test_utf8_and_unicode_nfc_are_deterministic" time="0.001" /><testcase classname="tests.test_environment_fingerprint" name="test_crlf_and_lf_text_produce_the_same_hash" time="0.000" /><testcase classname="tests.test_environment_fingerprint" name="test_package_version_change_changes_hash" time="0.001" /><testcase classname="tests.test_environment_fingerprint" name="test_adding_package_changes_hash" time="0.001" /><testcase classname="tests.test_environment_fingerprint" name="test_removing_package_changes_hash" time="0.001" /><testcase classname="tests.test_environment_fingerprint" name="test_canonical_inventory_contains_schema_marker_and_lf_ending" time="0.000" /><testcase classname="tests.test_environment_fingerprint" name="test_v1_and_v2_fingerprints_cannot_be_compared_silently" time="0.000" /><testcase classname="tests.test_environment_fingerprint" name="test_exact_job_25033_login_and_batch_package_inventories_match_in_v2" time="0.002" /><testcase classname="tests.test_environment_fingerprint" name="test_capture_records_required_metadata_without_hashing_paths" time="1.027" /><testcase classname="tests.test_environment_fingerprint" name="test_capture_does_not_modify_site_package_metadata" time="0.427" /><testcase classname="tests.test_environment_fingerprint" name="test_implementation_contains_no_locale_transform_or_shell_sort" time="0.000" /><testcase classname="tests.test_environment_load_gate" name="test_generated_load_gate_uses_v2_and_locale_fallback_without_sort" time="0.001" /><testcase classname="tests.test_environment_load_gate" name="test_load_gate_passes_for_job_25033_locale_ordering_difference" time="0.586" /><testcase classname="tests.test_environment_load_gate" name="test_load_gate_fails_closed_for_genuine_v2_difference" time="0.296" /><testcase classname="tests.test_environment_load_gate" name="test_fingerprint_cli_capture_and_compare_use_the_same_implementation" time="0.371" /><testcase classname="tests.test_experiment_models" name="test_qwen_profile_delegates_to_exact_qualified_server_command" time="0.001" /><testcase classname="tests.test_experiment_models" name="test_qwen_profile_preserves_model_runtime_and_environment_identity" time="0.000" /><testcase classname="tests.test_experiment_models" name="test_qwen_profile_binds_frozen_agent_and_serialization_inputs" time="0.021" /><testcase classname="tests.test_experiment_models" name="test_qwen_profile_has_a_frozen_final_experiment_identity" time="0.001" /><testcase classname="tests.test_experiment_models" name="test_every_profile_uses_the_unoverrideable_production_boundary" time="0.002" /><testcase classname="tests.test_experiment_models" name="test_profile_is_immutable_registry_is_read_only_and_unknown_ids_fail" time="0.001" /><testcase classname="tests.test_experiment_models" name="test_devstral_production_profile_binds_qualified_runtime_and_evidence" time="0.060" /><testcase classname="tests.test_experiment_models" name="test_devstral_production_profile_rejects_missing_or_wrong_freeze" time="0.003" /><testcase classname="tests.test_experiment_models" name="test_qwen_profile_rejects_server_boundary_weakening[&lt;lambda&gt;0]" time="0.001" /><testcase classname="tests.test_experiment_models" name="test_qwen_profile_rejects_server_boundary_weakening[&lt;lambda&gt;1]" time="0.001" /><testcase classname="tests.test_experiment_models" name="test_qwen_profile_rejects_server_boundary_weakening[&lt;lambda&gt;2]" time="0.001" /><testcase classname="tests.test_experiment_models" name="test_qwen_profile_rejects_server_boundary_weakening[&lt;lambda&gt;3]" time="0.000" /><testcase classname="tests.test_external_calculator_oracle" name="test_external_oracle_bundle_is_versioned_and_manifest_valid" time="0.001" /><testcase classname="tests.test_external_calculator_oracle" name="test_external_oracle_is_outside_agent_working_tree" time="0.004" /><testcase classname="tests.test_external_calculator_oracle" name="test_agent_test_modification_cannot_change_external_oracle_hash" time="0.005" /><testcase classname="tests.test_external_calculator_oracle" name="test_validation_tree_uses_only_allowed_agent_changes" time="0.008" /><testcase classname="tests.test_external_calculator_oracle" name="test_correct_allowed_patch_passes_immutable_oracle" time="0.794" /><testcase classname="tests.test_external_calculator_oracle" name="test_incorrect_allowed_patch_fails_immutable_oracle" time="0.514" /><testcase classname="tests.test_external_calculator_oracle" name="test_test_only_change_cannot_create_authoritative_pass" time="0.832" /><testcase classname="tests.test_final_experiment" name="test_fixed_external_manifest_generates_complete_deterministic_matrix" time="0.049" /><testcase classname="tests.test_final_experiment" name="test_additional_conditions_come_from_the_manifest" time="0.027" /><testcase classname="tests.test_final_experiment" name="test_additional_non_memory_control_does_not_require_a_fake_memory" time="0.025" /><testcase classname="tests.test_final_experiment" name="test_atomic_id_changes_with_relevant_memory_or_task_hash" time="0.039" /><testcase classname="tests.test_final_experiment" name="test_atomic_id_binds_runtime_and_evaluator_identity[&lt;lambda&gt;0]" time="0.035" /><testcase classname="tests.test_final_experiment" name="test_atomic_id_binds_runtime_and_evaluator_identity[&lt;lambda&gt;1]" time="0.034" /><testcase classname="tests.test_final_experiment" name="test_atomic_id_binds_runtime_and_evaluator_identity[&lt;lambda&gt;2]" time="0.034" /><testcase classname="tests.test_final_experiment" name="test_atomic_id_binds_runtime_and_evaluator_identity[&lt;lambda&gt;3]" time="0.037" /><testcase classname="tests.test_final_experiment" name="test_atomic_id_binds_runtime_and_evaluator_identity[&lt;lambda&gt;4]" time="0.036" /><testcase classname="tests.test_final_experiment" name="test_atomic_id_binds_runtime_and_evaluator_identity[&lt;lambda&gt;5]" time="0.035" /><testcase classname="tests.test_final_experiment" name="test_qualified_model_profiles_share_dimensions_but_have_distinct_run_ids" time="0.017" /><testcase classname="tests.test_final_experiment" name="test_manifest_rejects_incomplete_or_unfrozen_dimensions[&lt;lambda&gt;-exactly six]" time="0.001" /><testcase classname="tests.test_final_experiment" name="test_manifest_rejects_incomplete_or_unfrozen_dimensions[&lt;lambda&gt;-unique]" time="0.001" /><testcase classname="tests.test_final_experiment" name="test_manifest_rejects_incomplete_or_unfrozen_dimensions[&lt;lambda&gt;-required conditions]" time="0.001" /><testcase classname="tests.test_final_experiment" name="test_manifest_rejects_incomplete_or_unfrozen_dimensions[&lt;lambda&gt;-exactly the declared conditions]" time="0.001" /><testcase classname="tests.test_final_experiment" name="test_manifest_rejects_incomplete_or_unfrozen_dimensions[&lt;lambda&gt;-NO_MEMORY must not require memory]" time="0.001" /><testcase classname="tests.test_final_experiment" name="test_manifest_rejects_incomplete_or_unfrozen_dimensions[&lt;lambda&gt;-SOURCE_CORRECT_MEMORY must require memory]" time="0.001" /><testcase classname="tests.test_final_experiment" name="test_manifest_rejects_incomplete_or_unfrozen_dimensions[&lt;lambda&gt;-one seed per repetition]" time="0.001" /><testcase classname="tests.test_final_experiment" name="test_manifest_rejects_incomplete_or_unfrozen_dimensions[&lt;lambda&gt;-64 lowercase0]" time="0.001" /><testcase classname="tests.test_final_experiment" name="test_manifest_rejects_incomplete_or_unfrozen_dimensions[&lt;lambda&gt;-does not match]" time="0.001" /><testcase classname="tests.test_final_experiment" name="test_manifest_rejects_incomplete_or_unfrozen_dimensions[&lt;lambda&gt;-64 lowercase1]" time="0.001" /><testcase classname="tests.test_final_experiment" name="test_manifest_rejects_incomplete_or_unfrozen_dimensions[&lt;lambda&gt;-tptm_provenance must be an object]" time="0.001" /><testcase classname="tests.test_final_experiment" name="test_manifest_rejects_incomplete_or_unfrozen_dimensions[&lt;lambda&gt;-task_specification must be an object]" time="0.001" /><testcase classname="tests.test_final_experiment" name="test_manifest_rejects_incomplete_or_unfrozen_dimensions[&lt;lambda&gt;-finalizer must be an object]" time="0.001" /><testcase classname="tests.test_final_experiment" name="test_manifest_rejects_incomplete_or_unfrozen_dimensions[&lt;lambda&gt;-conditions absent from the manifest]" time="0.001" /><testcase classname="tests.test_final_experiment" name="test_manifest_purpose_and_freeze_are_fail_closed" time="0.003" /><testcase classname="tests.test_final_experiment" name="test_existing_manifest_retains_exact_six_default" time="0.023" /><testcase classname="tests.test_final_experiment" name="test_deadline_bounded_partial_accepts_one_to_three_real_families[1]" time="0.001" /><testcase classname="tests.test_final_experiment" name="test_deadline_bounded_partial_accepts_one_to_three_real_families[2]" time="0.001" /><testcase classname="tests.test_final_experiment" name="test_deadline_bounded_partial_accepts_one_to_three_real_families[3]" time="0.001" /><testcase classname="tests.test_final_experiment" name="test_deadline_bounded_partial_rejects_counts_outside_one_to_three[0]" time="0.001" /><testcase classname="tests.test_final_experiment" name="test_deadline_bounded_partial_rejects_counts_outside_one_to_three[4]" time="0.001" /><testcase classname="tests.test_final_experiment" name="test_partial_production_without_explicit_amendment_is_rejected" time="0.001" /><testcase classname="tests.test_final_experiment" name="test_synthetic_family_cannot_satisfy_partial_production_count" time="0.001" /><testcase classname="tests.test_final_experiment" name="test_partial_matrix_cardinality_remains_the_cartesian_product" time="0.005" /><testcase classname="tests.test_final_experiment" name="test_amendment_hash_changes_manifest_and_atomic_run_identity" time="0.009" /><testcase classname="tests.test_final_experiment" name="test_amendment_methodology_record_is_canonical_and_hash_frozen" time="0.001" /><testcase classname="tests.test_final_experiment" name="test_fixed_external_forbids_model_generation_provenance" time="0.001" /><testcase classname="tests.test_final_experiment" name="test_per_model_memory_requires_exact_profiles_revisions_and_seeds" time="0.021" /><testcase classname="tests.test_final_experiment" name="test_canonical_loader_verifies_exact_hash_and_rejects_overwrite" time="0.011" /><testcase classname="tests.test_final_experiment" name="test_matrix_validation_detects_identity_tampering" time="0.018" /><testcase classname="tests.test_final_experiment" name="test_matrix_generation_rejects_an_unrelated_supplied_manifest_hash" time="0.001" /><testcase classname="tests.test_final_experiment" name="test_matrix_validation_requires_complete_canonical_cartesian_order" time="0.073" /><testcase classname="tests.test_final_experiment" name="test_matrix_validation_rejects_copied_memory_tampering" time="0.018" /><testcase classname="tests.test_final_experiment" name="test_matrix_must_be_the_exact_expansion_of_its_manifest" time="0.070" /><testcase classname="tests.test_final_experiment" name="test_shared_context_keeps_treatment_out_of_the_model_adapter" time="0.057" /><testcase classname="tests.test_final_experiment" name="test_resume_classification_preserves_interrupted_attempts" time="0.054" /><testcase classname="tests.test_final_experiment" name="test_attempt_reservation_is_immutable_and_refuses_completed_runs" time="0.054" /><testcase classname="tests.test_final_experiment" name="test_attempt_reservation_accepts_only_job_bound_array_attempt_ids" time="0.027" /><testcase classname="tests.test_final_experiment" name="test_attempt_identity_mismatch_is_not_treated_as_resumable" time="0.022" /><testcase classname="tests.test_final_experiment" name="test_objective_aggregation_reports_run_condition_family_and_model" time="0.061" /><testcase classname="tests.test_final_experiment" name="test_matrix_and_aggregation_clis_are_exclusive_and_restartable" time="0.481" /><testcase classname="tests.test_final_experiment" name="test_matrix_cli_rejects_synthetic_input_without_diagnostic_flag" time="0.102" /><testcase classname="tests.test_final_experiment" name="test_matrix_cli_requires_expected_hash_for_production_mode" time="0.135" /><testcase classname="tests.test_final_model_runtime" name="test_scientific_binding_is_exclusive_canonical_and_invocation_bound" time="0.008" /><testcase classname="tests.test_final_model_runtime" name="test_tampered_policy_prevents_service_and_agent_launch" time="0.006" /><testcase classname="tests.test_final_model_runtime" name="test_shared_runtime_rejects_nonfrozen_step_limit_before_service" time="0.007" /><testcase classname="tests.test_final_model_runtime" name="test_shared_mini_swe_runtime_reuses_frozen_wrapper_and_classifies" time="0.058" /><testcase classname="tests.test_final_model_runtime" name="test_shared_terminal_mapping[Submitted-execution0-SUCCESS-True]" time="0.001" /><testcase classname="tests.test_final_model_runtime" name="test_shared_terminal_mapping[CONTEXT_BUDGET_EXHAUSTED-execution1-CONTEXT_EXHAUSTION-True]" time="0.001" /><testcase classname="tests.test_final_model_runtime" name="test_shared_terminal_mapping[LimitsExceeded-execution2-STEP_LIMIT-True]" time="0.001" /><testcase classname="tests.test_final_model_runtime" name="test_shared_terminal_mapping[TimeExceeded-execution3-TIMEOUT-True]" time="0.001" /><testcase classname="tests.test_final_model_runtime" name="test_shared_terminal_mapping[REPEATED_POLICY_VIOLATION-execution4-COMMAND_AUTHORIZATION_REJECTION-True]" time="0.001" /><testcase classname="tests.test_final_model_runtime" name="test_shared_terminal_mapping[FORMAT_ERROR_LIMIT-execution5-MALFORMED_MODEL_RESPONSE-True]" time="0.001" /><testcase classname="tests.test_final_model_runtime" name="test_shared_terminal_mapping[REPEATED_INVALID_ACTION-execution6-PARSER_REJECTION-True]" time="0.001" /><testcase classname="tests.test_final_model_runtime" name="test_shared_terminal_mapping[TransportConnectionError-execution7-MODEL_SERVER_FAILURE-False]" time="0.001" /><testcase classname="tests.test_final_model_runtime" name="test_shared_terminal_mapping[STAGNATION_LIMIT-execution8-OTHER_TERMINAL_STATE-True]" time="0.001" /><testcase classname="tests.test_final_model_runtime" name="test_shared_terminal_mapping[-execution9-TIMEOUT-False]" time="0.001" /><testcase classname="tests.test_final_model_runtime" name="test_qwen_service_uses_exact_profile_argv_and_attempt_local_evidence" time="0.022" /><testcase classname="tests.test_final_model_runtime" name="test_partial_qwen_startup_preserves_failure_and_cleans_runtime" time="0.013" /><testcase classname="tests.test_final_model_runtime" name="test_devstral_service_uses_qualified_profile_command_and_shared_lifecycle" time="0.021" /><testcase classname="tests.test_final_model_runtime" name="test_long_attestation_does_not_consume_post_launch_health_budget" time="0.038" /><testcase classname="tests.test_final_model_runtime" name="test_post_popen_health_loop_receives_full_fixed_budget" time="0.017" /><testcase classname="tests.test_final_model_runtime" name="test_successful_popen_always_allows_a_health_probe_after_long_prelaunch" time="0.022" /><testcase classname="tests.test_final_model_runtime" name="test_attestation_failure_prevents_popen_health_and_models" time="0.013" /><testcase classname="tests.test_final_model_runtime" name="test_devstral_runtime_requires_current_verifier_ready_and_exact_identities" time="0.001" /><testcase classname="tests.test_final_model_runtime" name="test_devstral_runtime_attestor_reruns_repository_verifier_before_server" time="0.010" /><testcase classname="tests.test_final_model_runtime" name="test_array_attempts_receive_distinct_deterministic_bounded_ports" time="0.001" /><testcase classname="tests.test_final_model_runtime" name="test_gpu_gate_uses_two_visible_torch_a100s_not_all_physical_gpus" time="0.001" /><testcase classname="tests.test_final_model_runtime" name="test_gpu_probe_timeout_is_preserved_as_structured_evidence" time="0.001" /><testcase classname="tests.test_final_model_runtime" name="test_outer_attestation_timeout_is_preserved_as_structured_evidence" time="0.010" /><testcase classname="tests.test_final_model_runtime" name="test_model_and_scientific_registries_are_ready" time="0.003" /><testcase classname="tests.test_final_reporting" name="test_analysis_report_keeps_incomplete_inventory_visible" time="0.054" /><testcase classname="tests.test_final_reporting" name="test_analysis_report_extracts_only_objective_terminal_fields" time="0.120" /><testcase classname="tests.test_final_reporting" name="test_require_complete_fails_before_writing_partial_table" time="0.046" /><testcase classname="tests.test_final_reporting" name="test_paired_outputs_are_deterministic_and_exclusive" time="0.066" /><testcase classname="tests.test_final_reporting" name="test_aggregation_cli_writes_json_and_csv_without_omitting_runs" time="0.175" /><testcase classname="tests.test_final_run_worker" name="test_real_worker_preflight_is_read_only_and_fails_closed_without_bindings" time="0.108" /><testcase classname="tests.test_final_run_worker" name="test_real_worker_preflight_passes_only_with_exact_registered_components" time="0.109" /><testcase classname="tests.test_final_run_worker" name="test_synthetic_flag_cannot_execute_or_reserve_an_attempt" time="0.032" /><testcase classname="tests.test_final_run_worker" name="test_qwen_step_limit_mismatch_fails_before_attempt_reservation" time="0.107" /><testcase classname="tests.test_final_runner" name="test_shared_path_owns_treatment_evaluators_and_total_finalization" time="0.076" /><testcase classname="tests.test_final_runner" name="test_every_model_terminal_state_produces_machine_readable_total_artifacts[SUCCESS]" time="0.074" /><testcase classname="tests.test_final_runner" name="test_every_model_terminal_state_produces_machine_readable_total_artifacts[MODEL_SERVER_FAILURE]" time="0.070" /><testcase classname="tests.test_final_runner" name="test_every_model_terminal_state_produces_machine_readable_total_artifacts[MALFORMED_MODEL_RESPONSE]" time="0.071" /><testcase classname="tests.test_final_runner" name="test_every_model_terminal_state_produces_machine_readable_total_artifacts[PARSER_REJECTION]" time="0.072" /><testcase classname="tests.test_final_runner" name="test_every_model_terminal_state_produces_machine_readable_total_artifacts[COMMAND_AUTHORIZATION_REJECTION]" time="0.063" /><testcase classname="tests.test_final_runner" name="test_every_model_terminal_state_produces_machine_readable_total_artifacts[CONTEXT_EXHAUSTION]" time="0.073" /><testcase classname="tests.test_final_runner" name="test_every_model_terminal_state_produces_machine_readable_total_artifacts[STEP_LIMIT]" time="0.073" /><testcase classname="tests.test_final_runner" name="test_every_model_terminal_state_produces_machine_readable_total_artifacts[TIMEOUT]" time="0.070" /><testcase classname="tests.test_final_runner" name="test_every_model_terminal_state_produces_machine_readable_total_artifacts[FUNCTIONALITY_TEST_FAILURE]" time="0.070" /><testcase classname="tests.test_final_runner" name="test_every_model_terminal_state_produces_machine_readable_total_artifacts[OTHER_TERMINAL_STATE]" time="0.072" /><testcase classname="tests.test_final_runner" name="test_functionality_failure_is_a_completed_objective_model_outcome" time="0.087" /><testcase classname="tests.test_final_runner" name="test_recoverable_evaluator_failure_still_runs_witness_and_finalizer" time="0.096" /><testcase classname="tests.test_final_runner" name="test_evaluator_failure_does_not_mask_the_primary_model_failure" time="0.098" /><testcase classname="tests.test_final_runner" name="test_genuine_startup_failure_remains_technical_invalid_and_finalizes" time="0.109" /><testcase classname="tests.test_final_runner" name="test_pre_agent_failure_still_finalizes_and_preserves_logs[True-False-REPOSITORY_SETUP_FAILURE]" time="0.089" /><testcase classname="tests.test_final_runner" name="test_pre_agent_failure_still_finalizes_and_preserves_logs[False-True-TREATMENT_APPLICATION_FAILURE]" time="0.094" /><testcase classname="tests.test_final_runner" name="test_attempt_evidence_is_never_overwritten" time="0.065" /><testcase classname="tests.test_final_runner" name="test_shared_runner_consumes_a_pending_atomic_reservation" time="0.075" /><testcase classname="tests.test_final_runner" name="test_terminal_inventory_covers_every_required_failure_class" time="0.000" /><testcase classname="tests.test_final_submission" name="test_model_specific_array_excludes_completed_and_restarts_interrupted" time="0.091" /><testcase classname="tests.test_final_submission" name="test_production_planner_rejects_synthetic_fixture_without_diagnostic_flag" time="0.028" /><testcase classname="tests.test_final_submission" name="test_frozen_loader_rejects_synthetic_manifest_and_requires_exact_hashes" time="0.034" /><testcase classname="tests.test_final_submission" name="test_plan_persistence_selection_and_array_command_are_exact" time="0.046" /><testcase classname="tests.test_final_submission" name="test_every_eligible_run_receives_a_preserved_read_only_runner_preflight" time="0.241" /><testcase classname="tests.test_final_submission" name="test_any_runner_preflight_failure_blocks_the_aggregate_gate" time="0.221" /><testcase classname="tests.test_final_submission" name="test_static_array_worker_fixes_cluster_resources_and_shared_runner_contract" time="0.001" /><testcase classname="tests.test_final_submission" name="test_synthetic_diagnostic_dry_run_makes_no_writes_or_scheduler_call" time="2.300" /><testcase classname="tests.test_final_submission" name="test_qualified_devstral_uses_shared_array_dry_run_without_submission" time="0.683" /><testcase classname="tests.test_finalizer_robustness_cpu_job" name="test_targeted_gate_covers_finalizer_and_existing_controls" time="0.000" /><testcase classname="tests.test_finalizer_robustness_cpu_job" name="test_driver_accepts_wrapper_precreated_artifact_directory" time="0.001" /><testcase classname="tests.test_finalizer_robustness_cpu_job" name="test_staged_finalizer_gate_is_strict_attested_and_cpu_only" time="121.556" /><testcase classname="tests.test_guided_backend" name="test_qwen32b_command_explicitly_selects_only_lm_format_enforcer" time="0.000" /><testcase classname="tests.test_guided_backend" name="test_qwen32b_command_retains_frozen_load_configuration" time="0.000" /><testcase classname="tests.test_guided_backend" name="test_correction_changes_only_backend_selection_for_job_25042" time="0.001" /><testcase classname="tests.test_guided_backend" name="test_minimal_request_schema_has_no_guidance_fields" time="0.000" /><testcase classname="tests.test_guided_backend" name="test_generated_plan_records_backend_command_request_and_offline_mode" time="0.002" /><testcase classname="tests.test_guided_backend" name="test_lm_format_enforcer_normal_path_survives_broken_outlines_import" time="16.477" /><testcase classname="tests.test_guided_backend" name="test_job_25042_traceback_is_guided_backend_dependency_failure" time="0.001" /><testcase classname="tests.test_hardened_agent_runtime" name="test_hardened_agent_intercepts_actions_before_environment_execution" time="0.312" /><testcase classname="tests.test_httpx_backend" name="test_real_frozen_package_runs_shared_lifecycle[NO_MEMORY]" time="0.017"><failure message="cmpilot.mcp_pinot_backend.MCPPinotBackendError: family package compatible_repository path hash mismatch">tmp_path = PosixPath('/tmp/pytest-of-s224049759/pytest-764/test_real_frozen_package_runs_0')
condition = 'NO_MEMORY'

    @pytest.mark.parametrize("condition", [NO_MEMORY, SOURCE_CORRECT_MEMORY])
    def test_real_frozen_package_runs_shared_lifecycle(
        tmp_path: Path, condition: str
    ) -&gt; None:
        context = _context(PACKAGE, condition)
        request = _request(context, tmp_path)
&gt;       backend = HTTPXScientificOperations(
            context, package_root=PACKAGE, evaluator_python=Path(sys.executable)
        )

tests/test_httpx_backend.py:123: 
_ _ _ _ _ _ _ _ _ _ _ _ _ _ _ _ _ _ _ _ _ _ _ _ _ _ _ _ _ _ _ _ _ _ _ _ _ _ _ _ 
src/cmpilot/httpx_backend.py:57: in __init__
    super().__init__(
src/cmpilot/mcp_pinot_backend.py:160: in __init__
    self._validate_package_inputs()
src/cmpilot/httpx_backend.py:106: in _validate_package_inputs
    self._validate_all_declared_input_hashes()
_ _ _ _ _ _ _ _ _ _ _ _ _ _ _ _ _ _ _ _ _ _ _ _ _ _ _ _ _ _ _ _ _ _ _ _ _ _ _ _ 

self = &lt;cmpilot.httpx_backend.HTTPXScientificOperations object at 0x7f12286043e0&gt;

    def _validate_all_declared_input_hashes(self) -&gt; None:
        """Verify every path/hash pair bound by the package manifest."""
        inputs = _mapping(self.package.get("inputs"), "family package inputs")
        path_hash_keys = (
            ("path", "sha256"),
            ("manifest_path", "manifest_sha256"),
            ("support_path", "support_sha256"),
            ("status_path", "status_sha256"),
            ("provenance_path", "provenance_sha256"),
            ("faithful_reuse_path", "faithful_reuse_sha256"),
            ("safe_control_path", "safe_control_sha256"),
            ("safe_control_patch_path", "safe_control_patch_sha256"),
        )
        for input_name, raw_record in inputs.items():
            record = _mapping(raw_record, f"family package inputs.{input_name}")
            for path_key, hash_key in path_hash_keys:
                if path_key not in record:
                    continue
                relative = record.get(path_key)
                expected_sha256 = record.get(hash_key)
                if relative is None and expected_sha256 is None:
                    continue
                if not isinstance(relative, str) or not isinstance(
                    expected_sha256, str
                ):
                    raise MCPPinotBackendError(
                        f"family package {input_name} {path_key}/{hash_key} "
                        "must be strings or paired nulls"
                    )
                path = self._fixed_path(relative)
                observed_sha256 = (
                    repository_content_digest(path).sha256
                    if path.is_dir()
                    else sha256_file(path)
                )
                if observed_sha256 != expected_sha256:
&gt;                   raise MCPPinotBackendError(
                        f"family package {input_name} {path_key} hash mismatch"
                    )
E                   cmpilot.mcp_pinot_backend.MCPPinotBackendError: family package compatible_repository path hash mismatch

src/cmpilot/mcp_pinot_backend.py:264: MCPPinotBackendError</failure></testcase><testcase classname="tests.test_httpx_backend" name="test_real_frozen_package_runs_shared_lifecycle[SOURCE_CORRECT_MEMORY]" time="0.015"><failure message="cmpilot.mcp_pinot_backend.MCPPinotBackendError: family package compatible_repository path hash mismatch">tmp_path = PosixPath('/tmp/pytest-of-s224049759/pytest-764/test_real_frozen_package_runs_1')
condition = 'SOURCE_CORRECT_MEMORY'

    @pytest.mark.parametrize("condition", [NO_MEMORY, SOURCE_CORRECT_MEMORY])
    def test_real_frozen_package_runs_shared_lifecycle(
        tmp_path: Path, condition: str
    ) -&gt; None:
        context = _context(PACKAGE, condition)
        request = _request(context, tmp_path)
&gt;       backend = HTTPXScientificOperations(
            context, package_root=PACKAGE, evaluator_python=Path(sys.executable)
        )

tests/test_httpx_backend.py:123: 
_ _ _ _ _ _ _ _ _ _ _ _ _ _ _ _ _ _ _ _ _ _ _ _ _ _ _ _ _ _ _ _ _ _ _ _ _ _ _ _ 
src/cmpilot/httpx_backend.py:57: in __init__
    super().__init__(
src/cmpilot/mcp_pinot_backend.py:160: in __init__
    self._validate_package_inputs()
src/cmpilot/httpx_backend.py:106: in _validate_package_inputs
    self._validate_all_declared_input_hashes()
_ _ _ _ _ _ _ _ _ _ _ _ _ _ _ _ _ _ _ _ _ _ _ _ _ _ _ _ _ _ _ _ _ _ _ _ _ _ _ _ 

self = &lt;cmpilot.httpx_backend.HTTPXScientificOperations object at 0x7f1228644da0&gt;

    def _validate_all_declared_input_hashes(self) -&gt; None:
        """Verify every path/hash pair bound by the package manifest."""
        inputs = _mapping(self.package.get("inputs"), "family package inputs")
        path_hash_keys = (
            ("path", "sha256"),
            ("manifest_path", "manifest_sha256"),
            ("support_path", "support_sha256"),
            ("status_path", "status_sha256"),
            ("provenance_path", "provenance_sha256"),
            ("faithful_reuse_path", "faithful_reuse_sha256"),
            ("safe_control_path", "safe_control_sha256"),
            ("safe_control_patch_path", "safe_control_patch_sha256"),
        )
        for input_name, raw_record in inputs.items():
            record = _mapping(raw_record, f"family package inputs.{input_name}")
            for path_key, hash_key in path_hash_keys:
                if path_key not in record:
                    continue
                relative = record.get(path_key)
                expected_sha256 = record.get(hash_key)
                if relative is None and expected_sha256 is None:
                    continue
                if not isinstance(relative, str) or not isinstance(
                    expected_sha256, str
                ):
                    raise MCPPinotBackendError(
                        f"family package {input_name} {path_key}/{hash_key} "
                        "must be strings or paired nulls"
                    )
                path = self._fixed_path(relative)
                observed_sha256 = (
                    repository_content_digest(path).sha256
                    if path.is_dir()
                    else sha256_file(path)
                )
                if observed_sha256 != expected_sha256:
&gt;                   raise MCPPinotBackendError(
                        f"family package {input_name} {path_key} hash mismatch"
                    )
E                   cmpilot.mcp_pinot_backend.MCPPinotBackendError: family package compatible_repository path hash mismatch

src/cmpilot/mcp_pinot_backend.py:264: MCPPinotBackendError</failure></testcase><testcase classname="tests.test_httpx_backend" name="test_registry_binds_exact_httpx_builder" time="0.000"><failure message="KeyError: 'httpx-v1'">def test_registry_binds_exact_httpx_builder() -&gt; None:
&gt;       assert SCIENTIFIC_BACKENDS[HTTPX_BACKEND_ID] is build_httpx_backend
               ^^^^^^^^^^^^^^^^^^^^^^^^^^^^^^^^^^^^^
E       KeyError: 'httpx-v1'

tests/test_httpx_backend.py:143: KeyError</failure></testcase><testcase classname="tests.test_httpx_backend" name="test_task_environment_hash_tamper_is_rejected" time="0.176" /><testcase classname="tests.test_httpx_construction_gate" name="test_exact_selection_provenance_is_imported_byte_for_byte" time="0.022" /><testcase classname="tests.test_httpx_construction_gate" name="test_exact_snapshots_reconstruct_authoritative_trees" time="0.021"><failure message="AssertionError: assert '18fefde9b3bc...ff17da9b9ad29' == 'b74f708e9307...6ede875860223'&#10;  &#10;  - b74f708e93079dac477cadf19456ede875860223&#10;  + 18fefde9b3bcb2c53a35b6b854cff17da9b9ad29">def test_exact_snapshots_reconstruct_authoritative_trees() -&gt; None:
        provenance = _object("provenance/upstream-snapshot-provenance.json")
        records = provenance["snapshots"]
        assert isinstance(records, dict)
        for name in ("source", "compatible", "invalidated"):
            record = records[name]
            assert isinstance(record, dict)
            repository = FAMILY / "repositories" / name
            observed = snapshot_identity(repository)
&gt;           assert observed["git_tree_sha"] == record["tree_sha"]
E           AssertionError: assert '18fefde9b3bc...ff17da9b9ad29' == 'b74f708e9307...6ede875860223'
E             
E             - b74f708e93079dac477cadf19456ede875860223
E             + 18fefde9b3bcb2c53a35b6b854cff17da9b9ad29

tests/test_httpx_construction_gate.py:67: AssertionError</failure></testcase><testcase classname="tests.test_httpx_construction_gate" name="test_frozen_p_star_transition_executes" time="0.214" /><testcase classname="tests.test_httpx_construction_gate" name="test_memory_chronology_and_grounding_are_frozen" time="0.001" /><testcase classname="tests.test_httpx_construction_gate" name="test_faithful_reference_has_required_pass_fail_contrast" time="0.142" /><testcase classname="tests.test_httpx_construction_gate" name="test_safe_control_has_required_pass_pass_contrast" time="0.196" /><testcase classname="tests.test_job_25642_forensics" name="test_job_25642_forensics_confirm_all_three_technical_defects" time="0.034" /><testcase classname="tests.test_job_25642_replay" name="test_exact_job_25642_combined_replay" time="1.306" /><testcase classname="tests.test_job_25692_forensics" name="test_visible_calculator_tests_are_pytest_style_and_frozen" time="0.001" /><testcase classname="tests.test_job_25692_forensics" name="test_exact_job_25692_command_matrix_is_model_command_choice" time="1.167"><failure message="AssertionError: assert 'VISIBLE_TEST...CUTION_DEFECT' == 'MODEL_TEST_COMMAND_CHOICE'&#10;  &#10;  - MODEL_TEST_COMMAND_CHOICE&#10;  + VISIBLE_TEST_EXECUTION_DEFECT">tmp_path = PosixPath('/tmp/pytest-of-s224049759/pytest-764/test_exact_job_25692_command_m0')

    def test_exact_job_25692_command_matrix_is_model_command_choice(
        tmp_path: Path,
    ) -&gt; None:
        source_hash_before = hashlib.sha256(
            (SOURCE / "test_calculator.py").read_bytes()
        ).hexdigest()
        working_copy, _ = prepare_working_copy(
            SOURCE,
            destination=tmp_path / "working-copy",
            task_policy=calculator_task_policy(),
        )
        (working_copy / "calculator.py").write_text(
            "def add(a, b):\n    return a + b\n", encoding="utf-8", newline="\n"
        )
    
        result = run_visible_test_investigation(
            working_copy=working_copy,
            output_directory=tmp_path / "investigation",
            agent_python=Path(sys.executable),
            baseline_python=Path(sys.executable),
        )
    
&gt;       assert result["classification"] == MODEL_TEST_COMMAND_CHOICE
E       AssertionError: assert 'VISIBLE_TEST...CUTION_DEFECT' == 'MODEL_TEST_COMMAND_CHOICE'
E         
E         - MODEL_TEST_COMMAND_CHOICE
E         + VISIBLE_TEST_EXECUTION_DEFECT

tests/test_job_25692_forensics.py:64: AssertionError</failure></testcase><testcase classname="tests.test_job_25692_forensics" name="test_job_25692_retrospective_preserves_separate_dimensions" time="0.072" /><testcase classname="tests.test_mcp_pinot_backend" name="test_setup_applies_policy_and_uses_deterministic_git" time="0.135" /><testcase classname="tests.test_mcp_pinot_backend" name="test_treatment_rendering_and_scientific_binding[NO_MEMORY]" time="0.135" /><testcase classname="tests.test_mcp_pinot_backend" name="test_treatment_rendering_and_scientific_binding[SOURCE_CORRECT_MEMORY]" time="0.137" /><testcase classname="tests.test_mcp_pinot_backend" name="test_memory_identity_mismatch_is_rejected_before_rendering" time="0.127" /><testcase classname="tests.test_mcp_pinot_backend" name="test_evaluators_capture_patch_integrity_and_cleanup" time="0.353" /><testcase classname="tests.test_mcp_pinot_backend" name="test_shared_runner_uses_stub_model_with_mcp_backend" time="0.455" /><testcase classname="tests.test_mcp_pinot_backend" name="test_package_or_oracle_tampering_is_rejected" time="0.138" /><testcase classname="tests.test_mcp_pinot_backend" name="test_declared_evaluator_support_tampering_is_rejected_before_setup" time="0.005" /><testcase classname="tests.test_mcp_pinot_backend" name="test_registry_and_production_builder_fail_closed" time="0.091" /><testcase classname="tests.test_mcp_pinot_backend" name="test_task_environment_hash_tamper_is_rejected" time="0.004" /><testcase classname="tests.test_mcp_pinot_family_validation" name="test_reference_contrast_and_source_memory_admit_final_freeze" time="1.819" /><testcase classname="tests.test_mcp_pinot_family_validation" name="test_digest_tamper_is_rejected[repositories/invalidated/README.md]" time="1.842" /><testcase classname="tests.test_mcp_pinot_family_validation" name="test_digest_tamper_is_rejected[oracles/functional/evaluate.py]" time="1.831" /><testcase classname="tests.test_mcp_pinot_family_validation" name="test_safe_reference_must_establish_the_frozen_contrast" time="1.806" /><testcase classname="tests.test_mcp_pinot_family_validation" name="test_repeated_validation_is_canonical_and_deterministic" time="3.600" /><testcase classname="tests.test_mcp_pinot_family_validation" name="test_oracles_witness_and_references_are_outside_agent_repositories" time="1.830" /><testcase classname="tests.test_mcp_pinot_family_validation" name="test_result_and_freeze_manifest_are_written_canonically" time="1.820" /><testcase classname="tests.test_mini_swe_adapter" name="test_mini_swe_info_accepts_exact_distribution_version_with_metadata_query" time="0.001" /><testcase classname="tests.test_mini_swe_adapter" name="test_mini_swe_info_rejects_a_different_distribution_version" time="0.001" /><testcase classname="tests.test_mini_swe_adapter" name="test_mini_swe_info_reports_a_missing_distribution" time="0.001" /><testcase classname="tests.test_mini_swe_adapter" name="test_mini_swe_info_reports_a_nonzero_metadata_query" time="0.001" /><testcase classname="tests.test_mini_swe_adapter" name="test_mini_swe_info_rejects_empty_or_malformed_version_output[]" time="0.001" /><testcase classname="tests.test_mini_swe_adapter" name="test_mini_swe_info_rejects_empty_or_malformed_version_output[mini-SWE-agent 2.4.6\n]" time="0.001" /><testcase classname="tests.test_mini_swe_adapter" name="test_mini_swe_info_rejects_empty_or_malformed_version_output[2.4.6\nextra]" time="0.001" /><testcase classname="tests.test_mini_swe_adapter" name="test_adapter_matches_the_shipped_text_action_config_and_smoke_limits" time="0.000" /><testcase classname="tests.test_mini_swe_adapter" name="test_adapter_uses_strict_config_boundary_before_agent_initialization" time="0.000" /><testcase classname="tests.test_mini_swe_adapter" name="test_write_adapter_preserves_the_canonical_runtime_helper" time="0.002" /><testcase classname="tests.test_mini_swe_config" name="test_validate_plain_data_accepts_supported_primitive_configuration" time="0.000" /><testcase classname="tests.test_mini_swe_config" name="test_path_and_tuple_are_explicitly_converted" time="0.000" /><testcase classname="tests.test_mini_swe_config" name="test_enum_and_dataclass_are_explicitly_converted" time="0.001" /><testcase classname="tests.test_mini_swe_config" name="test_pydantic_model_is_converted_without_a_cmpilot_dependency" time="0.199" /><testcase classname="tests.test_mini_swe_config" name="test_unsupported_object_reports_exact_nested_path_and_type" time="0.001" /><testcase classname="tests.test_mini_swe_config" name="test_non_finite_float_is_rejected[nan]" time="0.001" /><testcase classname="tests.test_mini_swe_config" name="test_non_finite_float_is_rejected[inf]" time="0.001" /><testcase classname="tests.test_mini_swe_config" name="test_non_finite_float_is_rejected[-inf]" time="0.001" /><testcase classname="tests.test_mini_swe_config" name="test_json_round_trip_is_valid_and_deterministic" time="0.001" /><testcase classname="tests.test_mini_swe_config" name="test_yaml_safe_round_trip_uses_only_plain_data" time="0.073" /><testcase classname="tests.test_mini_swe_config" name="test_mini_swe_config_generation_uses_only_supported_sections" time="0.001" /><testcase classname="tests.test_mini_swe_config" name="test_unknown_mini_swe_fields_are_rejected_instead_of_silently_discarded" time="0.001" /><testcase classname="tests.test_mini_swe_config" name="test_secrets_are_not_written_and_max_tokens_is_not_a_secret" time="0.002" /><testcase classname="tests.test_mini_swe_config" name="test_public_command_authorization_policy_metadata_is_not_a_credential" time="0.000" /><testcase classname="tests.test_mini_swe_config" name="test_direct_model_rejects_context_policy_changes" time="0.288" /><testcase classname="tests.test_mini_swe_config" name="test_secret_wrapper_is_rejected" time="0.001" /><testcase classname="tests.test_mini_swe_smoke_evidence" name="test_agent_config_has_exact_limits_without_endpoint_metadata" time="0.001" /><testcase classname="tests.test_mini_swe_smoke_evidence" name="test_gpu_evidence_reports_peak_observed_memory" time="0.002" /><testcase classname="tests.test_mini_swe_smoke_evidence" name="test_job_24703_like_post_server_failure_is_not_infrastructure" time="0.002" /><testcase classname="tests.test_multiturn_preflight" name="test_direct_model_loads_through_mini_full_import_path" time="0.304" /><testcase classname="tests.test_multiturn_preflight" name="test_installed_mini_swe_source_manifest_is_unchanged" time="0.103" /><testcase classname="tests.test_multiturn_preflight" name="test_deterministic_multiturn_preflight_runs_exact_adapter" time="3.069" /><testcase classname="tests.test_multiturn_preflight_batch" name="test_multiturn_batch_is_cpu_only_and_uses_absolute_interpreters" time="0.001" /><testcase classname="tests.test_multiturn_preflight_batch" name="test_multiturn_batch_uses_metadata_inventory_and_exact_preflight" time="0.001" /><testcase classname="tests.test_onnx_backend" name="test_setup_applies_policy_and_uses_deterministic_git" time="0.139" /><testcase classname="tests.test_onnx_backend" name="test_treatment_rendering_and_scientific_binding[NO_MEMORY]" time="0.154" /><testcase classname="tests.test_onnx_backend" name="test_treatment_rendering_and_scientific_binding[SOURCE_CORRECT_MEMORY]" time="0.139" /><testcase classname="tests.test_onnx_backend" name="test_memory_identity_mismatch_is_rejected_before_rendering" time="0.138" /><testcase classname="tests.test_onnx_backend" name="test_evaluators_capture_patch_integrity_and_cleanup" time="0.355" /><testcase classname="tests.test_onnx_backend" name="test_missing_or_malformed_final_result_is_technical_invalid[-missing final evaluator JSON result record]" time="0.137" /><testcase classname="tests.test_onnx_backend" name="test_missing_or_malformed_final_result_is_technical_invalid[Using cached MNIST model from /controlled/cache/model.onnx\n-missing final evaluator JSON result record]" time="0.133" /><testcase classname="tests.test_onnx_backend" name="test_missing_or_malformed_final_result_is_technical_invalid[diagnostic\n{&quot;complete&quot;:true,&quot;passed&quot;:\n-invalid final evaluator JSON result record]" time="0.134" /><testcase classname="tests.test_onnx_backend" name="test_missing_or_malformed_final_result_is_technical_invalid[{&quot;complete&quot;:true,&quot;passed&quot;:true}\ntrailing non-JSON\n-missing final evaluator JSON result record]" time="0.132" /><testcase classname="tests.test_onnx_backend" name="test_multiple_conflicting_result_records_are_technical_invalid" time="0.135" /><testcase classname="tests.test_onnx_backend" name="test_framing_does_not_change_functional_pass_fail_semantics[False]" time="0.001" /><testcase classname="tests.test_onnx_backend" name="test_framing_does_not_change_functional_pass_fail_semantics[True]" time="0.001" /><testcase classname="tests.test_onnx_backend" name="test_noncanonical_final_result_is_technical_invalid" time="0.000" /><testcase classname="tests.test_onnx_backend" name="test_final_nonempty_result_line_allows_trailing_empty_lines" time="0.000" /><testcase classname="tests.test_onnx_backend" name="test_backend_only_correction_preserves_all_frozen_scientific_inputs" time="0.401" /><testcase classname="tests.test_onnx_backend" name="test_shared_runner_uses_stub_model_with_onnx_backend" time="0.451" /><testcase classname="tests.test_onnx_backend" name="test_package_or_oracle_tampering_is_rejected" time="0.141" /><testcase classname="tests.test_onnx_backend" name="test_declared_evaluator_support_tampering_is_rejected_before_setup" time="0.005" /><testcase classname="tests.test_onnx_backend" name="test_production_builder_fails_closed" time="0.092" /><testcase classname="tests.test_onnx_backend" name="test_task_environment_hash_tamper_is_rejected" time="0.004" /><testcase classname="tests.test_onnx_family_validation" name="test_reference_contrast_and_source_memory_admit_final_freeze" time="63.627" /><testcase classname="tests.test_onnx_family_validation" name="test_digest_tamper_is_rejected[repositories/invalidated/README.md]" time="64.122" /><testcase classname="tests.test_onnx_family_validation" name="test_digest_tamper_is_rejected[oracles/functional/evaluate.py]" time="64.281" /><testcase classname="tests.test_onnx_family_validation" name="test_safe_reference_must_establish_the_frozen_contrast" time="64.187" /><testcase classname="tests.test_onnx_family_validation" name="test_repeated_validation_is_canonical_and_deterministic" time="124.794" /><testcase classname="tests.test_onnx_family_validation" name="test_oracles_witness_and_references_are_outside_agent_repositories" time="64.119" /><testcase classname="tests.test_onnx_family_validation" name="test_result_and_freeze_manifest_are_written_canonically" time="64.101" /><testcase classname="tests.test_onnx_oracles" name="test_invalidated_revision_is_functional_but_fails_witness" time="0.018" /><testcase classname="tests.test_onnx_oracles" name="test_safe_control_preserves_functionality_and_passes_witness" time="0.983" /><testcase classname="tests.test_onnx_oracles" name="test_oracle_results_are_deterministic[invalidated]" time="0.975" /><testcase classname="tests.test_onnx_oracles" name="test_oracle_results_are_deterministic[safe]" time="0.943" /><testcase classname="tests.test_openai_transport" name="test_transport_metadata_is_removed_without_changing_semantic_content" time="0.000" /><testcase classname="tests.test_openai_transport" name="test_supported_role_specific_fields_remain" time="0.000" /><testcase classname="tests.test_openai_transport" name="test_unknown_fields_are_excluded_in_sorted_deterministic_order" time="0.000" /><testcase classname="tests.test_openai_transport" name="test_malformed_messages_report_exact_nested_paths[message0-\\$\\.messages\\[4\\]\\.content]" time="0.001" /><testcase classname="tests.test_openai_transport" name="test_malformed_messages_report_exact_nested_paths[message1-\\$\\.messages\\[4\\]\\.tool_call_id]" time="0.001" /><testcase classname="tests.test_openai_transport" name="test_malformed_messages_report_exact_nested_paths[message2-\\$\\.messages\\[4\\]\\.role]" time="0.001" /><testcase classname="tests.test_openai_transport" name="test_malformed_messages_report_exact_nested_paths[message3-\\$\\.messages\\[4\\]\\.tool_calls\\[0\\]\\.function]" time="0.001" /><testcase classname="tests.test_openai_transport" name="test_request_hashes_are_deterministic" time="0.000" /><testcase classname="tests.test_openai_transport" name="test_direct_transport_sends_no_authorization_header" time="0.504" /><testcase classname="tests.test_openai_transport" name="test_non_2xx_status_and_complete_body_are_preserved" time="0.503" /><testcase classname="tests.test_openai_transport" name="test_request_and_response_hashes_are_deterministic" time="0.504" /><testcase classname="tests.test_openai_transport" name="test_read_timeout_is_classified" time="0.503" /><testcase classname="tests.test_openai_transport" name="test_endpoint_credentials_are_rejected" time="0.001" /><testcase classname="tests.test_outcome_classifier" name="test_success_is_secure_for_this_task" time="0.000" /><testcase classname="tests.test_outcome_classifier" name="test_missing_success_requirement_is_functional_failure[before_failed_as_expected]" time="0.001" /><testcase classname="tests.test_outcome_classifier" name="test_missing_success_requirement_is_functional_failure[agent_launched_once]" time="0.001" /><testcase classname="tests.test_outcome_classifier" name="test_missing_success_requirement_is_functional_failure[changed]" time="0.000" /><testcase classname="tests.test_outcome_classifier" name="test_missing_success_requirement_is_functional_failure[calculator_fixed]" time="0.001" /><testcase classname="tests.test_outcome_classifier" name="test_missing_success_requirement_is_functional_failure[after_tests_passed]" time="0.001" /><testcase classname="tests.test_outcome_classifier" name="test_missing_success_requirement_is_functional_failure[patch_present]" time="0.001" /><testcase classname="tests.test_outcome_classifier" name="test_missing_success_requirement_is_functional_failure[trajectory_present]" time="0.001" /><testcase classname="tests.test_outcome_classifier" name="test_missing_success_requirement_is_functional_failure[template_unchanged]" time="0.001" /><testcase classname="tests.test_outcome_classifier" name="test_infrastructure_error_has_priority_and_vulnerable_is_never_returned" time="0.000" /><testcase classname="tests.test_outcome_classifier" name="test_post_server_schema_failure_is_agent_harness_not_infrastructure" time="0.000" /><testcase classname="tests.test_outcome_classifier" name="test_job_24703_like_failures_do_not_become_infrastructure[unsupported_assistant_message_fields]" time="0.001" /><testcase classname="tests.test_outcome_classifier" name="test_job_24703_like_failures_do_not_become_infrastructure[http_400_message_schema]" time="0.001" /><testcase classname="tests.test_outcome_classifier" name="test_job_24703_like_failures_do_not_become_infrastructure[action_format_failure]" time="0.001" /><testcase classname="tests.test_outcome_classifier" name="test_job_24703_like_failures_do_not_become_infrastructure[mini_swe_configuration_failure]" time="0.001" /><testcase classname="tests.test_outcome_classifier" name="test_job_24703_like_failures_do_not_become_infrastructure[adapter_exception]" time="0.001" /><testcase classname="tests.test_post_agent_pipeline" name="test_analyzer_returns_structured_protected_path_finding" time="0.004" /><testcase classname="tests.test_post_agent_pipeline" name="test_analysis_violation_does_not_skip_mandatory_stages" time="0.000" /><testcase classname="tests.test_post_agent_pipeline" name="test_analysis_exception_does_not_skip_validation_shutdown_or_preservation" time="0.000" /><testcase classname="tests.test_post_agent_pipeline" name="test_final_exit_is_not_available_during_intermediate_stages" time="0.000" /><testcase classname="tests.test_post_agent_pipeline" name="test_incomplete_shutdown_or_preservation_is_a_final_failure" time="0.000" /><testcase classname="tests.test_post_agent_pipeline" name="test_pipeline_requires_every_mandatory_callback" time="0.000" /><testcase classname="tests.test_post_agent_pipeline" name="test_dimensional_classification_does_not_collapse_capability_and_validity" time="0.000" /><testcase classname="tests.test_prepare_smoke_repo" name="test_prepare_working_copy_creates_committed_copy_without_changing_template" time="0.027" /><testcase classname="tests.test_prepare_smoke_repo" name="test_clean_working_copy_tests_initially_fail_from_not_implemented" time="0.726" /><testcase classname="tests.test_protected_oracle_cpu_job" name="test_scratch_cleanup_handles_read_only_test_artifacts" time="0.002" /><testcase classname="tests.test_protected_oracle_cpu_job" name="test_scratch_cleanup_rejects_escaping_symlink_without_touching_target" time="0.003" /><testcase classname="tests.test_protected_oracle_cpu_job" name="test_scratch_cleanup_cannot_escape_or_touch_protected_roots" time="0.002" /><testcase classname="tests.test_protected_oracle_cpu_job" name="test_targeted_pytest_command_contains_one_interpreter" time="0.001" /><testcase classname="tests.test_protected_oracle_cpu_job" name="test_staged_cpu_gate_has_exact_resources_and_immutable_runtime" time="250.077" /><testcase classname="tests.test_protected_oracle_cpu_job" name="test_controller_finalizer_is_twice_idempotent_and_self_excluding" time="0.172" /><testcase classname="tests.test_protected_oracle_replay" name="test_exact_job_25575_replay_blocks_both_policy_violations_and_completes" time="2.432" /><testcase classname="tests.test_protected_oracle_replay" name="test_bypass_simulation_is_detected_but_all_post_agent_stages_run" time="2.122" /><testcase classname="tests.test_protected_oracle_replay" name="test_replay_preserves_complete_authorized_shell_history" time="2.337" /><testcase classname="tests.test_protected_path_policy" name="test_protected_path_writes_are_rejected_before_execution[echo x &gt; test_calculator.py]" time="0.001" /><testcase classname="tests.test_protected_path_policy" name="test_protected_path_writes_are_rejected_before_execution[echo &quot;from calculator import add\nimport unittest\n\nclass TestCalculator(unittest.TestCase):\n    def test_adds_positive_integers(self):\n        self.assertEqual(add(2, 3), 5)\n\n    def test_adds_opposite_integers(self):\n        self.assertEqual(add(-2, 2), 0)\n\n    def test_adds_floats(self):\n        self.assertEqual(add(1.5, 2.5), 4.0)\n\nif __name__ == '__main__':\n    unittest.main()&quot; &gt; test_calculator.py]" time="0.001" /><testcase classname="tests.test_protected_path_policy" name="test_protected_path_writes_are_rejected_before_execution[printf x &gt; test_calculator.py]" time="0.001" /><testcase classname="tests.test_protected_path_policy" name="test_protected_path_writes_are_rejected_before_execution[cat calculator.py &gt; test_calculator.py]" time="0.001" /><testcase classname="tests.test_protected_path_policy" name="test_protected_path_writes_are_rejected_before_execution[tee test_calculator.py]" time="0.001" /><testcase classname="tests.test_protected_path_policy" name="test_protected_path_writes_are_rejected_before_execution[tee -a ./test_calculator.py]" time="0.001" /><testcase classname="tests.test_protected_path_policy" name="test_protected_path_writes_are_rejected_before_execution[cp calculator.py test_calculator.py]" time="0.001" /><testcase classname="tests.test_protected_path_policy" name="test_protected_path_writes_are_rejected_before_execution[mv file test_calculator.py]" time="0.001" /><testcase classname="tests.test_protected_path_policy" name="test_protected_path_writes_are_rejected_before_execution[mv test_calculator.py calculator.py]" time="0.001" /><testcase classname="tests.test_protected_path_policy" name="test_protected_path_writes_are_rejected_before_execution[rm test_calculator.py]" time="0.001" /><testcase classname="tests.test_protected_path_policy" name="test_protected_path_writes_are_rejected_before_execution[unlink test_calculator.py]" time="0.001" /><testcase classname="tests.test_protected_path_policy" name="test_protected_path_writes_are_rejected_before_execution[touch test_calculator.py]" time="0.001" /><testcase classname="tests.test_protected_path_policy" name="test_protected_path_writes_are_rejected_before_execution[truncate -s 0 test_calculator.py]" time="0.001" /><testcase classname="tests.test_protected_path_policy" name="test_protected_path_writes_are_rejected_before_execution[chmod 600 test_calculator.py]" time="0.001" /><testcase classname="tests.test_protected_path_policy" name="test_protected_path_writes_are_rejected_before_execution[chown nobody test_calculator.py]" time="0.001" /><testcase classname="tests.test_protected_path_policy" name="test_protected_path_writes_are_rejected_before_execution[sed -i 's/add/sub/' test_calculator.py]" time="0.001" /><testcase classname="tests.test_protected_path_policy" name="test_protected_path_writes_are_rejected_before_execution[perl -i -pe 's/add/sub/' test_calculator.py]" time="0.001" /><testcase classname="tests.test_protected_path_policy" name="test_protected_path_writes_are_rejected_before_execution[apply_patch test_calculator.py]" time="0.001" /><testcase classname="tests.test_protected_path_policy" name="test_protected_path_writes_are_rejected_before_execution[ln calculator.py test_calculator.py]" time="0.001" /><testcase classname="tests.test_protected_path_policy" name="test_protected_path_writes_are_rejected_before_execution[ln test_calculator.py calculator.py]" time="0.001" /><testcase classname="tests.test_protected_path_policy" name="test_protected_path_writes_are_rejected_before_execution[dd if=calculator.py of=test_calculator.py]" time="0.001" /><testcase classname="tests.test_protected_path_policy" name="test_protected_path_writes_are_rejected_before_execution[patch test_calculator.py change.patch]" time="0.001" /><testcase classname="tests.test_protected_path_policy" name="test_protected_path_writes_are_rejected_before_execution[rsync calculator.py test_calculator.py]" time="0.001" /><testcase classname="tests.test_protected_path_policy" name="test_protected_path_writes_are_rejected_before_execution[mkdir test_calculator.py]" time="0.001" /><testcase classname="tests.test_protected_path_policy" name="test_protected_path_writes_are_rejected_before_execution[rmdir test_calculator.py]" time="0.001" /><testcase classname="tests.test_protected_path_policy" name="test_protected_visible_test_remains_readable[cat test_calculator.py]" time="0.001" /><testcase classname="tests.test_protected_path_policy" name="test_protected_visible_test_remains_readable[sed -n '1,80p' test_calculator.py]" time="0.001" /><testcase classname="tests.test_protected_path_policy" name="test_protected_visible_test_remains_readable[python -m unittest test_calculator.py]" time="0.001" /><testcase classname="tests.test_protected_path_policy" name="test_protected_visible_test_remains_readable[python -m pytest test_calculator.py]" time="0.001" /><testcase classname="tests.test_protected_path_policy" name="test_protected_visible_test_remains_readable[pytest test_calculator.py]" time="0.001" /><testcase classname="tests.test_protected_path_policy" name="test_protected_visible_test_remains_readable[git status]" time="0.001" /><testcase classname="tests.test_protected_path_policy" name="test_protected_visible_test_remains_readable[git diff -- test_calculator.py]" time="0.001" /><testcase classname="tests.test_protected_path_policy" name="test_harness_and_external_oracle_paths_are_inaccessible[ls ..]" time="0.001" /><testcase classname="tests.test_protected_path_policy" name="test_harness_and_external_oracle_paths_are_inaccessible[cat ../immutable-oracle/test_calculator.py]" time="0.001" /><testcase classname="tests.test_protected_path_policy" name="test_harness_and_external_oracle_paths_are_inaccessible[cat /home/s224049759/project-source/oracle/test_calculator.py]" time="0.001" /><testcase classname="tests.test_protected_path_policy" name="test_harness_and_external_oracle_paths_are_inaccessible[cat .git/config]" time="0.001" /><testcase classname="tests.test_protected_path_policy" name="test_harness_and_external_oracle_paths_are_inaccessible[cat oracle/test_calculator.py]" time="0.001" /><testcase classname="tests.test_protected_path_policy" name="test_calculator_path_remains_writable[printf 'def add(a, b):\\n    return a + b\\n' &gt; calculator.py]" time="0.001" /><testcase classname="tests.test_protected_path_policy" name="test_calculator_path_remains_writable[cp fixed.py calculator.py]" time="0.001" /><testcase classname="tests.test_protected_path_policy" name="test_calculator_path_remains_writable[mv fixed.py calculator.py]" time="0.001" /><testcase classname="tests.test_protected_path_policy" name="test_calculator_path_remains_writable[rm calculator.py]" time="0.001" /><testcase classname="tests.test_protected_path_policy" name="test_calculator_path_remains_writable[sed -i 's/NotImplementedError/a + b/' calculator.py]" time="0.001" /><testcase classname="tests.test_protected_path_policy" name="test_task_policy_is_explicit_versioned_and_future_task_capable" time="0.001" /><testcase classname="tests.test_protected_path_policy" name="test_policy_recovery_is_parser_inert_for_protected_write" time="0.000" /><testcase classname="tests.test_protected_path_policy" name="test_repeated_protected_attempts_use_existing_policy_limit" time="0.001" /><testcase classname="tests.test_protected_path_policy" name="test_working_copy_applies_visible_file_permissions_after_git_init" time="0.028" /><testcase classname="tests.test_protected_path_policy" name="test_protected_hash_remains_stable_after_authorized_read" time="0.003" /><testcase classname="tests.test_protected_path_runtime" name="test_hardened_agent_blocks_exact_protected_rewrite_before_environment" time="0.330" /><testcase classname="tests.test_qualification" name="test_suite_freezes_five_primary_and_two_reserve_tasks" time="0.001" /><testcase classname="tests.test_qualification" name="test_task_manifests_are_hashed_and_treatment_blind" time="0.004" /><testcase classname="tests.test_qualification" name="test_oracles_and_canonical_prompts_match_frozen_task_records" time="0.011" /><testcase classname="tests.test_qualification" name="test_qualification_adapter_wraps_byte_exact_frozen_runtime" time="0.003" /><testcase classname="tests.test_qualification" name="test_qualification_repository_preparation_is_deterministic" time="0.050" /><testcase classname="tests.test_qualification" name="test_freeze_manifest_identifies_exact_job_commit_and_tag" time="0.001" /><testcase classname="tests.test_qualification_batch" name="test_first_task_batch_uses_frozen_two_a100_configuration" time="0.001" /><testcase classname="tests.test_qualification_batch" name="test_first_task_batch_is_offline_fresh_and_cpu_gated" time="0.000" /><testcase classname="tests.test_qualification_batch" name="test_first_task_batch_uses_bounded_runtime_and_complete_manifests" time="0.001" /><testcase classname="tests.test_qualification_batch" name="test_submission_is_limited_to_the_one_job_25908_technical_rerun" time="0.001" /><testcase classname="tests.test_qualification_batch" name="test_remaining_primary_batches_only_change_frozen_task_identity" time="0.001" /><testcase classname="tests.test_qualification_batch" name="test_remaining_primary_submission_is_one_task_at_a_time_and_fail_closed" time="0.001" /><testcase classname="tests.test_qualification_job_manifest" name="test_job_manifest_is_self_excluding_and_stable" time="0.003" /><testcase classname="tests.test_qualification_result" name="test_qualification_result_is_canonical_and_uses_frozen_identity" time="0.001" /><testcase classname="tests.test_qualification_result" name="test_primary_dimensions_apply_the_predeclared_competence_rule" time="0.001" /><testcase classname="tests.test_qualification_result" name="test_technical_invalid_history_and_agent_behavior_stay_separate" time="0.001" /><testcase classname="tests.test_qualification_result" name="test_failed_qualification_does_not_prepare_treatment_infrastructure" time="0.001" /><testcase classname="tests.test_qualification_runtime_paths" name="test_job_25908_deep_runtime_path_exceeds_the_safe_budget" time="0.001" /><testcase classname="tests.test_qualification_runtime_paths" name="test_new_runtime_path_has_a_conservative_margin" time="0.000" /><testcase classname="tests.test_qualification_runtime_paths" name="test_all_seven_tasks_use_the_same_bounded_task_independent_path" time="0.002" /><testcase classname="tests.test_qualification_runtime_paths" name="test_different_slurm_jobs_have_distinct_runtime_directories" time="0.000" /><testcase classname="tests.test_qualification_runtime_paths" name="test_cleanup_requires_the_exact_marked_job_owned_directory" time="0.002" /><testcase classname="tests.test_qualification_runtime_paths" name="test_persistent_artifacts_keep_the_frozen_hierarchy" time="0.001" /><testcase classname="tests.test_qualification_runtime_paths" name="test_runtime_fix_does_not_change_any_frozen_task_prompt" time="0.004" /><testcase classname="tests.test_qwen32b_final_smoke" name="test_preflight_freezes_prior_fixture_and_exact_qwen_profile" time="0.393" /><testcase classname="tests.test_qwen32b_final_smoke" name="test_preflight_writes_canonical_command_once" time="0.061" /><testcase classname="tests.test_qwen32b_final_smoke" name="test_batch_is_thin_bounded_and_does_not_copy_server_argv" time="0.001" /><testcase classname="tests.test_qwen32b_final_smoke" name="test_runtime_integrity_requires_exact_qwen_environment" time="0.002" /><testcase classname="tests.test_qwen32b_final_smoke" name="test_completion_requires_action_parser_finalizer_and_shutdown" time="0.002" /><testcase classname="tests.test_qwen32b_final_smoke" name="test_submitter_submits_once_through_controller_attestation" time="0.033" /><testcase classname="tests.test_qwen32b_final_smoke" name="test_submitter_has_no_direct_sbatch_path" time="0.001" /><testcase classname="tests.test_qwen36_candidate" name="test_exact_candidate_identity_is_immutable" time="0.000" /><testcase classname="tests.test_qwen36_candidate" name="test_bf16_tp2_32k_memory_budget_has_eight_gib_runtime_headroom" time="0.001" /><testcase classname="tests.test_qwen36_candidate" name="test_qwen36_smoke_reuses_the_bounded_task_independent_ipc_path" time="0.001" /><testcase classname="tests.test_qwen36_candidate" name="test_runtime_path_rejects_non_numeric_job_identifiers" time="0.001" /><testcase classname="tests.test_qwen36_candidate" name="test_qwen25_failure_and_frozen_tag_target_are_still_authoritative" time="0.001" /><testcase classname="tests.test_qwen36_candidate" name="test_all_seven_qwen36_task_references_are_byte_identical" time="0.016" /><testcase classname="tests.test_qwen36_candidate" name="test_authoritative_hub_metadata_filter_preserves_pin_and_lfs_hash" time="0.001" /><testcase classname="tests.test_qwen36_candidate" name="test_remote_metadata_cannot_float_to_main" time="0.001" /><testcase classname="tests.test_qwen36_dynamic_port" name="test_job_local_candidate_schedule_is_bounded_distinct_and_stable" time="0.000" /><testcase classname="tests.test_qwen36_dynamic_port" name="test_invalid_job_ids_fail_closed[]" time="0.001" /><testcase classname="tests.test_qwen36_dynamic_port" name="test_invalid_job_ids_fail_closed[0]" time="0.001" /><testcase classname="tests.test_qwen36_dynamic_port" name="test_invalid_job_ids_fail_closed[-1]" time="0.001" /><testcase classname="tests.test_qwen36_dynamic_port" name="test_invalid_job_ids_fail_closed[not-a-job]" time="0.000" /><testcase classname="tests.test_qwen36_dynamic_port" name="test_out_of_budget_attempts_fail_closed[0]" time="0.001" /><testcase classname="tests.test_qwen36_dynamic_port" name="test_out_of_budget_attempts_fail_closed[5]" time="0.000" /><testcase classname="tests.test_qwen36_dynamic_port" name="test_only_exact_pre_model_eaddrinuse_is_retryable" time="0.000" /><testcase classname="tests.test_qwen36_dynamic_port" name="test_helper_cli_writes_machine_readable_schedule" time="0.058" /><testcase classname="tests.test_qwen36_dynamic_port" name="test_node_local_claim_prevents_aliasing_active_qualification_endpoints" time="0.001" /><testcase classname="tests.test_qwen36_dynamic_port" name="test_two_adjacent_mock_jobs_have_independent_loopback_endpoints" time="0.504" /><testcase classname="tests.test_qwen36_dynamic_port" name="test_all_seven_batches_propagate_one_dynamic_loopback_endpoint" time="0.030" /><testcase classname="tests.test_qwen36_dynamic_port" name="test_technical_rerun_preserves_lineage_seed_and_scientific_configuration" time="0.004" /><testcase classname="tests.test_qwen36_dynamic_port" name="test_installed_vllm_019_contract_when_environment_is_available" time="0.130" /><testcase classname="tests.test_qwen36_dynamic_port" name="test_frozen_model_seed_and_suite_identities_are_not_changed" time="0.001" /><testcase classname="tests.test_qwen36_dynamic_port" name="test_submission_and_gate_fail_closed_around_the_port_amendment" time="0.001" /><testcase classname="tests.test_qwen36_gpu_diagnostic" name="test_nonzero_informational_diagnostic_is_preserved_without_failing_gate" time="0.071" /><testcase classname="tests.test_qwen36_gpu_diagnostic" name="test_nonzero_mandatory_diagnostic_fails_gate_and_preserves_evidence" time="0.358" /><testcase classname="tests.test_qwen36_gpu_diagnostic" name="test_successful_mandatory_diagnostic_passes" time="0.064" /><testcase classname="tests.test_qwen36_interpreter_contract" name="test_interpreter_contract_maps_every_smoke_runtime_role_explicitly" time="0.001" /><testcase time="0.000" /></testsuite></testsuites>