<?xml version="1.0" encoding="utf-8"?><testsuites name="pytest tests"><testsuite name="pytest" errors="0" failures="12" skipped="0" tests="100" time="243.624" timestamp="2026-09-01T21:49:59.463045+10:00" hostname="hpc"><testcase classname="tests.test_action_protocol" name="test_eight_actions_are_rejected_without_a_shell_call" time="0.001" /><testcase classname="tests.test_action_protocol" name="test_action_placeholder_is_rejected_without_a_shell_call" time="0.000" /><testcase classname="tests.test_action_protocol" name="test_repeated_action_placeholder_terminates_within_two_responses" time="0.000" /><testcase classname="tests.test_action_protocol" name="test_realistic_recovery_prompt_has_zero_production_parser_matches" time="0.001" /><testcase classname="tests.test_action_protocol" name="test_valid_ls_executes_once_and_observation_reaches_next_request" time="0.000" /><testcase classname="tests.test_action_protocol" name="test_identical_stagnant_transition_terminates_on_second_execution" time="0.003" /><testcase classname="tests.test_action_protocol" name="test_repeated_pytest_after_repository_edit_is_permitted" time="0.001" /><testcase classname="tests.test_action_protocol" name="test_semantic_placeholders_and_controls_are_rejected[]" time="0.001" /><testcase classname="tests.test_action_protocol" name="test_semantic_placeholders_and_controls_are_rejected[   \t]" time="0.001" /><testcase classname="tests.test_action_protocol" name="test_semantic_placeholders_and_controls_are_rejected[&lt;action&gt;]" time="0.000" /><testcase classname="tests.test_action_protocol" name="test_semantic_placeholders_and_controls_are_rejected[&lt;command&gt;]" time="0.001" /><testcase classname="tests.test_action_protocol" name="test_semantic_placeholders_and_controls_are_rejected[your_command_here]" time="0.000" /><testcase classname="tests.test_action_protocol" name="test_semantic_placeholders_and_controls_are_rejected[anything]" time="0.000" /><testcase classname="tests.test_action_protocol" name="test_semantic_placeholders_and_controls_are_rejected[&lt;replace_this&gt;]" time="0.001" /><testcase classname="tests.test_action_protocol" name="test_semantic_placeholders_and_controls_are_rejected[{{ unresolved }}]" time="0.000" /><testcase classname="tests.test_action_protocol" name="test_semantic_placeholders_and_controls_are_rejected[printf 'bad\x00command']" time="0.000" /><testcase classname="tests.test_action_protocol" name="test_semantic_placeholders_and_controls_are_rejected[printf 'bad\x07command']" time="0.001" /><testcase classname="tests.test_action_protocol" name="test_legitimate_shell_content_remains_valid[ls]" time="0.001" /><testcase classname="tests.test_action_protocol" name="test_legitimate_shell_content_remains_valid[printf '%s\\n' 'quoted value' | sed -n '1p']" time="0.000" /><testcase classname="tests.test_action_protocol" name="test_legitimate_shell_content_remains_valid[printf x &gt; result.txt]" time="0.000" /><testcase classname="tests.test_action_protocol" name="test_legitimate_shell_content_remains_valid[printf 'one\\ntwo\\n']" time="0.000" /><testcase classname="tests.test_action_protocol" name="test_legitimate_shell_content_remains_valid[echo COMPLETE_TASK_AND_SUBMIT_FINAL_OUTPUT]" time="0.000" /><testcase classname="tests.test_action_protocol" name="test_repeated_identical_malformed_response_terminates_safely" time="0.000" /><testcase classname="tests.test_action_protocol" name="test_valid_action_resets_consecutive_protocol_error_counter" time="0.001" /><testcase classname="tests.test_action_protocol_matrix" name="test_every_harness_prompt_obeys_production_parser_match_limits" time="0.002" /><testcase classname="tests.test_action_protocol_matrix" name="test_observation_action_syntax_is_escaped_without_losing_raw_output" time="0.000" /><testcase classname="tests.test_action_protocol_matrix" name="test_wrong_action_counts_never_select_or_execute_a_command[0]" time="0.000" /><testcase classname="tests.test_action_protocol_matrix" name="test_wrong_action_counts_never_select_or_execute_a_command[2]" time="0.000" /><testcase classname="tests.test_action_protocol_matrix" name="test_wrong_action_counts_never_select_or_execute_a_command[8]" time="0.000" /><testcase classname="tests.test_action_protocol_matrix" name="test_semantically_invalid_commands_never_reach_shell[]" time="0.000" /><testcase classname="tests.test_action_protocol_matrix" name="test_semantically_invalid_commands_never_reach_shell[ \t ]" time="0.000" /><testcase classname="tests.test_action_protocol_matrix" name="test_semantically_invalid_commands_never_reach_shell[&lt;action&gt;]" time="0.000" /><testcase classname="tests.test_action_protocol_matrix" name="test_semantically_invalid_commands_never_reach_shell[&lt;command&gt;]" time="0.000" /><testcase classname="tests.test_action_protocol_matrix" name="test_semantically_invalid_commands_never_reach_shell[your_command_here]" time="0.000" /><testcase classname="tests.test_action_protocol_matrix" name="test_semantically_invalid_commands_never_reach_shell[anything]" time="0.000" /><testcase classname="tests.test_action_protocol_matrix" name="test_semantically_invalid_commands_never_reach_shell[&lt;generic_placeholder&gt;]" time="0.000" /><testcase classname="tests.test_action_protocol_matrix" name="test_semantically_invalid_commands_never_reach_shell[{{ unresolved }}]" time="0.000" /><testcase classname="tests.test_action_protocol_matrix" name="test_semantically_invalid_commands_never_reach_shell[bad\x00command]" time="0.001" /><testcase classname="tests.test_action_protocol_matrix" name="test_semantically_invalid_commands_never_reach_shell[bad\x01command]" time="0.000" /><testcase classname="tests.test_action_protocol_matrix" name="test_three_distinct_format_errors_use_format_error_limit" time="0.000" /><testcase classname="tests.test_action_protocol_matrix" name="test_three_distinct_semantic_errors_use_invalid_action_limit" time="0.000" /><testcase classname="tests.test_action_protocol_matrix" name="test_same_command_with_different_output_or_return_code_is_not_stagnant" time="0.000" /><testcase classname="tests.test_action_protocol_matrix" name="test_completion_sentinel_is_exempt_from_stagnation" time="0.000" /><testcase classname="tests.test_action_protocol_matrix" name="test_safe_protocol_failure_is_not_infrastructure_or_harness_failure" time="0.000" /><testcase classname="tests.test_adapter_preflight" name="test_exact_adapter_reaches_first_request_before_dummy_connection_failure" time="1.717" /><testcase classname="tests.test_adapter_preflight_batch" name="test_adapter_preflight_batch_is_cpu_only_and_short" time="0.000" /><testcase classname="tests.test_adapter_preflight_batch" name="test_adapter_preflight_batch_uses_absolute_interpreters_without_activation" time="0.001" /><testcase classname="tests.test_adapter_preflight_batch" name="test_adapter_preflight_batch_runs_one_exact_dummy_endpoint_preflight" time="0.000" /><testcase classname="tests.test_aim_backend" name="test_checked_in_frozen_package_builds" time="0.090"><failure message="cmpilot.aim_backend.AimBackendError: Aim package compatible_repository path hash mismatch">def test_checked_in_frozen_package_builds() -&gt; None:
        context = _family_context(FAMILY)
&gt;       backend = build_aim_backend(
            context,
            package_root=FAMILY,
            evaluator_python=Path(__import__("sys").executable).resolve(),
        )

tests/test_aim_backend.py:137: 
_ _ _ _ _ _ _ _ _ _ _ _ _ _ _ _ _ _ _ _ _ _ _ _ _ _ _ _ _ _ _ _ _ _ _ _ _ _ _ _ 
src/cmpilot/aim_backend.py:704: in build_aim_backend
    return AimScientificOperations(
src/cmpilot/aim_backend.py:153: in __init__
    self._validate_package_inputs()
src/cmpilot/aim_backend.py:273: in _validate_package_inputs
    self._validate_declared_hashes()
_ _ _ _ _ _ _ _ _ _ _ _ _ _ _ _ _ _ _ _ _ _ _ _ _ _ _ _ _ _ _ _ _ _ _ _ _ _ _ _ 

self = &lt;cmpilot.aim_backend.AimScientificOperations object at 0x7fb95d131850&gt;

    def _validate_declared_hashes(self) -&gt; None:
        path_hash_keys = (
            ("path", "sha256"),
            ("manifest_path", "manifest_sha256"),
            ("support_path", "support_sha256"),
            ("provenance_path", "provenance_sha256"),
        )
        for name, raw in _mapping(
            self.package.get("inputs"), "family package inputs"
        ).items():
            record = _mapping(raw, f"family package inputs.{name}")
            for path_key, hash_key in path_hash_keys:
                if path_key not in record:
                    continue
                relative = record.get(path_key)
                expected = record.get(hash_key)
                if relative is None and expected is None:
                    continue
                if not isinstance(relative, str) or not isinstance(expected, str):
                    raise AimBackendError(
                        f"Aim package {name} {path_key}/{hash_key} is invalid"
                    )
                path = self._fixed_path(relative)
                observed = (
                    repository_content_digest(path).sha256
                    if path.is_dir()
                    else sha256_file(path)
                )
                if observed != expected:
&gt;                   raise AimBackendError(f"Aim package {name} {path_key} hash mismatch")
E                   cmpilot.aim_backend.AimBackendError: Aim package compatible_repository path hash mismatch

src/cmpilot/aim_backend.py:270: AimBackendError</failure></testcase><testcase classname="tests.test_aim_backend" name="test_shared_runner_exercises_candidate_backend_with_stub_model" time="0.323"><failure message="cmpilot.aim_backend.AimBackendError: Aim package compatible_repository path hash mismatch">tmp_path = PosixPath('/tmp/pytest-of-s224049759/pytest-762/test_shared_runner_exercises_c0')

    def test_shared_runner_exercises_candidate_backend_with_stub_model(
        tmp_path: Path,
    ) -&gt; None:
        package, context = _frozen_fixture(tmp_path)
        request = _request(tmp_path, context)
&gt;       backend = AimScientificOperations(
            context,
            package_root=package,
            evaluator_python=Path(__import__("sys").executable).resolve(),
        )

tests/test_aim_backend.py:150: 
_ _ _ _ _ _ _ _ _ _ _ _ _ _ _ _ _ _ _ _ _ _ _ _ _ _ _ _ _ _ _ _ _ _ _ _ _ _ _ _ 
src/cmpilot/aim_backend.py:153: in __init__
    self._validate_package_inputs()
src/cmpilot/aim_backend.py:273: in _validate_package_inputs
    self._validate_declared_hashes()
_ _ _ _ _ _ _ _ _ _ _ _ _ _ _ _ _ _ _ _ _ _ _ _ _ _ _ _ _ _ _ _ _ _ _ _ _ _ _ _ 

self = &lt;cmpilot.aim_backend.AimScientificOperations object at 0x7fb95e7f58b0&gt;

    def _validate_declared_hashes(self) -&gt; None:
        path_hash_keys = (
            ("path", "sha256"),
            ("manifest_path", "manifest_sha256"),
            ("support_path", "support_sha256"),
            ("provenance_path", "provenance_sha256"),
        )
        for name, raw in _mapping(
            self.package.get("inputs"), "family package inputs"
        ).items():
            record = _mapping(raw, f"family package inputs.{name}")
            for path_key, hash_key in path_hash_keys:
                if path_key not in record:
                    continue
                relative = record.get(path_key)
                expected = record.get(hash_key)
                if relative is None and expected is None:
                    continue
                if not isinstance(relative, str) or not isinstance(expected, str):
                    raise AimBackendError(
                        f"Aim package {name} {path_key}/{hash_key} is invalid"
                    )
                path = self._fixed_path(relative)
                observed = (
                    repository_content_digest(path).sha256
                    if path.is_dir()
                    else sha256_file(path)
                )
                if observed != expected:
&gt;                   raise AimBackendError(f"Aim package {name} {path_key} hash mismatch")
E                   cmpilot.aim_backend.AimBackendError: Aim package compatible_repository path hash mismatch

src/cmpilot/aim_backend.py:270: AimBackendError</failure></testcase><testcase classname="tests.test_aim_backend" name="test_package_or_oracle_tamper_is_rejected" time="0.294"><failure message="cmpilot.aim_backend.AimBackendError: Aim package compatible_repository path hash mismatch">tmp_path = PosixPath('/tmp/pytest-of-s224049759/pytest-762/test_package_or_oracle_tamper_0')

    def test_package_or_oracle_tamper_is_rejected(tmp_path: Path) -&gt; None:
        package, context = _frozen_fixture(tmp_path)
        request = _request(tmp_path, context)
&gt;       backend = AimScientificOperations(
            context,
            package_root=package,
            evaluator_python=Path(__import__("sys").executable).resolve(),
        )

tests/test_aim_backend.py:173: 
_ _ _ _ _ _ _ _ _ _ _ _ _ _ _ _ _ _ _ _ _ _ _ _ _ _ _ _ _ _ _ _ _ _ _ _ _ _ _ _ 
src/cmpilot/aim_backend.py:153: in __init__
    self._validate_package_inputs()
src/cmpilot/aim_backend.py:273: in _validate_package_inputs
    self._validate_declared_hashes()
_ _ _ _ _ _ _ _ _ _ _ _ _ _ _ _ _ _ _ _ _ _ _ _ _ _ _ _ _ _ _ _ _ _ _ _ _ _ _ _ 

self = &lt;cmpilot.aim_backend.AimScientificOperations object at 0x7fb95e7f55b0&gt;

    def _validate_declared_hashes(self) -&gt; None:
        path_hash_keys = (
            ("path", "sha256"),
            ("manifest_path", "manifest_sha256"),
            ("support_path", "support_sha256"),
            ("provenance_path", "provenance_sha256"),
        )
        for name, raw in _mapping(
            self.package.get("inputs"), "family package inputs"
        ).items():
            record = _mapping(raw, f"family package inputs.{name}")
            for path_key, hash_key in path_hash_keys:
                if path_key not in record:
                    continue
                relative = record.get(path_key)
                expected = record.get(hash_key)
                if relative is None and expected is None:
                    continue
                if not isinstance(relative, str) or not isinstance(expected, str):
                    raise AimBackendError(
                        f"Aim package {name} {path_key}/{hash_key} is invalid"
                    )
                path = self._fixed_path(relative)
                observed = (
                    repository_content_digest(path).sha256
                    if path.is_dir()
                    else sha256_file(path)
                )
                if observed != expected:
&gt;                   raise AimBackendError(f"Aim package {name} {path_key} hash mismatch")
E                   cmpilot.aim_backend.AimBackendError: Aim package compatible_repository path hash mismatch

src/cmpilot/aim_backend.py:270: AimBackendError</failure></testcase><testcase classname="tests.test_aim_family_validation" name="test_frozen_aim_family_passes_cpu_admission" time="0.088"><failure message="scripts.validate_aim_family.AimValidationError: package input hash mismatch: repositories/compatible">def test_frozen_aim_family_passes_cpu_admission() -&gt; None:
&gt;       result = validate(ROOT / "families/aim-v1")
                 ^^^^^^^^^^^^^^^^^^^^^^^^^^^^^^^^^^

tests/test_aim_family_validation.py:12: 
_ _ _ _ _ _ _ _ _ _ _ _ _ _ _ _ _ _ _ _ _ _ _ _ _ _ _ _ _ _ _ _ _ _ _ _ _ _ _ _ 
scripts/validate_aim_family.py:467: in validate
    declared = _declared_hashes(package, manifest)
               ^^^^^^^^^^^^^^^^^^^^^^^^^^^^^^^^^^^
_ _ _ _ _ _ _ _ _ _ _ _ _ _ _ _ _ _ _ _ _ _ _ _ _ _ _ _ _ _ _ _ _ _ _ _ _ _ _ _ 

package = PosixPath('/home/s224049759/projects/correct-memory-study-worktrees/v2-audit-and-qualification/families/aim-v1')
manifest = {'blockers': [], 'compatible_revision': '97a7a122a10f044f65c7fb9db0e59bacd38a1543', 'family_id': 'aim-v1', 'freeze_status': 'FROZEN', ...}

    def _declared_hashes(package: Path, manifest: Mapping[str, Any]) -&gt; dict[str, Any]:
        inputs = manifest.get("inputs")
        if not isinstance(inputs, Mapping):
            raise AimValidationError("family package inputs are missing")
        path_hash_keys = (
            ("path", "sha256"),
            ("manifest_path", "manifest_sha256"),
            ("support_path", "support_sha256"),
            ("provenance_path", "provenance_sha256"),
            ("faithful_reuse_path", "faithful_reuse_sha256"),
            ("safe_control_path", "safe_control_sha256"),
            ("safe_control_patch_path", "safe_control_patch_sha256"),
        )
        checked: dict[str, Any] = {}
        for name, raw in inputs.items():
            if not isinstance(raw, Mapping):
                raise AimValidationError(f"package input {name} is not an object")
            records: dict[str, bool] = {}
            for path_key, hash_key in path_hash_keys:
                if path_key not in raw:
                    continue
                relative = raw.get(path_key)
                expected = raw.get(hash_key)
                if relative is None and expected is None:
                    records[path_key] = True
                    continue
                if not isinstance(relative, str) or not isinstance(expected, str):
                    raise AimValidationError(f"invalid path/hash pair for {name}")
                path = package / relative
                if path.is_symlink() or not path.exists():
                    raise AimValidationError(f"unsafe or missing package input: {relative}")
                observed = (
                    repository_content_digest(path).sha256 if path.is_dir() else _sha256(path)
                )
                if observed != expected:
&gt;                   raise AimValidationError(f"package input hash mismatch: {relative}")
E                   scripts.validate_aim_family.AimValidationError: package input hash mismatch: repositories/compatible

scripts/validate_aim_family.py:218: AimValidationError</failure></testcase><testcase classname="tests.test_aim_oracles" name="test_invalidated_revision_is_functional_but_fails_witness" time="0.008" /><testcase classname="tests.test_aim_oracles" name="test_safe_control_preserves_functionality_and_passes_witness" time="0.080" /><testcase classname="tests.test_aim_oracles" name="test_oracle_results_are_deterministic[invalidated]" time="0.082" /><testcase classname="tests.test_aim_oracles" name="test_oracle_results_are_deterministic[safe]" time="0.083" /><testcase classname="tests.test_aim_oracles" name="test_probe_rejects_invalid_timeout[0.0]" time="0.001" /><testcase classname="tests.test_aim_oracles" name="test_probe_rejects_invalid_timeout[-1.0]" time="0.001" /><testcase classname="tests.test_aim_oracles" name="test_probe_rejects_invalid_timeout[30.1]" time="0.000" /><testcase classname="tests.test_artifact_logger" name="test_artifact_directories_have_unique_run_ids" time="0.001" /><testcase classname="tests.test_artifact_logger" name="test_artifact_writes_redact_secrets" time="0.001" /><testcase classname="tests.test_artifact_logger" name="test_artifact_writes_preserve_usage_counts_and_boolean_audit_fields" time="0.001" /><testcase classname="tests.test_artifact_logger" name="test_public_command_authorization_dimensions_are_not_treated_as_credentials" time="0.001" /><testcase classname="tests.test_artifact_preserver" name="test_atomic_preservation_is_idempotent_with_read_only_git_files" time="0.007" /><testcase classname="tests.test_axios_backend" name="test_frozen_backend_treatment_and_evaluators[NO_MEMORY]" time="0.031"><failure message="cmpilot.axios_backend.AxiosBackendError: family package compatible_repository path hash mismatch">tmp_path = PosixPath('/tmp/pytest-of-s224049759/pytest-762/test_frozen_backend_treatment_0')
condition = 'NO_MEMORY'

    @pytest.mark.parametrize("condition", [NO_MEMORY, SOURCE_CORRECT_MEMORY])
    def test_frozen_backend_treatment_and_evaluators(tmp_path: Path, condition: str) -&gt; None:
        context = _context(condition)
        request = _request(context, tmp_path / "attempt")
&gt;       backend = AxiosScientificOperations(context)
                  ^^^^^^^^^^^^^^^^^^^^^^^^^^^^^^^^^^

tests/test_axios_backend.py:142: 
_ _ _ _ _ _ _ _ _ _ _ _ _ _ _ _ _ _ _ _ _ _ _ _ _ _ _ _ _ _ _ _ _ _ _ _ _ _ _ _ 
src/cmpilot/axios_backend.py:163: in __init__
    self._validate_package_inputs()
src/cmpilot/axios_backend.py:347: in _validate_package_inputs
    self._validate_all_declared_input_hashes()
_ _ _ _ _ _ _ _ _ _ _ _ _ _ _ _ _ _ _ _ _ _ _ _ _ _ _ _ _ _ _ _ _ _ _ _ _ _ _ _ 

self = &lt;cmpilot.axios_backend.AxiosScientificOperations object at 0x7fb95d0ff590&gt;

    def _validate_all_declared_input_hashes(self) -&gt; None:
        """Verify every path/hash pair bound by the package manifest."""
        inputs = _mapping(self.package.get("inputs"), "family package inputs")
        path_hash_keys = (
            ("path", "sha256"),
            ("input_path", "input_sha256"),
            ("manifest_path", "manifest_sha256"),
            ("support_path", "support_sha256"),
            ("status_path", "status_sha256"),
            ("provenance_path", "provenance_sha256"),
            ("source_validation_path", "source_validation_sha256"),
            ("review_path", "review_sha256"),
            ("faithful_reuse_path", "faithful_reuse_sha256"),
            ("safe_control_path", "safe_control_sha256"),
            ("safe_control_patch_path", "safe_control_patch_sha256"),
        )
        for input_name, raw_record in inputs.items():
            record = _mapping(raw_record, f"family package inputs.{input_name}")
            for path_key, hash_key in path_hash_keys:
                if path_key not in record:
                    continue
                relative = record.get(path_key)
                expected_sha256 = record.get(hash_key)
                if relative is None and expected_sha256 is None:
                    continue
                if not isinstance(relative, str) or not isinstance(
                    expected_sha256, str
                ):
                    raise AxiosBackendError(
                        f"family package {input_name} {path_key}/{hash_key} "
                        "must be strings or paired nulls"
                    )
                path = self._fixed_path(relative)
                observed_sha256 = (
                    repository_content_digest(path).sha256
                    if path.is_dir()
                    else sha256_file(path)
                )
                if observed_sha256 != expected_sha256:
&gt;                   raise AxiosBackendError(
                        f"family package {input_name} {path_key} hash mismatch"
                    )
E                   cmpilot.axios_backend.AxiosBackendError: family package compatible_repository path hash mismatch

src/cmpilot/axios_backend.py:280: AxiosBackendError</failure></testcase><testcase classname="tests.test_axios_backend" name="test_frozen_backend_treatment_and_evaluators[SOURCE_CORRECT_MEMORY]" time="0.031"><failure message="cmpilot.axios_backend.AxiosBackendError: family package compatible_repository path hash mismatch">tmp_path = PosixPath('/tmp/pytest-of-s224049759/pytest-762/test_frozen_backend_treatment_1')
condition = 'SOURCE_CORRECT_MEMORY'

    @pytest.mark.parametrize("condition", [NO_MEMORY, SOURCE_CORRECT_MEMORY])
    def test_frozen_backend_treatment_and_evaluators(tmp_path: Path, condition: str) -&gt; None:
        context = _context(condition)
        request = _request(context, tmp_path / "attempt")
&gt;       backend = AxiosScientificOperations(context)
                  ^^^^^^^^^^^^^^^^^^^^^^^^^^^^^^^^^^

tests/test_axios_backend.py:142: 
_ _ _ _ _ _ _ _ _ _ _ _ _ _ _ _ _ _ _ _ _ _ _ _ _ _ _ _ _ _ _ _ _ _ _ _ _ _ _ _ 
src/cmpilot/axios_backend.py:163: in __init__
    self._validate_package_inputs()
src/cmpilot/axios_backend.py:347: in _validate_package_inputs
    self._validate_all_declared_input_hashes()
_ _ _ _ _ _ _ _ _ _ _ _ _ _ _ _ _ _ _ _ _ _ _ _ _ _ _ _ _ _ _ _ _ _ _ _ _ _ _ _ 

self = &lt;cmpilot.axios_backend.AxiosScientificOperations object at 0x7fb95d132540&gt;

    def _validate_all_declared_input_hashes(self) -&gt; None:
        """Verify every path/hash pair bound by the package manifest."""
        inputs = _mapping(self.package.get("inputs"), "family package inputs")
        path_hash_keys = (
            ("path", "sha256"),
            ("input_path", "input_sha256"),
            ("manifest_path", "manifest_sha256"),
            ("support_path", "support_sha256"),
            ("status_path", "status_sha256"),
            ("provenance_path", "provenance_sha256"),
            ("source_validation_path", "source_validation_sha256"),
            ("review_path", "review_sha256"),
            ("faithful_reuse_path", "faithful_reuse_sha256"),
            ("safe_control_path", "safe_control_sha256"),
            ("safe_control_patch_path", "safe_control_patch_sha256"),
        )
        for input_name, raw_record in inputs.items():
            record = _mapping(raw_record, f"family package inputs.{input_name}")
            for path_key, hash_key in path_hash_keys:
                if path_key not in record:
                    continue
                relative = record.get(path_key)
                expected_sha256 = record.get(hash_key)
                if relative is None and expected_sha256 is None:
                    continue
                if not isinstance(relative, str) or not isinstance(
                    expected_sha256, str
                ):
                    raise AxiosBackendError(
                        f"family package {input_name} {path_key}/{hash_key} "
                        "must be strings or paired nulls"
                    )
                path = self._fixed_path(relative)
                observed_sha256 = (
                    repository_content_digest(path).sha256
                    if path.is_dir()
                    else sha256_file(path)
                )
                if observed_sha256 != expected_sha256:
&gt;                   raise AxiosBackendError(
                        f"family package {input_name} {path_key} hash mismatch"
                    )
E                   cmpilot.axios_backend.AxiosBackendError: family package compatible_repository path hash mismatch

src/cmpilot/axios_backend.py:280: AxiosBackendError</failure></testcase><testcase classname="tests.test_axios_backend" name="test_shared_runner_with_dummy_model_executor" time="0.032"><failure message="cmpilot.axios_backend.AxiosBackendError: family package compatible_repository path hash mismatch">tmp_path = PosixPath('/tmp/pytest-of-s224049759/pytest-762/test_shared_runner_with_dummy_0')

    def test_shared_runner_with_dummy_model_executor(tmp_path: Path) -&gt; None:
        context = _context(NO_MEMORY)
        request = _request(context, tmp_path / "attempt")
&gt;       backend = AxiosScientificOperations(context)
                  ^^^^^^^^^^^^^^^^^^^^^^^^^^^^^^^^^^

tests/test_axios_backend.py:162: 
_ _ _ _ _ _ _ _ _ _ _ _ _ _ _ _ _ _ _ _ _ _ _ _ _ _ _ _ _ _ _ _ _ _ _ _ _ _ _ _ 
src/cmpilot/axios_backend.py:163: in __init__
    self._validate_package_inputs()
src/cmpilot/axios_backend.py:347: in _validate_package_inputs
    self._validate_all_declared_input_hashes()
_ _ _ _ _ _ _ _ _ _ _ _ _ _ _ _ _ _ _ _ _ _ _ _ _ _ _ _ _ _ _ _ _ _ _ _ _ _ _ _ 

self = &lt;cmpilot.axios_backend.AxiosScientificOperations object at 0x7fb95d130ad0&gt;

    def _validate_all_declared_input_hashes(self) -&gt; None:
        """Verify every path/hash pair bound by the package manifest."""
        inputs = _mapping(self.package.get("inputs"), "family package inputs")
        path_hash_keys = (
            ("path", "sha256"),
            ("input_path", "input_sha256"),
            ("manifest_path", "manifest_sha256"),
            ("support_path", "support_sha256"),
            ("status_path", "status_sha256"),
            ("provenance_path", "provenance_sha256"),
            ("source_validation_path", "source_validation_sha256"),
            ("review_path", "review_sha256"),
            ("faithful_reuse_path", "faithful_reuse_sha256"),
            ("safe_control_path", "safe_control_sha256"),
            ("safe_control_patch_path", "safe_control_patch_sha256"),
        )
        for input_name, raw_record in inputs.items():
            record = _mapping(raw_record, f"family package inputs.{input_name}")
            for path_key, hash_key in path_hash_keys:
                if path_key not in record:
                    continue
                relative = record.get(path_key)
                expected_sha256 = record.get(hash_key)
                if relative is None and expected_sha256 is None:
                    continue
                if not isinstance(relative, str) or not isinstance(
                    expected_sha256, str
                ):
                    raise AxiosBackendError(
                        f"family package {input_name} {path_key}/{hash_key} "
                        "must be strings or paired nulls"
                    )
                path = self._fixed_path(relative)
                observed_sha256 = (
                    repository_content_digest(path).sha256
                    if path.is_dir()
                    else sha256_file(path)
                )
                if observed_sha256 != expected_sha256:
&gt;                   raise AxiosBackendError(
                        f"family package {input_name} {path_key} hash mismatch"
                    )
E                   cmpilot.axios_backend.AxiosBackendError: family package compatible_repository path hash mismatch

src/cmpilot/axios_backend.py:280: AxiosBackendError</failure></testcase><testcase classname="tests.test_axios_backend" name="test_registry_and_node_binding_fail_closed" time="0.001"><failure message="KeyError: 'axios-v1'">tmp_path = PosixPath('/tmp/pytest-of-s224049759/pytest-762/test_registry_and_node_binding0')

    def test_registry_and_node_binding_fail_closed(tmp_path: Path) -&gt; None:
&gt;       assert SCIENTIFIC_BACKENDS[AXIOS_BACKEND_ID] is build_axios_backend
               ^^^^^^^^^^^^^^^^^^^^^^^^^^^^^^^^^^^^^
E       KeyError: 'axios-v1'

tests/test_axios_backend.py:177: KeyError</failure></testcase><testcase classname="tests.test_batch_script_attestation" name="test_identical_source_and_controller_bytes_pass" time="0.002" /><testcase classname="tests.test_batch_script_attestation" name="test_one_byte_script_difference_fails_and_reports_offset" time="0.001" /><testcase classname="tests.test_batch_script_attestation" name="test_missing_controller_copy_fails_clearly" time="0.001" /><testcase classname="tests.test_batch_script_attestation" name="test_failed_controller_retrieval_preserves_process_evidence" time="0.266" /><testcase classname="tests.test_batch_script_attestation" name="test_plain_digest_and_sha256sum_output_do_not_silently_compare" time="0.000" /><testcase classname="tests.test_batch_script_attestation" name="test_digest_whitespace_is_detected[ aaaaaaaaaaaaaaaaaaaaaaaaaaaaaaaaaaaaaaaaaaaaaaaaaaaaaaaaaaaaaaaa]" time="0.001" /><testcase classname="tests.test_batch_script_attestation" name="test_digest_whitespace_is_detected[aaaaaaaaaaaaaaaaaaaaaaaaaaaaaaaaaaaaaaaaaaaaaaaaaaaaaaaaaaaaaaaa\n]" time="0.001" /><testcase classname="tests.test_batch_script_attestation" name="test_crlf_and_lf_script_hashes_differ_without_normalization" time="0.001" /><testcase classname="tests.test_batch_script_attestation" name="test_empty_digest_fails_clearly[-aaaaaaaaaaaaaaaaaaaaaaaaaaaaaaaaaaaaaaaaaaaaaaaaaaaaaaaaaaaaaaaa-expected]" time="0.001" /><testcase classname="tests.test_batch_script_attestation" name="test_empty_digest_fails_clearly[aaaaaaaaaaaaaaaaaaaaaaaaaaaaaaaaaaaaaaaaaaaaaaaaaaaaaaaaaaaaaaaa--observed]" time="0.001" /><testcase classname="tests.test_batch_script_attestation" name="test_non_hex_digest_fails_validation" time="0.000" /><testcase classname="tests.test_batch_script_attestation" name="test_missing_file_digest_is_an_explicit_error" time="0.001" /><testcase classname="tests.test_batch_script_attestation" name="test_job_25371_is_implementation_failure_not_script_mutation" time="0.001" /><testcase classname="tests.test_batch_script_attestation" name="test_three_matching_copies_establish_controller_attestation" time="0.001" /><testcase classname="tests.test_batch_script_attestation" name="test_unavailable_running_script_observation_is_nonblocking" time="0.001" /><testcase classname="tests.test_batch_script_attestation" name="test_running_script_observation_preserves_path_and_hash" time="0.001" /><testcase classname="tests.test_batch_script_attestation" name="test_named_runtime_integrity_mismatches_fail_closed[server-command-plan]" time="0.001" /><testcase classname="tests.test_batch_script_attestation" name="test_named_runtime_integrity_mismatches_fail_closed[environment-fingerprint-v2]" time="0.002" /><testcase classname="tests.test_batch_script_attestation" name="test_named_runtime_integrity_mismatches_fail_closed[runtime-content-digest]" time="0.001" /><testcase classname="tests.test_batch_script_attestation" name="test_named_runtime_integrity_mismatches_fail_closed[model-cache-digest]" time="0.001" /><testcase classname="tests.test_batch_script_attestation" name="test_generated_wrapper_has_observational_self_hash_and_no_self_gate" time="0.010" /><testcase classname="tests.test_batch_script_attestation" name="test_shared_driver_hash_mismatch_still_blocks_execution" time="30.607"><failure message="subprocess.TimeoutExpired: Command '['/usr/bin/bash', '/home/s224049759/run-artifacts/batch-script-attestation/pytest-bac71349e9e545348efb95f429187e66/pre-submit/gate.sbatch']' timed out after 30 seconds">tmp_path = PosixPath('/tmp/pytest-of-s224049759/pytest-762/test_shared_driver_hash_mismat0')
shared_test_root = PosixPath('/home/s224049759/run-artifacts/batch-script-attestation/pytest-bac71349e9e545348efb95f429187e66')

    def test_shared_driver_hash_mismatch_still_blocks_execution(
        tmp_path: Path, shared_test_root: Path
    ) -&gt; None:
        _, wrapper, driver, _ = _render_strict_wrapper(tmp_path, shared_test_root)
        driver.chmod(0o600)
        driver.write_text("#!/usr/bin/bash\nexit 0\n", encoding="utf-8")
        marker = tmp_path / "ran"
    
&gt;       completed = _run_wrapper(wrapper, marker, "80001")
                    ^^^^^^^^^^^^^^^^^^^^^^^^^^^^^^^^^^^^^^

tests/test_batch_script_attestation.py:370: 
_ _ _ _ _ _ _ _ _ _ _ _ _ _ _ _ _ _ _ _ _ _ _ _ _ _ _ _ _ _ _ _ _ _ _ _ _ _ _ _ 
tests/test_batch_script_attestation.py:337: in _run_wrapper
    return subprocess.run(
/opt/miniconda3/lib/python3.12/subprocess.py:550: in run
    stdout, stderr = process.communicate(input, timeout=timeout)
                     ^^^^^^^^^^^^^^^^^^^^^^^^^^^^^^^^^^^^^^^^^^^
/opt/miniconda3/lib/python3.12/subprocess.py:1209: in communicate
    stdout, stderr = self._communicate(input, endtime, timeout)
                     ^^^^^^^^^^^^^^^^^^^^^^^^^^^^^^^^^^^^^^^^^^
/opt/miniconda3/lib/python3.12/subprocess.py:2116: in _communicate
    self._check_timeout(endtime, orig_timeout, stdout, stderr)
_ _ _ _ _ _ _ _ _ _ _ _ _ _ _ _ _ _ _ _ _ _ _ _ _ _ _ _ _ _ _ _ _ _ _ _ _ _ _ _ 

self = &lt;Popen: returncode: -9 args: ['/usr/bin/bash', '/home/s224049759/run-artifac...&gt;
endtime = 3638810.555538366, orig_timeout = 30, stdout_seq = [], stderr_seq = []
skip_check_and_raise = False

    def _check_timeout(self, endtime, orig_timeout, stdout_seq, stderr_seq,
                       skip_check_and_raise=False):
        """Convenience for checking if a timeout has expired."""
        if endtime is None:
            return
        if skip_check_and_raise or _time() &gt; endtime:
&gt;           raise TimeoutExpired(
                    self.args, orig_timeout,
                    output=b''.join(stdout_seq) if stdout_seq else None,
                    stderr=b''.join(stderr_seq) if stderr_seq else None)
E           subprocess.TimeoutExpired: Command '['/usr/bin/bash', '/home/s224049759/run-artifacts/batch-script-attestation/pytest-bac71349e9e545348efb95f429187e66/pre-submit/gate.sbatch']' timed out after 30 seconds

/opt/miniconda3/lib/python3.12/subprocess.py:1253: TimeoutExpired</failure></testcase><testcase classname="tests.test_batch_script_attestation" name="test_server_command_plan_hash_mismatch_still_blocks_execution" time="31.115"><failure message="subprocess.TimeoutExpired: Command '['/usr/bin/bash', '/home/s224049759/run-artifacts/batch-script-attestation/pytest-02af7fb4ccf745e5a0281a4c062c4d2c/pre-submit/gate.sbatch']' timed out after 30 seconds">tmp_path = PosixPath('/tmp/pytest-of-s224049759/pytest-762/test_server_command_plan_hash_0')
shared_test_root = PosixPath('/home/s224049759/run-artifacts/batch-script-attestation/pytest-02af7fb4ccf745e5a0281a4c062c4d2c')

    def test_server_command_plan_hash_mismatch_still_blocks_execution(
        tmp_path: Path, shared_test_root: Path
    ) -&gt; None:
        _, wrapper, _, plan = _render_strict_wrapper(tmp_path, shared_test_root)
        plan.chmod(0o600)
        plan.write_text('["changed"]\n', encoding="utf-8")
        marker = tmp_path / "ran"
    
&gt;       completed = _run_wrapper(wrapper, marker, "80002")
                    ^^^^^^^^^^^^^^^^^^^^^^^^^^^^^^^^^^^^^^

tests/test_batch_script_attestation.py:388: 
_ _ _ _ _ _ _ _ _ _ _ _ _ _ _ _ _ _ _ _ _ _ _ _ _ _ _ _ _ _ _ _ _ _ _ _ _ _ _ _ 
tests/test_batch_script_attestation.py:337: in _run_wrapper
    return subprocess.run(
/opt/miniconda3/lib/python3.12/subprocess.py:550: in run
    stdout, stderr = process.communicate(input, timeout=timeout)
                     ^^^^^^^^^^^^^^^^^^^^^^^^^^^^^^^^^^^^^^^^^^^
/opt/miniconda3/lib/python3.12/subprocess.py:1209: in communicate
    stdout, stderr = self._communicate(input, endtime, timeout)
                     ^^^^^^^^^^^^^^^^^^^^^^^^^^^^^^^^^^^^^^^^^^
/opt/miniconda3/lib/python3.12/subprocess.py:2116: in _communicate
    self._check_timeout(endtime, orig_timeout, stdout, stderr)
_ _ _ _ _ _ _ _ _ _ _ _ _ _ _ _ _ _ _ _ _ _ _ _ _ _ _ _ _ _ _ _ _ _ _ _ _ _ _ _ 

self = &lt;Popen: returncode: -9 args: ['/usr/bin/bash', '/home/s224049759/run-artifac...&gt;
endtime = 3638842.21177107, orig_timeout = 30, stdout_seq = [], stderr_seq = []
skip_check_and_raise = False

    def _check_timeout(self, endtime, orig_timeout, stdout_seq, stderr_seq,
                       skip_check_and_raise=False):
        """Convenience for checking if a timeout has expired."""
        if endtime is None:
            return
        if skip_check_and_raise or _time() &gt; endtime:
&gt;           raise TimeoutExpired(
                    self.args, orig_timeout,
                    output=b''.join(stdout_seq) if stdout_seq else None,
                    stderr=b''.join(stderr_seq) if stderr_seq else None)
E           subprocess.TimeoutExpired: Command '['/usr/bin/bash', '/home/s224049759/run-artifacts/batch-script-attestation/pytest-02af7fb4ccf745e5a0281a4c062c4d2c/pre-submit/gate.sbatch']' timed out after 30 seconds

/opt/miniconda3/lib/python3.12/subprocess.py:1253: TimeoutExpired</failure></testcase><testcase classname="tests.test_batch_script_attestation" name="test_strict_inputs_pass_and_are_copied_with_observation" time="30.118"><failure message="subprocess.TimeoutExpired: Command '['/usr/bin/bash', '/home/s224049759/run-artifacts/batch-script-attestation/pytest-3e7b69d7e0024fa4961a8aa9577e68ac/pre-submit/gate.sbatch']' timed out after 30 seconds">tmp_path = PosixPath('/tmp/pytest-of-s224049759/pytest-762/test_strict_inputs_pass_and_ar0')
shared_test_root = PosixPath('/home/s224049759/run-artifacts/batch-script-attestation/pytest-3e7b69d7e0024fa4961a8aa9577e68ac')

    def test_strict_inputs_pass_and_are_copied_with_observation(
        tmp_path: Path, shared_test_root: Path
    ) -&gt; None:
        _, wrapper, _, plan = _render_strict_wrapper(tmp_path, shared_test_root)
        marker = tmp_path / "ran"
    
&gt;       completed = _run_wrapper(wrapper, marker, "80003")
                    ^^^^^^^^^^^^^^^^^^^^^^^^^^^^^^^^^^^^^^

tests/test_batch_script_attestation.py:408: 
_ _ _ _ _ _ _ _ _ _ _ _ _ _ _ _ _ _ _ _ _ _ _ _ _ _ _ _ _ _ _ _ _ _ _ _ _ _ _ _ 
tests/test_batch_script_attestation.py:337: in _run_wrapper
    return subprocess.run(
/opt/miniconda3/lib/python3.12/subprocess.py:550: in run
    stdout, stderr = process.communicate(input, timeout=timeout)
                     ^^^^^^^^^^^^^^^^^^^^^^^^^^^^^^^^^^^^^^^^^^^
/opt/miniconda3/lib/python3.12/subprocess.py:1209: in communicate
    stdout, stderr = self._communicate(input, endtime, timeout)
                     ^^^^^^^^^^^^^^^^^^^^^^^^^^^^^^^^^^^^^^^^^^
/opt/miniconda3/lib/python3.12/subprocess.py:2116: in _communicate
    self._check_timeout(endtime, orig_timeout, stdout, stderr)
_ _ _ _ _ _ _ _ _ _ _ _ _ _ _ _ _ _ _ _ _ _ _ _ _ _ _ _ _ _ _ _ _ _ _ _ _ _ _ _ 

self = &lt;Popen: returncode: -9 args: ['/usr/bin/bash', '/home/s224049759/run-artifac...&gt;
endtime = 3638872.391405135, orig_timeout = 30, stdout_seq = [], stderr_seq = []
skip_check_and_raise = False

    def _check_timeout(self, endtime, orig_timeout, stdout_seq, stderr_seq,
                       skip_check_and_raise=False):
        """Convenience for checking if a timeout has expired."""
        if endtime is None:
            return
        if skip_check_and_raise or _time() &gt; endtime:
&gt;           raise TimeoutExpired(
                    self.args, orig_timeout,
                    output=b''.join(stdout_seq) if stdout_seq else None,
                    stderr=b''.join(stderr_seq) if stderr_seq else None)
E           subprocess.TimeoutExpired: Command '['/usr/bin/bash', '/home/s224049759/run-artifacts/batch-script-attestation/pytest-3e7b69d7e0024fa4961a8aa9577e68ac/pre-submit/gate.sbatch']' timed out after 30 seconds

/opt/miniconda3/lib/python3.12/subprocess.py:1253: TimeoutExpired</failure></testcase><testcase classname="tests.test_batch_script_attestation" name="test_submit_once_and_attest_matching_controller_copy" time="0.095" /><testcase classname="tests.test_batch_script_attestation" name="test_failed_controller_retrieval_cancels_only_submitted_job" time="0.098" /><testcase classname="tests.test_batch_script_attestation" name="test_controller_byte_mismatch_cancels_the_submitted_job" time="0.090" /><testcase classname="tests.test_batch_script_attestation" name="test_attestation_cli_reports_plain_exact_digest" time="20.014"><failure message="subprocess.TimeoutExpired: Command '['/home/s224049759/environments/cmpilot-conda/bin/python', '/home/s224049759/projects/correct-memory-study-worktrees/v2-audit-and-qualification/scripts/batch_script_attestation.py', 'digest', '--path', '/tmp/pytest-of-s224049759/pytest-762/test_attestation_cli_reports_p0/bytes.bin']' timed out after 20 seconds">tmp_path = PosixPath('/tmp/pytest-of-s224049759/pytest-762/test_attestation_cli_reports_p0')

    def test_attestation_cli_reports_plain_exact_digest(tmp_path: Path) -&gt; None:
        source = tmp_path / "bytes.bin"
        source.write_bytes(b"exact bytes\r\n")
    
&gt;       completed = subprocess.run(
            [
                str(CMPILOT_PYTHON),
                str(DIGEST_TOOL),
                "digest",
                "--path",
                str(source),
            ],
            check=False,
            capture_output=True,
            text=True,
            timeout=20,
        )

tests/test_batch_script_attestation.py:509: 
_ _ _ _ _ _ _ _ _ _ _ _ _ _ _ _ _ _ _ _ _ _ _ _ _ _ _ _ _ _ _ _ _ _ _ _ _ _ _ _ 
/opt/miniconda3/lib/python3.12/subprocess.py:550: in run
    stdout, stderr = process.communicate(input, timeout=timeout)
                     ^^^^^^^^^^^^^^^^^^^^^^^^^^^^^^^^^^^^^^^^^^^
/opt/miniconda3/lib/python3.12/subprocess.py:1209: in communicate
    stdout, stderr = self._communicate(input, endtime, timeout)
                     ^^^^^^^^^^^^^^^^^^^^^^^^^^^^^^^^^^^^^^^^^^
/opt/miniconda3/lib/python3.12/subprocess.py:2116: in _communicate
    self._check_timeout(endtime, orig_timeout, stdout, stderr)
_ _ _ _ _ _ _ _ _ _ _ _ _ _ _ _ _ _ _ _ _ _ _ _ _ _ _ _ _ _ _ _ _ _ _ _ _ _ _ _ 

self = &lt;Popen: returncode: -9 args: ['/home/s224049759/environments/cmpilot-conda/b...&gt;
endtime = 3638892.857018533, orig_timeout = 20, stdout_seq = [], stderr_seq = []
skip_check_and_raise = False

    def _check_timeout(self, endtime, orig_timeout, stdout_seq, stderr_seq,
                       skip_check_and_raise=False):
        """Convenience for checking if a timeout has expired."""
        if endtime is None:
            return
        if skip_check_and_raise or _time() &gt; endtime:
&gt;           raise TimeoutExpired(
                    self.args, orig_timeout,
                    output=b''.join(stdout_seq) if stdout_seq else None,
                    stderr=b''.join(stderr_seq) if stderr_seq else None)
E           subprocess.TimeoutExpired: Command '['/home/s224049759/environments/cmpilot-conda/bin/python', '/home/s224049759/projects/correct-memory-study-worktrees/v2-audit-and-qualification/scripts/batch_script_attestation.py', 'digest', '--path', '/tmp/pytest-of-s224049759/pytest-762/test_attestation_cli_reports_p0/bytes.bin']' timed out after 20 seconds

/opt/miniconda3/lib/python3.12/subprocess.py:1253: TimeoutExpired</failure></testcase><testcase classname="tests.test_batch_script_attestation" name="test_submission_cli_has_one_submit_path_and_controller_retrieval" time="0.001" /><testcase classname="tests.test_batch_script_attestation" name="test_missing_submission_dependency_blocks_before_sbatch" time="0.002" /><testcase classname="tests.test_batch_script_attestation" name="test_cluster_submission_executable_defaults_are_absolute_and_present" time="0.001" /><testcase classname="tests.test_calculator_final_harness_cpu_job" name="test_targeted_gate_includes_all_three_job_25642_regressions" time="0.000" /><testcase time="0.006" /></testsuite></testsuites>