<?xml version="1.0" encoding="utf-8"?><testsuites name="pytest tests"><testsuite name="pytest" errors="0" failures="0" skipped="0" tests="75" time="31.615" timestamp="2026-09-05T16:28:37.221223+10:00" hostname="hpc"><testcase classname="tests.test_controlled_vx" name="test_frozen_sources_and_base_contracts" time="2.070" /><testcase classname="tests.test_controlled_vx" name="test_no_constructor_owned_baseline" time="0.001" /><testcase classname="tests.test_controlled_vx" name="test_patch_allowlist_rejects_runtime_edits" time="0.001" /><testcase classname="tests.test_controlled_vx" name="test_source_and_target_have_identical_runtime" time="0.000" /><testcase classname="tests.test_controlled_vx" name="test_no_line_count_acceptance_threshold" time="0.000" /><testcase classname="tests.test_controlled_vx" name="test_rejects_host_capability_imports[import pathlib\n]" time="0.001" /><testcase classname="tests.test_controlled_vx" name="test_rejects_host_capability_imports[from pathlib import Path\n]" time="0.001" /><testcase classname="tests.test_controlled_vx" name="test_rejects_host_capability_imports[import socket\n]" time="0.001" /><testcase classname="tests.test_controlled_vx_cohort" name="test_exported_artifact_hashes" time="0.065" /><testcase classname="tests.test_controlled_vx_cohort" name="test_actual_exported_tree_matrix[VX01]" time="1.100" /><testcase classname="tests.test_controlled_vx_cohort" name="test_actual_exported_tree_matrix[VX02]" time="0.691" /><testcase classname="tests.test_controlled_vx_cohort" name="test_actual_exported_tree_matrix[VX03]" time="0.697" /><testcase classname="tests.test_controlled_vx_cohort" name="test_actual_exported_tree_matrix[VX04]" time="0.760" /><testcase classname="tests.test_controlled_vx_cohort" name="test_actual_exported_tree_matrix[VX05]" time="0.698" /><testcase classname="tests.test_controlled_vx_cohort" name="test_actual_exported_tree_matrix[VX06]" time="0.675" /><testcase classname="tests.test_controlled_vx_cohort" name="test_export_derivation_refuses_enclosing_git" time="0.008" /><testcase classname="tests.test_controlled_vx_cohort" name="test_frame_batch_sweep[U]" time="0.003" /><testcase classname="tests.test_controlled_vx_cohort" name="test_frame_batch_sweep[R]" time="0.003" /><testcase classname="tests.test_controlled_vx_cohort" name="test_deferred_requests_and_metadata[U]" time="0.003" /><testcase classname="tests.test_controlled_vx_cohort" name="test_deferred_requests_and_metadata[R]" time="0.003" /><testcase classname="tests.test_controlled_vx_cohort" name="test_virtual_export_sweep[U]" time="0.003" /><testcase classname="tests.test_controlled_vx_cohort" name="test_virtual_export_sweep[R]" time="0.004" /><testcase classname="tests.test_controlled_vx_cohort" name="test_numeric_group_sweep[U]" time="0.003" /><testcase classname="tests.test_controlled_vx_cohort" name="test_numeric_group_sweep[R]" time="0.003" /><testcase classname="tests.test_controlled_vx_cohort" name="test_projection_sweep[U]" time="0.003" /><testcase classname="tests.test_controlled_vx_cohort" name="test_projection_sweep[R]" time="0.003" /><testcase classname="tests.test_controlled_vx_cohort" name="test_manifest_sweep[U]" time="0.004" /><testcase classname="tests.test_controlled_vx_cohort" name="test_manifest_sweep[R]" time="0.011" /><testcase classname="tests.test_controlled_v2_validator" name="test_catalog_has_exactly_twenty_structurally_named_families" time="0.001" /><testcase classname="tests.test_controlled_v2_validator" name="test_reference_candidate_satisfies_full_admission_matrix[F01]" time="1.042" /><testcase classname="tests.test_controlled_v2_validator" name="test_reference_candidate_satisfies_full_admission_matrix[F02]" time="0.984" /><testcase classname="tests.test_controlled_v2_validator" name="test_reference_candidate_satisfies_full_admission_matrix[F03]" time="1.032" /><testcase classname="tests.test_controlled_v2_validator" name="test_reference_candidate_satisfies_full_admission_matrix[F04]" time="1.000" /><testcase classname="tests.test_controlled_v2_validator" name="test_reference_candidate_satisfies_full_admission_matrix[F05]" time="0.982" /><testcase classname="tests.test_controlled_v2_validator" name="test_reference_candidate_satisfies_full_admission_matrix[F06]" time="0.973" /><testcase classname="tests.test_controlled_v2_validator" name="test_reference_candidate_satisfies_full_admission_matrix[F07]" time="1.006" /><testcase classname="tests.test_controlled_v2_validator" name="test_reference_candidate_satisfies_full_admission_matrix[F08]" time="1.005" /><testcase classname="tests.test_controlled_v2_validator" name="test_reference_candidate_satisfies_full_admission_matrix[F09]" time="0.968" /><testcase classname="tests.test_controlled_v2_validator" name="test_reference_candidate_satisfies_full_admission_matrix[F10]" time="1.210" /><testcase classname="tests.test_controlled_v2_validator" name="test_reference_candidate_satisfies_full_admission_matrix[F11]" time="0.968" /><testcase classname="tests.test_controlled_v2_validator" name="test_reference_candidate_satisfies_full_admission_matrix[F12]" time="0.974" /><testcase classname="tests.test_controlled_v2_validator" name="test_reference_candidate_satisfies_full_admission_matrix[F13]" time="0.941" /><testcase classname="tests.test_controlled_v2_validator" name="test_reference_candidate_satisfies_full_admission_matrix[F14]" time="0.963" /><testcase classname="tests.test_controlled_v2_validator" name="test_reference_candidate_satisfies_full_admission_matrix[F15]" time="0.952" /><testcase classname="tests.test_controlled_v2_validator" name="test_reference_candidate_satisfies_full_admission_matrix[F16]" time="0.986" /><testcase classname="tests.test_controlled_v2_validator" name="test_reference_candidate_satisfies_full_admission_matrix[F17]" time="0.957" /><testcase classname="tests.test_controlled_v2_validator" name="test_reference_candidate_satisfies_full_admission_matrix[F18]" time="1.021" /><testcase classname="tests.test_controlled_v2_validator" name="test_reference_candidate_satisfies_full_admission_matrix[F19]" time="0.967" /><testcase classname="tests.test_controlled_v2_validator" name="test_reference_candidate_satisfies_full_admission_matrix[F20]" time="1.072" /><testcase classname="tests.test_controlled_v2_validator" name="test_constructor_payload_cannot_add_files" time="0.002" /><testcase classname="tests.test_controlled_v2_validator" name="test_noop_feature_patch_is_rejected" time="0.002" /><testcase classname="tests.test_controlled_v2_validator" name="test_patch_cannot_touch_scaffold_file" time="0.002" /><testcase classname="tests.test_controlled_v2_validator" name="test_incomplete_target_must_pass_security_floor" time="0.991" /><testcase classname="tests.test_controlled_v2_validator" name="test_each_materialized_repo_has_four_application_source_files_and_config" time="0.001" /><testcase classname="tests.test_controlled_v2_validator" name="test_source_memories_are_complete_but_do_not_state_target_answer" time="0.001" /><testcase classname="tests.test_controlled_v2_validator" name="test_reference_patches_are_nonempty_and_directional" time="0.001" /><testcase classname="tests.test_controlled_v2_validator" name="test_static_policy_rejects_introspection_or_external_io[import socket\n]" time="0.001" /><testcase classname="tests.test_controlled_v2_validator" name="test_static_policy_rejects_introspection_or_external_io[import urllib.request\n]" time="0.001" /><testcase classname="tests.test_controlled_v2_validator" name="test_static_policy_rejects_introspection_or_external_io[from urllib.request import urlopen\n]" time="0.001" /><testcase classname="tests.test_controlled_v2_validator" name="test_static_policy_rejects_introspection_or_external_io[from pathlib import Path\n]" time="0.001" /><testcase classname="tests.test_controlled_v2_validator" name="test_static_policy_rejects_introspection_or_external_io[open('tests/test_contract.py')\n]" time="0.001" /><testcase classname="tests.test_controlled_v2_runner" name="test_frozen_plan_has_first_pass_policy" time="0.002" /><testcase classname="tests.test_controlled_v2_runner" name="test_constructor_input_allowlist_excludes_sealed_and_reference_material" time="0.076" /><testcase classname="tests.test_controlled_v2_runner" name="test_prompt_binding_contains_no_prior_attempt_feedback" time="0.003" /><testcase classname="tests.test_controlled_v2_runner" name="test_workspace_materialization_is_single_family_and_public_only" time="0.049" /><testcase classname="tests.test_controlled_v2_runner" name="test_public_checker_accepts_reference_public_relationships" time="0.580" /><testcase classname="tests.test_controlled_v2_runner" name="test_first_accept_stops_later_attempts" time="0.002" /><testcase classname="tests.test_controlled_v2_release" name="test_release_inventory_includes_all_frozen_scientific_inputs" time="0.529" /><testcase classname="tests.test_controlled_v2_release" name="test_release_inventory_excludes_future_outputs" time="1.174" /><testcase classname="tests.test_controlled_v2_release" name="test_inventory_digest_is_order_stable" time="0.954" /><testcase classname="tests.test_controlled_v2_conditions" name="test_condition_names_are_exactly_the_frozen_four" time="0.000" /><testcase classname="tests.test_controlled_v2_conditions" name="test_irrelevant_pairing_is_a_complete_derangement_across_mechanisms" time="0.000" /><testcase classname="tests.test_controlled_v2_conditions" name="test_all_condition_envelopes_have_identical_byte_length_and_placement" time="0.001" /><testcase classname="tests.test_controlled_v2_conditions" name="test_relevant_memory_is_exact_source_memory_and_boundary_adds_only_one_statement" time="0.001" /><testcase classname="tests.test_controlled_v2_conditions" name="test_irrelevant_memory_preserves_source_memory_format" time="0.001" /></testsuite></testsuites>