<?xml version="1.0" encoding="utf-8"?><testsuites name="pytest tests"><testsuite name="pytest" errors="0" failures="0" skipped="0" tests="13" time="73.645" timestamp="2026-09-01T22:13:25.566927+10:00" hostname="hpc"><testcase classname="tests.test_qwen36_qualification" name="test_frozen_qwen36_generation_and_seed_schedule_are_exact" time="0.001" /><testcase classname="tests.test_qwen36_qualification" name="test_resolved_agent_config_only_adds_the_predeclared_task_seed" time="0.001" /><testcase classname="tests.test_qwen36_qualification" name="test_reasoning_is_excluded_from_canonical_assistant_history" time="0.000" /><testcase classname="tests.test_qwen36_qualification" name="test_qwen36_scientific_adapter_multiturn_mock" time="3.806" /><testcase classname="tests.test_qwen36_qualification" name="test_all_seven_generated_batches_share_the_frozen_scientific_settings" time="0.015" /><testcase classname="tests.test_qwen36_qualification" name="test_tracked_batches_exactly_match_the_frozen_generator" time="0.015" /><testcase classname="tests.test_qwen36_qualification" name="test_candidate_and_suite_identity_remain_unchanged" time="0.015" /><testcase classname="tests.test_qwen36_qualification" name="test_smoke_result_builds_from_the_two_gpu_array_artifact" time="0.040" /><testcase classname="tests.test_qwen36_qualification" name="test_final_freeze_validates_when_present" time="0.007" /><testcase classname="tests.test_qwen36_qualification" name="test_post_freeze_cpu_gate_starts_with_repository_imports" time="0.261" /><testcase classname="tests.test_qwen36_qualification_harness" name="test_job_25963_incomplete_config_fails_at_construction" time="0.002" /><testcase classname="tests.test_qwen36_qualification_harness" name="test_adapter_config_requires_an_existing_explicit_source" time="0.001" /><testcase classname="tests.test_qwen36_qualification_harness" name="test_canonical_agent_config_is_explicit_and_freeze_validates_with_amendment" time="0.007" /><testcase time="0.001" /></testsuite></testsuites>