<?xml version="1.0" encoding="utf-8"?><testsuites name="pytest tests"><testsuite name="pytest" errors="0" failures="6" skipped="0" tests="68" time="60.010" timestamp="2026-09-05T16:22:05.970859+10:00" hostname="hpc"><testcase classname="tests.test_controlled_vx" name="test_frozen_sources_and_base_contracts" time="5.008" /><testcase classname="tests.test_controlled_vx" name="test_no_constructor_owned_baseline" time="0.001" /><testcase classname="tests.test_controlled_vx" name="test_patch_allowlist_rejects_runtime_edits" time="0.001" /><testcase classname="tests.test_controlled_vx" name="test_source_and_target_have_identical_runtime" time="0.000" /><testcase classname="tests.test_controlled_vx" name="test_no_line_count_acceptance_threshold" time="0.000" /><testcase classname="tests.test_controlled_vx" name="test_rejects_host_capability_imports[import pathlib\n]" time="0.001" /><testcase classname="tests.test_controlled_vx" name="test_rejects_host_capability_imports[from pathlib import Path\n]" time="0.001" /><testcase classname="tests.test_controlled_vx" name="test_rejects_host_capability_imports[import socket\n]" time="0.001" /><testcase classname="tests.test_controlled_vx_cohort" name="test_exported_artifact_hashes" time="0.008" /><testcase classname="tests.test_controlled_vx_cohort" name="test_frame_batch_sweep[U]" time="0.004" /><testcase classname="tests.test_controlled_vx_cohort" name="test_frame_batch_sweep[R]" time="0.004" /><testcase classname="tests.test_controlled_vx_cohort" name="test_deferred_requests_and_metadata[U]" time="0.002"><failure message="NotImplementedError: batch preparation">application = &lt;function application.&lt;locals&gt;.load at 0x7f9c310fdee0&gt;

    def test_deferred_requests_and_metadata(application):
        service, runtime = application("VX02")
        for size in range(16):
            values = {f"item-{i}": f"value {i} Ω" for i in range(4)}
            store = runtime.LeaseStore(values)
            requests = [dict(id=f"item-{i % 4}", prefix=f"{i}:", suffix="!")
                        for i in range(size)]
            original = copy.deepcopy(requests)
            calls = []
    
            def formatter(value):
                calls.append(value)
                return value.upper()
    
&gt;           callbacks = service.prepare_batch(store, requests, formatter)
                        ^^^^^^^^^^^^^^^^^^^^^^^^^^^^^^^^^^^^^^^^^^^^^^^^^

tests/test_controlled_vx_cohort.py:103: 
_ _ _ _ _ _ _ _ _ _ _ _ _ _ _ _ _ _ _ _ _ _ _ _ _ _ _ _ _ _ _ _ _ _ _ _ _ _ _ _ 

store = &lt;app.runtime.LeaseStore object at 0x7f9c30f51370&gt;, requests = []
formatter = &lt;function test_deferred_requests_and_metadata.&lt;locals&gt;.formatter at 0x7f9c310fd760&gt;

    def prepare_batch(store, requests, formatter):
&gt;       raise NotImplementedError("batch preparation")
E       NotImplementedError: batch preparation

synthetic_triplets/controlled_vx/accepted/VX02/U/app/service.py:6: NotImplementedError</failure></testcase><testcase classname="tests.test_controlled_vx_cohort" name="test_deferred_requests_and_metadata[R]" time="0.003"><failure message="NotImplementedError: batch preparation">application = &lt;function application.&lt;locals&gt;.load at 0x7f9c310fd620&gt;

    def test_deferred_requests_and_metadata(application):
        service, runtime = application("VX02")
        for size in range(16):
            values = {f"item-{i}": f"value {i} Ω" for i in range(4)}
            store = runtime.LeaseStore(values)
            requests = [dict(id=f"item-{i % 4}", prefix=f"{i}:", suffix="!")
                        for i in range(size)]
            original = copy.deepcopy(requests)
            calls = []
    
            def formatter(value):
                calls.append(value)
                return value.upper()
    
&gt;           callbacks = service.prepare_batch(store, requests, formatter)
                        ^^^^^^^^^^^^^^^^^^^^^^^^^^^^^^^^^^^^^^^^^^^^^^^^^

tests/test_controlled_vx_cohort.py:103: 
_ _ _ _ _ _ _ _ _ _ _ _ _ _ _ _ _ _ _ _ _ _ _ _ _ _ _ _ _ _ _ _ _ _ _ _ _ _ _ _ 

store = &lt;app.runtime.LeaseStore object at 0x7f9c31007d10&gt;, requests = []
formatter = &lt;function test_deferred_requests_and_metadata.&lt;locals&gt;.formatter at 0x7f9c310fe980&gt;

    def prepare_batch(store, requests, formatter):
&gt;       raise NotImplementedError("batch preparation")
E       NotImplementedError: batch preparation

synthetic_triplets/controlled_vx/accepted/VX02/R/app/service.py:6: NotImplementedError</failure></testcase><testcase classname="tests.test_controlled_vx_cohort" name="test_virtual_export_sweep[U]" time="0.003"><failure message="NotImplementedError: batch exports">application = &lt;function application.&lt;locals&gt;.load at 0x7f9c310feac0&gt;

    def test_virtual_export_sweep(application):
        service, runtime = application("VX03")
        for size in range(16):
            reports = [dict(id=i - 9, title=f"Title {i}", body="ß\n" * i,
                            **({"name": f"team/{i}/report.txt"} if i % 2 else {}))
                       for i in range(size)]
            original = copy.deepcopy(reports)
            for format_name in ("text", "upper"):
                store = runtime.VirtualStore()
&gt;               got = service.export_batch(reports, store, format_name=format_name)
                      ^^^^^^^^^^^^^^^^^^^^^^^^^^^^^^^^^^^^^^^^^^^^^^^^^^^^^^^^^^^^^

tests/test_controlled_vx_cohort.py:126: 
_ _ _ _ _ _ _ _ _ _ _ _ _ _ _ _ _ _ _ _ _ _ _ _ _ _ _ _ _ _ _ _ _ _ _ _ _ _ _ _ 

reports = [], store = &lt;app.runtime.VirtualStore object at 0x7f9c30f504d0&gt;
format_name = 'text'

    def export_batch(reports, store, *, format_name='text'):
&gt;       raise NotImplementedError('batch exports')
E       NotImplementedError: batch exports

synthetic_triplets/controlled_vx/accepted/VX03/U/app/service.py:7: NotImplementedError</failure></testcase><testcase classname="tests.test_controlled_vx_cohort" name="test_virtual_export_sweep[R]" time="0.002"><failure message="NotImplementedError: batch exports">application = &lt;function application.&lt;locals&gt;.load at 0x7f9c30f6f100&gt;

    def test_virtual_export_sweep(application):
        service, runtime = application("VX03")
        for size in range(16):
            reports = [dict(id=i - 9, title=f"Title {i}", body="ß\n" * i,
                            **({"name": f"team/{i}/report.txt"} if i % 2 else {}))
                       for i in range(size)]
            original = copy.deepcopy(reports)
            for format_name in ("text", "upper"):
                store = runtime.VirtualStore()
&gt;               got = service.export_batch(reports, store, format_name=format_name)
                      ^^^^^^^^^^^^^^^^^^^^^^^^^^^^^^^^^^^^^^^^^^^^^^^^^^^^^^^^^^^^^

tests/test_controlled_vx_cohort.py:126: 
_ _ _ _ _ _ _ _ _ _ _ _ _ _ _ _ _ _ _ _ _ _ _ _ _ _ _ _ _ _ _ _ _ _ _ _ _ _ _ _ 

reports = [], store = &lt;app.runtime.VirtualStore object at 0x7f9c30f75dc0&gt;
format_name = 'text'

    def export_batch(reports, store, *, format_name='text'):
&gt;       raise NotImplementedError('batch exports')
E       NotImplementedError: batch exports

synthetic_triplets/controlled_vx/accepted/VX03/R/app/service.py:7: NotImplementedError</failure></testcase><testcase classname="tests.test_controlled_vx_cohort" name="test_numeric_group_sweep[U]" time="0.004" /><testcase classname="tests.test_controlled_vx_cohort" name="test_numeric_group_sweep[R]" time="0.004" /><testcase classname="tests.test_controlled_vx_cohort" name="test_projection_sweep[U]" time="0.004" /><testcase classname="tests.test_controlled_vx_cohort" name="test_projection_sweep[R]" time="0.004" /><testcase classname="tests.test_controlled_vx_cohort" name="test_manifest_sweep[U]" time="0.003"><failure message="NotImplementedError: resource manifests">application = &lt;function application.&lt;locals&gt;.load at 0x7f9c30f6c400&gt;

    def test_manifest_sweep(application):
        service, runtime = application("VX06")
        for size in range(16):
            session = runtime.Session(("HTTPS", "APP.EXAMPLE", 443), "diagnostic-marker")
            transport = runtime.Transport()
            entries = [dict(id=f"entry-{i}", path=f"resource-{i % 3}",
                            origin=("HTTPS" if i % 2 else "https", "APP.EXAMPLE", 443))
                       for i in range(size)]
            original = copy.deepcopy(entries)
            rows = [dict(id=e["id"], origin=("https", "app.example", 443),
                         path=e["path"], body="app.example:" + e["path"]) for e in entries]
&gt;           got = service.fetch_manifest(entries, session, transport)
                  ^^^^^^^^^^^^^^^^^^^^^^^^^^^^^^^^^^^^^^^^^^^^^^^^^^^

tests/test_controlled_vx_cohort.py:191: 
_ _ _ _ _ _ _ _ _ _ _ _ _ _ _ _ _ _ _ _ _ _ _ _ _ _ _ _ _ _ _ _ _ _ _ _ _ _ _ _ 

entries = []
session = Session(origin=('HTTPS', 'APP.EXAMPLE', 443), marker='diagnostic-marker')
transport = &lt;app.runtime.Transport object at 0x7f9c30f77b00&gt;

    def fetch_manifest(entries, session, transport):
&gt;       raise NotImplementedError('resource manifests')
E       NotImplementedError: resource manifests

synthetic_triplets/controlled_vx/accepted/VX06/U/app/service.py:6: NotImplementedError</failure></testcase><testcase classname="tests.test_controlled_vx_cohort" name="test_manifest_sweep[R]" time="0.003"><failure message="NotImplementedError: resource manifests">application = &lt;function application.&lt;locals&gt;.load at 0x7f9c30f6c5e0&gt;

    def test_manifest_sweep(application):
        service, runtime = application("VX06")
        for size in range(16):
            session = runtime.Session(("HTTPS", "APP.EXAMPLE", 443), "diagnostic-marker")
            transport = runtime.Transport()
            entries = [dict(id=f"entry-{i}", path=f"resource-{i % 3}",
                            origin=("HTTPS" if i % 2 else "https", "APP.EXAMPLE", 443))
                       for i in range(size)]
            original = copy.deepcopy(entries)
            rows = [dict(id=e["id"], origin=("https", "app.example", 443),
                         path=e["path"], body="app.example:" + e["path"]) for e in entries]
&gt;           got = service.fetch_manifest(entries, session, transport)
                  ^^^^^^^^^^^^^^^^^^^^^^^^^^^^^^^^^^^^^^^^^^^^^^^^^^^

tests/test_controlled_vx_cohort.py:191: 
_ _ _ _ _ _ _ _ _ _ _ _ _ _ _ _ _ _ _ _ _ _ _ _ _ _ _ _ _ _ _ _ _ _ _ _ _ _ _ _ 

entries = []
session = Session(origin=('HTTPS', 'APP.EXAMPLE', 443), marker='diagnostic-marker')
transport = &lt;app.runtime.Transport object at 0x7f9c30f76ba0&gt;

    def fetch_manifest(entries, session, transport):
&gt;       raise NotImplementedError('resource manifests')
E       NotImplementedError: resource manifests

synthetic_triplets/controlled_vx/accepted/VX06/R/app/service.py:6: NotImplementedError</failure></testcase><testcase classname="tests.test_controlled_v2_validator" name="test_catalog_has_exactly_twenty_structurally_named_families" time="0.000" /><testcase classname="tests.test_controlled_v2_validator" name="test_reference_candidate_satisfies_full_admission_matrix[F01]" time="3.657" /><testcase classname="tests.test_controlled_v2_validator" name="test_reference_candidate_satisfies_full_admission_matrix[F02]" time="2.484" /><testcase classname="tests.test_controlled_v2_validator" name="test_reference_candidate_satisfies_full_admission_matrix[F03]" time="1.759" /><testcase classname="tests.test_controlled_v2_validator" name="test_reference_candidate_satisfies_full_admission_matrix[F04]" time="1.470" /><testcase classname="tests.test_controlled_v2_validator" name="test_reference_candidate_satisfies_full_admission_matrix[F05]" time="3.761" /><testcase classname="tests.test_controlled_v2_validator" name="test_reference_candidate_satisfies_full_admission_matrix[F06]" time="1.693" /><testcase classname="tests.test_controlled_v2_validator" name="test_reference_candidate_satisfies_full_admission_matrix[F07]" time="4.498" /><testcase classname="tests.test_controlled_v2_validator" name="test_reference_candidate_satisfies_full_admission_matrix[F08]" time="2.703" /><testcase classname="tests.test_controlled_v2_validator" name="test_reference_candidate_satisfies_full_admission_matrix[F09]" time="2.363" /><testcase classname="tests.test_controlled_v2_validator" name="test_reference_candidate_satisfies_full_admission_matrix[F10]" time="1.694" /><testcase classname="tests.test_controlled_v2_validator" name="test_reference_candidate_satisfies_full_admission_matrix[F11]" time="2.810" /><testcase classname="tests.test_controlled_v2_validator" name="test_reference_candidate_satisfies_full_admission_matrix[F12]" time="2.926" /><testcase classname="tests.test_controlled_v2_validator" name="test_reference_candidate_satisfies_full_admission_matrix[F13]" time="2.062" /><testcase classname="tests.test_controlled_v2_validator" name="test_reference_candidate_satisfies_full_admission_matrix[F14]" time="1.330" /><testcase classname="tests.test_controlled_v2_validator" name="test_reference_candidate_satisfies_full_admission_matrix[F15]" time="1.615" /><testcase classname="tests.test_controlled_v2_validator" name="test_reference_candidate_satisfies_full_admission_matrix[F16]" time="2.381" /><testcase classname="tests.test_controlled_v2_validator" name="test_reference_candidate_satisfies_full_admission_matrix[F17]" time="1.581" /><testcase classname="tests.test_controlled_v2_validator" name="test_reference_candidate_satisfies_full_admission_matrix[F18]" time="2.467" /><testcase classname="tests.test_controlled_v2_validator" name="test_reference_candidate_satisfies_full_admission_matrix[F19]" time="1.512" /><testcase classname="tests.test_controlled_v2_validator" name="test_reference_candidate_satisfies_full_admission_matrix[F20]" time="2.059" /><testcase classname="tests.test_controlled_v2_validator" name="test_constructor_payload_cannot_add_files" time="0.002" /><testcase classname="tests.test_controlled_v2_validator" name="test_noop_feature_patch_is_rejected" time="0.002" /><testcase classname="tests.test_controlled_v2_validator" name="test_patch_cannot_touch_scaffold_file" time="0.003" /><testcase classname="tests.test_controlled_v2_validator" name="test_incomplete_target_must_pass_security_floor" time="2.378" /><testcase classname="tests.test_controlled_v2_validator" name="test_each_materialized_repo_has_four_application_source_files_and_config" time="0.000" /><testcase classname="tests.test_controlled_v2_validator" name="test_source_memories_are_complete_but_do_not_state_target_answer" time="0.001" /><testcase classname="tests.test_controlled_v2_validator" name="test_reference_patches_are_nonempty_and_directional" time="0.001" /><testcase classname="tests.test_controlled_v2_validator" name="test_static_policy_rejects_introspection_or_external_io[import socket\n]" time="0.001" /><testcase classname="tests.test_controlled_v2_validator" name="test_static_policy_rejects_introspection_or_external_io[import urllib.request\n]" time="0.001" /><testcase classname="tests.test_controlled_v2_validator" name="test_static_policy_rejects_introspection_or_external_io[from urllib.request import urlopen\n]" time="0.001" /><testcase classname="tests.test_controlled_v2_validator" name="test_static_policy_rejects_introspection_or_external_io[from pathlib import Path\n]" time="0.001" /><testcase classname="tests.test_controlled_v2_validator" name="test_static_policy_rejects_introspection_or_external_io[open('tests/test_contract.py')\n]" time="0.001" /><testcase classname="tests.test_controlled_v2_runner" name="test_frozen_plan_has_first_pass_policy" time="0.003" /><testcase classname="tests.test_controlled_v2_runner" name="test_constructor_input_allowlist_excludes_sealed_and_reference_material" time="0.122" /><testcase classname="tests.test_controlled_v2_runner" name="test_prompt_binding_contains_no_prior_attempt_feedback" time="0.003" /><testcase classname="tests.test_controlled_v2_runner" name="test_workspace_materialization_is_single_family_and_public_only" time="0.052" /><testcase classname="tests.test_controlled_v2_runner" name="test_public_checker_accepts_reference_public_relationships" time="0.864" /><testcase classname="tests.test_controlled_v2_runner" name="test_first_accept_stops_later_attempts" time="0.002" /><testcase classname="tests.test_controlled_v2_release" name="test_release_inventory_includes_all_frozen_scientific_inputs" time="1.514" /><testcase classname="tests.test_controlled_v2_release" name="test_release_inventory_excludes_future_outputs" time="1.206" /><testcase classname="tests.test_controlled_v2_release" name="test_inventory_digest_is_order_stable" time="1.067" /><testcase classname="tests.test_controlled_v2_conditions" name="test_condition_names_are_exactly_the_frozen_four" time="0.000" /><testcase classname="tests.test_controlled_v2_conditions" name="test_irrelevant_pairing_is_a_complete_derangement_across_mechanisms" time="0.001" /><testcase classname="tests.test_controlled_v2_conditions" name="test_all_condition_envelopes_have_identical_byte_length_and_placement" time="0.001" /><testcase classname="tests.test_controlled_v2_conditions" name="test_relevant_memory_is_exact_source_memory_and_boundary_adds_only_one_statement" time="0.001" /><testcase classname="tests.test_controlled_v2_conditions" name="test_irrelevant_memory_preserves_source_memory_format" time="0.001" /></testsuite></testsuites>