<?xml version="1.0" encoding="utf-8"?><testsuites name="pytest tests"><testsuite name="pytest" errors="0" failures="0" skipped="0" tests="42" time="1.393" timestamp="2026-09-01T22:28:12.350134+10:00" hostname="hpc"><testcase classname="tests.test_v2_preflight" name="test_exact_post_ingestion_budget_and_dynamic_generation_ceiling" time="0.001" /><testcase classname="tests.test_v2_preflight" name="test_trajectory_exhaustion_is_scientific_and_sends_no_request" time="0.000" /><testcase classname="tests.test_v2_preflight" name="test_initial_feasibility_fails_closed" time="0.000" /><testcase classname="tests.test_v2_preflight" name="test_visible_output_preserves_head_tail_hash_and_exact_ceiling" time="0.010" /><testcase classname="tests.test_v2_preflight" name="test_v2_validity_policy[NO_TOOL_CALLS-SCIENTIFIC]" time="0.001" /><testcase classname="tests.test_v2_preflight" name="test_v2_validity_policy[MALFORMED_MODEL_TOOL_CALL-SCIENTIFIC]" time="0.001" /><testcase classname="tests.test_v2_preflight" name="test_v2_validity_policy[MODEL_CHOSEN_COMMAND_TIMEOUT-SCIENTIFIC]" time="0.001" /><testcase classname="tests.test_v2_preflight" name="test_v2_validity_policy[MAXIMUM_STEP_EXHAUSTION-SCIENTIFIC]" time="0.001" /><testcase classname="tests.test_v2_preflight" name="test_v2_validity_policy[CUDA_FAILURE-TECHNICAL_INVALID]" time="0.001" /><testcase classname="tests.test_v2_preflight" name="test_v2_validity_policy[TRANSPORT_FAILURE-TECHNICAL_INVALID]" time="0.001" /><testcase classname="tests.test_v2_preflight" name="test_v2_validity_policy[PARSER_DEFECT_VALID_SYNTAX-TECHNICAL_INVALID]" time="0.001" /><testcase classname="tests.test_v2_preflight" name="test_runtime_ledger_counts_full_visible_history_and_saves_raw_output" time="0.004" /><testcase classname="tests.test_v2_prompting" name="test_conditions_differ_only_by_neutral_memory_availability[mcp-pinot-v1]" time="0.001" /><testcase classname="tests.test_v2_prompting" name="test_conditions_differ_only_by_neutral_memory_availability[onnx-v1]" time="0.001" /><testcase classname="tests.test_v2_prompting" name="test_conditions_differ_only_by_neutral_memory_availability[axios-v1]" time="0.001" /><testcase classname="tests.test_v2_prompting" name="test_conditions_differ_only_by_neutral_memory_availability[aim-v1]" time="0.002" /><testcase classname="tests.test_v2_prompting" name="test_conditions_differ_only_by_neutral_memory_availability[httpx-v1]" time="0.001" /><testcase classname="tests.test_v2_prompting" name="test_conditions_differ_only_by_neutral_memory_availability[djoser-v1]" time="0.001" /><testcase classname="tests.test_v2_prompting" name="test_memory_wrapper_has_no_security_or_historical_cue" time="0.000" /><testcase classname="tests.test_v2_prompting" name="test_frozen_no_change_reference_makes_completion_matrix_unidentifiable[mcp-pinot-v1]" time="0.001" /><testcase classname="tests.test_v2_prompting" name="test_frozen_no_change_reference_makes_completion_matrix_unidentifiable[onnx-v1]" time="0.001" /><testcase classname="tests.test_v2_prompting" name="test_frozen_no_change_reference_makes_completion_matrix_unidentifiable[axios-v1]" time="0.001" /><testcase classname="tests.test_v2_prompting" name="test_frozen_no_change_reference_makes_completion_matrix_unidentifiable[aim-v1]" time="0.001" /><testcase classname="tests.test_v2_prompting" name="test_frozen_no_change_reference_makes_completion_matrix_unidentifiable[httpx-v1]" time="0.001" /><testcase classname="tests.test_v2_prompting" name="test_frozen_no_change_reference_makes_completion_matrix_unidentifiable[djoser-v1]" time="0.001" /><testcase classname="tests.test_v2_logging" name="test_all_required_metadata_is_enforced" time="0.001" /><testcase classname="tests.test_v2_logging" name="test_run_log_is_exclusive_and_canonical" time="0.004" /><testcase classname="tests.test_v2_qualification" name="test_study_family_paths_are_rejected" time="0.001" /><testcase classname="tests.test_v2_qualification" name="test_server_command_is_exact_and_32k" time="0.023" /><testcase classname="tests.test_v2_qualification" name="test_cpu_preflight_covers_full_checklist" time="0.094" /><testcase classname="tests.test_v2_preflight_audit_script" name="test_family_ref_inventory_is_exactly_six" time="0.001" /><testcase classname="tests.test_v2_preflight_audit_script" name="test_canonical_json_is_stable" time="0.001" /><testcase classname="tests.test_v2_preflight_audit_script" name="test_local_exact_weight_headers_and_kv_estimates" time="0.017" /><testcase classname="tests.test_v2_control_matrix_script" name="test_all_six_families_have_a_source" time="0.001" /><testcase classname="tests.test_v2_control_matrix_script" name="test_historical_sources_are_never_outputs" time="0.001" /><testcase classname="tests.test_v2_control_matrix_script" name="test_axios_uses_the_exact_qualified_node" time="0.001" /><testcase classname="tests.test_v2_readiness" name="test_issue_audit_has_exactly_24_exclusive_classifications" time="0.000" /><testcase classname="tests.test_v2_readiness" name="test_architecture_map_covers_required_system_components" time="0.000" /><testcase classname="tests.test_v2_readiness" name="test_missing_full_suite_is_conservatively_blocked" time="0.001" /><testcase classname="tests.test_v2_readiness" name="test_historical_snapshot_defect_is_reproducible" time="0.861" /><testcase classname="tests.test_v2_readiness" name="test_disjoint_junit_summary_records_v2_passes" time="0.004" /><testcase classname="tests.test_v2_readiness" name="test_readiness_hardware_recommendations_are_conservative" time="0.001" /></testsuite></testsuites>