<?xml version="1.0" encoding="utf-8"?><testsuites name="pytest tests"><testsuite name="pytest" errors="0" failures="4" skipped="0" tests="184" time="102.308" timestamp="2026-09-01T22:16:10.026278+10:00" hostname="hpc"><testcase classname="tests.test_qwen36_submission_gate" name="test_canonical_submission_gate_is_complete_and_byte_validated" time="0.004" /><testcase classname="tests.test_qwen36_submission_gate" name="test_generator_and_submitter_import_the_same_gate_validator" time="0.001" /><testcase classname="tests.test_qwen36_submission_gate" name="test_cpu_gate_records_the_frozen_seed_schedule_digest_explicitly" time="0.000" /><testcase classname="tests.test_qwen36_submission_gate" name="test_one_gate_value_updates_render_and_equivalence_together" time="0.007" /><testcase classname="tests.test_qwen36_submission_gate" name="test_stale_gate_path_is_rejected_before_submission" time="0.005" /><testcase classname="tests.test_qwen36_submission_gate" name="test_wrong_amendment_freeze_and_seed_are_each_rejected" time="0.008" /><testcase classname="tests.test_qwen36_submission_gate" name="test_all_active_batches_share_one_gate_and_all_frozen_seeds" time="0.012" /><testcase classname="tests.test_qwen36_submission_gate" name="test_scientific_and_runtime_policies_are_unchanged" time="0.004" /><testcase classname="tests.test_qwen36_submission_gate" name="test_submitter_authorizes_only_the_job_26036_p01_rerun" time="0.001" /><testcase classname="tests.test_repository_copy_permissions" name="test_read_only_source_produces_writable_committed_copy" time="0.034" /><testcase classname="tests.test_repository_copy_permissions" name="test_destination_file_modes_are_normalized_deterministically" time="0.023" /><testcase classname="tests.test_repository_copy_permissions" name="test_existing_source_git_directory_is_not_copied" time="0.022" /><testcase classname="tests.test_repository_copy_permissions" name="test_safe_relative_symlink_is_preserved" time="0.023" /><testcase classname="tests.test_repository_copy_permissions" name="test_external_symlink_is_rejected_and_destination_is_cleaned[../outside.txt]" time="0.002" /><testcase classname="tests.test_repository_copy_permissions" name="test_external_symlink_is_rejected_and_destination_is_cleaned[/etc/passwd]" time="0.002" /><testcase classname="tests.test_repository_copy_permissions" name="test_unsupported_special_file_fails_and_cleans_only_destination" time="0.001" /><testcase classname="tests.test_repository_copy_permissions" name="test_generated_destination_is_removed_after_copy_failure" time="0.002" /><testcase classname="tests.test_repository_copy_permissions" name="test_unsafe_fixture_teardown_is_idempotent_after_later_failure" time="0.002" /><testcase classname="tests.test_repository_copy_permissions" name="test_content_digest_ignores_permissions_and_timestamps" time="0.002" /><testcase classname="tests.test_repository_copy_permissions" name="test_job_25514_old_failure_and_corrected_preparation" time="0.025" /><testcase classname="tests.test_repository_copy_permissions" name="test_calculator_preparation_replay_starts_with_three_failures" time="0.002" /><testcase classname="tests.test_server_command" name="test_valid_command_array_extracts_without_jq" time="20.008"><failure message="subprocess.TimeoutExpired: Command '['/home/s224049759/environments/cmpilot-conda/bin/python', '/home/s224049759/projects/correct-memory-study-worktrees/v2-audit-and-qualification/scripts/extract_server_command.py', '--command-json', '/tmp/pytest-of-s224049759/pytest-766/test_valid_command_array_extra0/server-command.json', '--result', '/tmp/pytest-of-s224049759/pytest-766/test_valid_command_array_extra0/result.json']' timed out after 20 seconds">tmp_path = PosixPath('/tmp/pytest-of-s224049759/pytest-766/test_valid_command_array_extra0')

    def test_valid_command_array_extracts_without_jq(tmp_path: Path) -&gt; None:
        command = build_qwen32b_server_command(port=47983)
        source = tmp_path / "server-command.json"
        result = tmp_path / "result.json"
        _write_json(source, list(command))
    
&gt;       completed = _run_extractor(source, result)
                    ^^^^^^^^^^^^^^^^^^^^^^^^^^^^^^

tests/test_server_command.py:71: 
_ _ _ _ _ _ _ _ _ _ _ _ _ _ _ _ _ _ _ _ _ _ _ _ _ _ _ _ _ _ _ _ _ _ _ _ _ _ _ _ 
tests/test_server_command.py:48: in _run_extractor
    return subprocess.run(
/opt/miniconda3/lib/python3.12/subprocess.py:550: in run
    stdout, stderr = process.communicate(input, timeout=timeout)
                     ^^^^^^^^^^^^^^^^^^^^^^^^^^^^^^^^^^^^^^^^^^^
/opt/miniconda3/lib/python3.12/subprocess.py:1209: in communicate
    stdout, stderr = self._communicate(input, endtime, timeout)
                     ^^^^^^^^^^^^^^^^^^^^^^^^^^^^^^^^^^^^^^^^^^
/opt/miniconda3/lib/python3.12/subprocess.py:2116: in _communicate
    self._check_timeout(endtime, orig_timeout, stdout, stderr)
_ _ _ _ _ _ _ _ _ _ _ _ _ _ _ _ _ _ _ _ _ _ _ _ _ _ _ _ _ _ _ _ _ _ _ _ _ _ _ _ 

self = &lt;Popen: returncode: -9 args: ['/home/s224049759/environments/cmpilot-conda/b...&gt;
endtime = 3640366.188778161, orig_timeout = 20, stdout_seq = [], stderr_seq = []
skip_check_and_raise = False

    def _check_timeout(self, endtime, orig_timeout, stdout_seq, stderr_seq,
                       skip_check_and_raise=False):
        """Convenience for checking if a timeout has expired."""
        if endtime is None:
            return
        if skip_check_and_raise or _time() &gt; endtime:
&gt;           raise TimeoutExpired(
                    self.args, orig_timeout,
                    output=b''.join(stdout_seq) if stdout_seq else None,
                    stderr=b''.join(stderr_seq) if stderr_seq else None)
E           subprocess.TimeoutExpired: Command '['/home/s224049759/environments/cmpilot-conda/bin/python', '/home/s224049759/projects/correct-memory-study-worktrees/v2-audit-and-qualification/scripts/extract_server_command.py', '--command-json', '/tmp/pytest-of-s224049759/pytest-766/test_valid_command_array_extra0/server-command.json', '--result', '/tmp/pytest-of-s224049759/pytest-766/test_valid_command_array_extra0/result.json']' timed out after 20 seconds

/opt/miniconda3/lib/python3.12/subprocess.py:1253: TimeoutExpired</failure></testcase><testcase classname="tests.test_server_command" name="test_arguments_with_spaces_and_quoted_text_remain_single_elements" time="0.001" /><testcase classname="tests.test_server_command" name="test_invalid_command_json_is_rejected_before_indexing[value0-non-empty]" time="0.001" /><testcase classname="tests.test_server_command" name="test_invalid_command_json_is_rejected_before_indexing[value1-missing]" time="0.001" /><testcase classname="tests.test_server_command" name="test_invalid_command_json_is_rejected_before_indexing[not-a-list-list]" time="0.001" /><testcase classname="tests.test_server_command" name="test_invalid_command_json_is_rejected_before_indexing[value3-strings]" time="0.001" /><testcase classname="tests.test_server_command" name="test_invalid_command_json_is_rejected_before_indexing[value4-null byte]" time="0.002" /><testcase classname="tests.test_server_command" name="test_invalid_command_json_is_rejected_before_indexing[value5-first argument]" time="0.001" /><testcase classname="tests.test_server_command" name="test_malformed_json_preserves_python_error" time="20.022"><failure message="subprocess.TimeoutExpired: Command '['/home/s224049759/environments/cmpilot-conda/bin/python', '/home/s224049759/projects/correct-memory-study-worktrees/v2-audit-and-qualification/scripts/extract_server_command.py', '--command-json', '/tmp/pytest-of-s224049759/pytest-766/test_malformed_json_preserves_0/malformed.json', '--result', '/tmp/pytest-of-s224049759/pytest-766/test_malformed_json_preserves_0/result.json']' timed out after 20 seconds">tmp_path = PosixPath('/tmp/pytest-of-s224049759/pytest-766/test_malformed_json_preserves_0')

    def test_malformed_json_preserves_python_error(tmp_path: Path) -&gt; None:
        source = tmp_path / "malformed.json"
        result = tmp_path / "result.json"
        source.write_text('["unterminated"', encoding="utf-8")
    
&gt;       completed = _run_extractor(source, result)
                    ^^^^^^^^^^^^^^^^^^^^^^^^^^^^^^

tests/test_server_command.py:125: 
_ _ _ _ _ _ _ _ _ _ _ _ _ _ _ _ _ _ _ _ _ _ _ _ _ _ _ _ _ _ _ _ _ _ _ _ _ _ _ _ 
tests/test_server_command.py:48: in _run_extractor
    return subprocess.run(
/opt/miniconda3/lib/python3.12/subprocess.py:550: in run
    stdout, stderr = process.communicate(input, timeout=timeout)
                     ^^^^^^^^^^^^^^^^^^^^^^^^^^^^^^^^^^^^^^^^^^^
/opt/miniconda3/lib/python3.12/subprocess.py:1209: in communicate
    stdout, stderr = self._communicate(input, endtime, timeout)
                     ^^^^^^^^^^^^^^^^^^^^^^^^^^^^^^^^^^^^^^^^^^
/opt/miniconda3/lib/python3.12/subprocess.py:2116: in _communicate
    self._check_timeout(endtime, orig_timeout, stdout, stderr)
_ _ _ _ _ _ _ _ _ _ _ _ _ _ _ _ _ _ _ _ _ _ _ _ _ _ _ _ _ _ _ _ _ _ _ _ _ _ _ _ 

self = &lt;Popen: returncode: -9 args: ['/home/s224049759/environments/cmpilot-conda/b...&gt;
endtime = 3640386.288375431, orig_timeout = 20, stdout_seq = [], stderr_seq = []
skip_check_and_raise = False

    def _check_timeout(self, endtime, orig_timeout, stdout_seq, stderr_seq,
                       skip_check_and_raise=False):
        """Convenience for checking if a timeout has expired."""
        if endtime is None:
            return
        if skip_check_and_raise or _time() &gt; endtime:
&gt;           raise TimeoutExpired(
                    self.args, orig_timeout,
                    output=b''.join(stdout_seq) if stdout_seq else None,
                    stderr=b''.join(stderr_seq) if stderr_seq else None)
E           subprocess.TimeoutExpired: Command '['/home/s224049759/environments/cmpilot-conda/bin/python', '/home/s224049759/projects/correct-memory-study-worktrees/v2-audit-and-qualification/scripts/extract_server_command.py', '--command-json', '/tmp/pytest-of-s224049759/pytest-766/test_malformed_json_preserves_0/malformed.json', '--result', '/tmp/pytest-of-s224049759/pytest-766/test_malformed_json_preserves_0/result.json']' timed out after 20 seconds

/opt/miniconda3/lib/python3.12/subprocess.py:1253: TimeoutExpired</failure></testcase><testcase classname="tests.test_server_command" name="test_nonexistent_executable_is_rejected" time="0.001" /><testcase classname="tests.test_server_command" name="test_prohibited_command_values_are_rejected[&lt;lambda&gt;0]" time="0.001" /><testcase classname="tests.test_server_command" name="test_prohibited_command_values_are_rejected[&lt;lambda&gt;1]" time="0.001" /><testcase classname="tests.test_server_command" name="test_prohibited_command_values_are_rejected[&lt;lambda&gt;2]" time="0.001" /><testcase classname="tests.test_server_command" name="test_prohibited_command_values_are_rejected[&lt;lambda&gt;3]" time="0.001" /><testcase classname="tests.test_server_command" name="test_prohibited_command_values_are_rejected[&lt;lambda&gt;4]" time="0.001" /><testcase classname="tests.test_server_command" name="test_exact_job_25335_legacy_record_is_valid_before_shell_extraction" time="0.001" /><testcase classname="tests.test_server_command" name="test_job_25335_fixture_has_dependency_failure_classification" time="0.001" /><testcase classname="tests.test_server_command" name="test_generated_plan_uses_canonical_top_level_command_array" time="0.002" /><testcase classname="tests.test_server_command" name="test_bash_extraction_rejects_empty_array_without_unbound_error" time="0.093" /><testcase classname="tests.test_server_command" name="test_bash_extraction_preserves_array_in_noninteractive_minimal_path_shell" time="0.098" /><testcase classname="tests.test_server_command" name="test_generated_extraction_block_has_no_jq_eval_or_unsafe_word_splitting" time="0.001" /><testcase classname="tests.test_server_command" name="test_external_executable_audit_declares_no_jq_dependency" time="0.001" /><testcase classname="tests.test_shared_runtime" name="test_node_local_runtime_paths_are_rejected[/tmp/example.py]" time="0.001" /><testcase classname="tests.test_shared_runtime" name="test_node_local_runtime_paths_are_rejected[/var/tmp/example.py]" time="0.001" /><testcase classname="tests.test_shared_runtime" name="test_unresolved_tmpdir_runtime_path_is_rejected" time="0.000" /><testcase classname="tests.test_shared_runtime" name="test_relative_runtime_path_without_shared_base_is_rejected" time="0.000" /><testcase classname="tests.test_shared_runtime" name="test_nonexistent_shared_runtime_path_is_rejected" time="0.001" /><testcase classname="tests.test_shared_runtime" name="test_unreadable_shared_runtime_path_is_rejected" time="0.009" /><testcase classname="tests.test_shared_runtime" name="test_unique_helper_beneath_hpc_home_is_accepted" time="0.026" /><testcase classname="tests.test_shared_runtime" name="test_generated_wrapper_verifies_driver_hash_and_copies_driver" time="20.047"><failure message="subprocess.TimeoutExpired: Command '['/usr/bin/bash', '/home/s224049759/run-artifacts/guided-backend-shared-path/pytest-0dd76e396ce74e70a59d1331bf9fd4af/pre-submit/gate.sbatch']' timed out after 20 seconds">tmp_path = PosixPath('/tmp/pytest-of-s224049759/pytest-766/test_generated_wrapper_verifie0')
shared_test_root = PosixPath('/home/s224049759/run-artifacts/guided-backend-shared-path/pytest-0dd76e396ce74e70a59d1331bf9fd4af')

    def test_generated_wrapper_verifies_driver_hash_and_copies_driver(
        tmp_path: Path, shared_test_root: Path
    ) -&gt; None:
        driver, digest = _make_staged_shell_driver(tmp_path, shared_test_root)
        artifact_root = tmp_path / "artifacts"
        wrapper = render_cpu_gate_wrapper(
            driver_path=driver,
            driver_sha256=digest,
            artifact_root=artifact_root,
            driver_interpreter=Path("/usr/bin/bash"),
            digest_tool=DIGEST_TOOL,
            shared_roots=(HPC_SHARED_ROOT,),
        )
    
        assert f"EXPECTED_DRIVER_SHA256={digest}" in wrapper
        assert '"$DIGEST_TOOL" verify' in wrapper
        assert "sha256sum" not in wrapper
        assert '"$DRIVER_PATH" "$ARTIFACT_DIR/submitted-driver.sh"' in wrapper
        validate_script_runtime_paths(wrapper, shared_roots=(HPC_SHARED_ROOT,))
    
        wrapper_path = shared_test_root / "pre-submit" / "gate.sbatch"
        wrapper_path.write_text(wrapper, encoding="utf-8", newline="\n")
        backend_marker = tmp_path / "backend-ran"
        environment = os.environ.copy()
        environment.update({"BACKEND_MARKER": str(backend_marker), "SLURM_JOB_ID": "12345"})
&gt;       completed = subprocess.run(
            ["/usr/bin/bash", str(wrapper_path)],
            env=environment,
            check=False,
            capture_output=True,
            text=True,
            timeout=20,
        )

tests/test_shared_runtime.py:150: 
_ _ _ _ _ _ _ _ _ _ _ _ _ _ _ _ _ _ _ _ _ _ _ _ _ _ _ _ _ _ _ _ _ _ _ _ _ _ _ _ 
/opt/miniconda3/lib/python3.12/subprocess.py:550: in run
    stdout, stderr = process.communicate(input, timeout=timeout)
                     ^^^^^^^^^^^^^^^^^^^^^^^^^^^^^^^^^^^^^^^^^^^
/opt/miniconda3/lib/python3.12/subprocess.py:1209: in communicate
    stdout, stderr = self._communicate(input, endtime, timeout)
                     ^^^^^^^^^^^^^^^^^^^^^^^^^^^^^^^^^^^^^^^^^^
/opt/miniconda3/lib/python3.12/subprocess.py:2116: in _communicate
    self._check_timeout(endtime, orig_timeout, stdout, stderr)
_ _ _ _ _ _ _ _ _ _ _ _ _ _ _ _ _ _ _ _ _ _ _ _ _ _ _ _ _ _ _ _ _ _ _ _ _ _ _ _ 

self = &lt;Popen: returncode: -9 args: ['/usr/bin/bash', '/home/s224049759/run-artifac...&gt;
endtime = 3640406.620234228, orig_timeout = 20, stdout_seq = [], stderr_seq = []
skip_check_and_raise = False

    def _check_timeout(self, endtime, orig_timeout, stdout_seq, stderr_seq,
                       skip_check_and_raise=False):
        """Convenience for checking if a timeout has expired."""
        if endtime is None:
            return
        if skip_check_and_raise or _time() &gt; endtime:
&gt;           raise TimeoutExpired(
                    self.args, orig_timeout,
                    output=b''.join(stdout_seq) if stdout_seq else None,
                    stderr=b''.join(stderr_seq) if stderr_seq else None)
E           subprocess.TimeoutExpired: Command '['/usr/bin/bash', '/home/s224049759/run-artifacts/guided-backend-shared-path/pytest-0dd76e396ce74e70a59d1331bf9fd4af/pre-submit/gate.sbatch']' timed out after 20 seconds

/opt/miniconda3/lib/python3.12/subprocess.py:1253: TimeoutExpired</failure></testcase><testcase classname="tests.test_shared_runtime" name="test_driver_hash_mismatch_fails_before_backend_checks" time="21.147"><failure message="subprocess.TimeoutExpired: Command '['/usr/bin/bash', '/home/s224049759/run-artifacts/guided-backend-shared-path/pytest-35849626d5b649dc987bdf7722c62c16/pre-submit/gate.sbatch']' timed out after 20 seconds">tmp_path = PosixPath('/tmp/pytest-of-s224049759/pytest-766/test_driver_hash_mismatch_fail0')
shared_test_root = PosixPath('/home/s224049759/run-artifacts/guided-backend-shared-path/pytest-35849626d5b649dc987bdf7722c62c16')

    def test_driver_hash_mismatch_fails_before_backend_checks(
        tmp_path: Path, shared_test_root: Path
    ) -&gt; None:
        driver, digest = _make_staged_shell_driver(tmp_path, shared_test_root)
        artifact_root = tmp_path / "artifacts"
        wrapper = render_cpu_gate_wrapper(
            driver_path=driver,
            driver_sha256=digest,
            artifact_root=artifact_root,
            driver_interpreter=Path("/usr/bin/bash"),
            digest_tool=DIGEST_TOOL,
            shared_roots=(HPC_SHARED_ROOT,),
        )
        wrapper_path = shared_test_root / "pre-submit" / "gate.sbatch"
        wrapper_path.write_text(wrapper, encoding="utf-8", newline="\n")
        driver.chmod(0o600)
        driver.write_text("#!/usr/bin/env bash\nexit 0\n", encoding="utf-8")
        backend_marker = tmp_path / "backend-ran"
        environment = os.environ.copy()
        environment.update({"BACKEND_MARKER": str(backend_marker), "SLURM_JOB_ID": "12346"})
    
&gt;       completed = subprocess.run(
            ["/usr/bin/bash", str(wrapper_path)],
            env=environment,
            check=False,
            capture_output=True,
            text=True,
            timeout=20,
        )

tests/test_shared_runtime.py:187: 
_ _ _ _ _ _ _ _ _ _ _ _ _ _ _ _ _ _ _ _ _ _ _ _ _ _ _ _ _ _ _ _ _ _ _ _ _ _ _ _ 
/opt/miniconda3/lib/python3.12/subprocess.py:550: in run
    stdout, stderr = process.communicate(input, timeout=timeout)
                     ^^^^^^^^^^^^^^^^^^^^^^^^^^^^^^^^^^^^^^^^^^^
/opt/miniconda3/lib/python3.12/subprocess.py:1209: in communicate
    stdout, stderr = self._communicate(input, endtime, timeout)
                     ^^^^^^^^^^^^^^^^^^^^^^^^^^^^^^^^^^^^^^^^^^
/opt/miniconda3/lib/python3.12/subprocess.py:2116: in _communicate
    self._check_timeout(endtime, orig_timeout, stdout, stderr)
_ _ _ _ _ _ _ _ _ _ _ _ _ _ _ _ _ _ _ _ _ _ _ _ _ _ _ _ _ _ _ _ _ _ _ _ _ _ _ _ 

self = &lt;Popen: returncode: -9 args: ['/usr/bin/bash', '/home/s224049759/run-artifac...&gt;
endtime = 3640426.746020573, orig_timeout = 20, stdout_seq = [], stderr_seq = []
skip_check_and_raise = False

    def _check_timeout(self, endtime, orig_timeout, stdout_seq, stderr_seq,
                       skip_check_and_raise=False):
        """Convenience for checking if a timeout has expired."""
        if endtime is None:
            return
        if skip_check_and_raise or _time() &gt; endtime:
&gt;           raise TimeoutExpired(
                    self.args, orig_timeout,
                    output=b''.join(stdout_seq) if stdout_seq else None,
                    stderr=b''.join(stderr_seq) if stderr_seq else None)
E           subprocess.TimeoutExpired: Command '['/usr/bin/bash', '/home/s224049759/run-artifacts/guided-backend-shared-path/pytest-35849626d5b649dc987bdf7722c62c16/pre-submit/gate.sbatch']' timed out after 20 seconds

/opt/miniconda3/lib/python3.12/subprocess.py:1253: TimeoutExpired</failure></testcase><testcase classname="tests.test_shared_runtime" name="test_generated_script_has_no_required_login_tmp_reference" time="0.568" /><testcase classname="tests.test_shared_runtime" name="test_project_cpu_gate_generator_stages_every_runtime_path_on_shared_storage" time="0.475" /><testcase classname="tests.test_shared_runtime" name="test_server_command_cpu_gate_is_cpu_only_and_declares_dependencies" time="0.949" /><testcase classname="tests.test_shared_runtime" name="test_executable_validator_rejects_unavailable_declared_command" time="0.001" /><testcase classname="tests.test_shared_runtime" name="test_job_25264_fixture_is_path_visibility_failure_without_backend_result" time="0.001" /><testcase classname="tests.test_smoke_runner" name="test_resolve_config_prefers_cli_over_environment" time="0.001" /><testcase classname="tests.test_smoke_runner" name="test_preflight_checks_mini_swe_even_when_the_model_server_is_unavailable" time="0.002" /><testcase classname="tests.test_smoke_runner" name="test_dry_run_does_not_create_artifacts_or_launch_agent" time="0.002" /><testcase classname="tests.test_smoke_runner" name="test_successful_smoke_uses_clean_copy_preserves_template_and_launches_once" time="2.290" /><testcase classname="tests.test_smoke_runner" name="test_job_owned_oracle_is_not_present_until_after_agent_termination" time="1.730" /><testcase classname="tests.test_smoke_runner" name="test_protected_change_is_invalid_but_does_not_skip_external_oracle_or_preservation" time="2.303" /><testcase classname="tests.test_smoke_runner" name="test_failed_functional_smoke_is_not_retried" time="1.848" /><testcase classname="tests.test_smoke_runner" name="test_safe_model_protocol_failure_is_classified_dimensionally" time="2.022" /><testcase classname="tests.test_smoke_runner" name="test_context_budget_exhaustion_is_model_limit_not_infrastructure_failure" time="1.900" /><testcase classname="tests.test_smoke_runner" name="test_unavailable_server_creates_infrastructure_failure_artifact" time="0.005" /><testcase classname="tests.test_smoke_runner" name="test_timeout_result_is_preserved_as_infrastructure_failure" time="2.130" /><testcase classname="tests.test_smoke_runner" name="test_execute_agent_terminates_a_timed_out_child_process" time="0.052" /><testcase classname="tests.test_smoke_runner" name="test_resolve_config_uses_environment_values_when_cli_is_absent" time="0.002" /><testcase classname="tests.test_smoke_runner" name="test_source_snapshot_excludes_git_and_test_caches" time="0.003" /><testcase classname="tests.test_smoke_runner" name="test_trajectory_metrics_records_usage_and_repository_inspection" time="0.002" /><testcase classname="tests.test_source_integrity" name="test_source_integrity_json_round_trips_arbitrary_runtime_values" time="0.011" /><testcase classname="tests.test_source_integrity" name="test_job_25642_unterminated_source_is_a_fixed_regression_fixture" time="0.001" /><testcase classname="tests.test_source_integrity" name="test_source_integrity_schema_rejects_malformed_generated_json" time="0.001" /><testcase classname="tests.test_source_integrity" name="test_source_integrity_failure_is_structured_and_still_written" time="0.006" /><testcase classname="tests.test_source_procedural_memory_generation" name="test_deterministic_source_only_generation" time="0.011" /><testcase classname="tests.test_source_procedural_memory_generation" name="test_source_artifact_tamper_is_rejected" time="0.005" /><testcase classname="tests.test_source_procedural_memory_generation" name="test_forbidden_target_input_is_rejected" time="0.005" /><testcase classname="tests.test_source_procedural_memory_generation" name="test_outputs_are_never_overwritten" time="0.015" /><testcase classname="tests.test_start_vllm_smoke" name="test_launcher_passes_one_explicit_dtype_argument[None-half]" time="0.037" /><testcase classname="tests.test_start_vllm_smoke" name="test_launcher_passes_one_explicit_dtype_argument[float16-float16]" time="0.021" /><testcase classname="tests.test_start_vllm_smoke" name="test_launcher_help_documents_half_for_turing_quadro_rtx_5000" time="0.005" /><testcase classname="tests.test_synthetic_memory_gpu_smoke" name="test_frozen_source_and_qualification_inputs_remain_exact" time="0.001" /><testcase classname="tests.test_synthetic_memory_gpu_smoke" name="test_source_inventory_and_memory_semantics_are_unchanged" time="0.008" /><testcase classname="tests.test_synthetic_memory_gpu_smoke" name="test_synthetic_seed_schedule_is_deterministic_and_separate" time="0.001" /><testcase classname="tests.test_synthetic_memory_gpu_smoke" name="test_prompt_envelopes_are_byte_equal_outside_treatment" time="0.003" /><testcase classname="tests.test_synthetic_memory_gpu_smoke" name="test_synthetic_task_policy_is_one_file_writable" time="0.001" /><testcase classname="tests.test_synthetic_memory_gpu_smoke" name="test_gpu_freeze_is_canonical_complete_and_non_scientific" time="0.009" /><testcase classname="tests.test_synthetic_memory_gpu_smoke" name="test_result_schema_has_every_required_dimension" time="0.001" /><testcase classname="tests.test_synthetic_memory_gpu_smoke" name="test_limits_exceeded_is_scored_without_requiring_submission" time="0.001" /><testcase classname="tests.test_synthetic_memory_gpu_smoke" name="test_batch_uses_one_server_and_real_scientific_runner" time="0.001" /><testcase classname="tests.test_synthetic_memory_gpu_smoke" name="test_runner_creates_four_fresh_agent_and_repository_states" time="0.001" /><testcase classname="tests.test_synthetic_memory_gpu_smoke" name="test_cpu_fixture_preparation_has_unique_sessions_and_repositories" time="0.010" /><testcase classname="tests.test_synthetic_memory_gpu_smoke" name="test_reasoning_is_raw_evidence_not_canonical_history" time="0.001" /><testcase classname="tests.test_synthetic_memory_gpu_smoke" name="test_condition_finalizer_is_non_overwriting_and_manifested" time="0.002" /><testcase classname="tests.test_synthetic_memory_gpu_smoke" name="test_submitter_checks_duplicates_before_one_attested_submission" time="0.001" /><testcase classname="tests.test_synthetic_memory_gpu_smoke" name="test_submitter_loads_when_executed_as_a_script" time="0.123" /><testcase classname="tests.test_synthetic_memory_smoke" name="test_manifest_is_canonical_complete_and_non_scientific" time="0.007" /><testcase classname="tests.test_synthetic_memory_smoke" name="test_frozen_assignment_and_memory_identities" time="0.001" /><testcase classname="tests.test_synthetic_memory_smoke" name="test_prompts_are_identical_outside_canonical_treatment_block" time="0.005" /><testcase classname="tests.test_synthetic_memory_smoke" name="test_fresh_sessions_repositories_and_contamination_guards" time="0.012" /><testcase classname="tests.test_synthetic_memory_smoke" name="test_independent_functional_and_security_reference_matrix" time="0.582" /><testcase classname="tests.test_synthetic_memory_smoke" name="test_dimensional_finalizer_for_every_condition[A_NO_MEMORY]" time="0.002" /><testcase classname="tests.test_synthetic_memory_smoke" name="test_dimensional_finalizer_for_every_condition[B_APPLICABLE_SOURCE_VALID]" time="0.002" /><testcase classname="tests.test_synthetic_memory_smoke" name="test_dimensional_finalizer_for_every_condition[C_NON_APPLICABLE_SOURCE_VALID]" time="0.002" /><testcase classname="tests.test_synthetic_memory_smoke" name="test_dimensional_finalizer_for_every_condition[D_ORACLE_COMPLETED]" time="0.002" /><testcase classname="tests.test_synthetic_memory_smoke" name="test_result_schema_and_cpu_validation_record" time="0.001" /><testcase classname="tests.test_synthetic_memory_smoke" name="test_namespace_has_no_gpu_launcher_or_real_triplet" time="0.001" /><testcase classname="tests.test_track_b_retrieval" name="test_github_reference_extraction" time="0.001" /><testcase classname="tests.test_track_b_retrieval" name="test_supported_language_rejection" time="0.000" /><testcase classname="tests.test_track_b_retrieval" name="test_security_category_mapping_prefers_ordered_cwe_rule" time="0.000" /><testcase classname="tests.test_track_b_retrieval" name="test_duplicate_removal_keeps_lexicographically_first_advisory" time="0.001" /><testcase classname="tests.test_track_b_retrieval" name="test_seed_ordering_and_ranking_are_stable" time="0.022" /><testcase classname="tests.test_track_b_retrieval" name="test_packet_required_fields" time="0.001" /><testcase classname="tests.test_track_b_retrieval" name="test_commit_file_facts_enforces_supported_source_and_detects_tests" time="0.000" /><testcase classname="tests.test_track_b_retrieval" name="test_track_a_and_protected_paths_are_never_seed_inputs[/home/anjum/Documents/research/correct-memory-study-worktrees/candidate-screening-v020-hybrid]" time="0.001" /><testcase classname="tests.test_track_b_retrieval" name="test_track_a_and_protected_paths_are_never_seed_inputs[/home/anjum/Documents/research/correct-memory-study-worktrees/candidate-screening-v020-hybrid/anything.json]" time="0.002" /><testcase classname="tests.test_track_b_retrieval" name="test_track_a_and_protected_paths_are_never_seed_inputs[/safe/root/sealed_queue/input.jsonl]" time="0.001" /><testcase classname="tests.test_track_b_retrieval" name="test_track_a_and_protected_paths_are_never_seed_inputs[/safe/root/tasks/demo/hidden_oracles/witness.py]" time="0.001" /><testcase classname="tests.test_v2_control_matrix_script" name="test_all_six_families_have_a_source" time="0.001" /><testcase classname="tests.test_v2_control_matrix_script" name="test_historical_sources_are_never_outputs" time="0.001" /><testcase classname="tests.test_v2_control_matrix_script" name="test_axios_uses_the_exact_qualified_node" time="0.001" /><testcase classname="tests.test_v2_logging" name="test_all_required_metadata_is_enforced" time="0.001" /><testcase classname="tests.test_v2_logging" name="test_run_log_is_exclusive_and_canonical" time="0.007" /><testcase classname="tests.test_v2_preflight" name="test_exact_post_ingestion_budget_and_dynamic_generation_ceiling" time="0.001" /><testcase classname="tests.test_v2_preflight" name="test_trajectory_exhaustion_is_scientific_and_sends_no_request" time="0.000" /><testcase classname="tests.test_v2_preflight" name="test_initial_feasibility_fails_closed" time="0.001" /><testcase classname="tests.test_v2_preflight" name="test_visible_output_preserves_head_tail_hash_and_exact_ceiling" time="0.007" /><testcase classname="tests.test_v2_preflight" name="test_v2_validity_policy[NO_TOOL_CALLS-SCIENTIFIC]" time="0.001" /><testcase classname="tests.test_v2_preflight" name="test_v2_validity_policy[MALFORMED_MODEL_TOOL_CALL-SCIENTIFIC]" time="0.001" /><testcase classname="tests.test_v2_preflight" name="test_v2_validity_policy[MODEL_CHOSEN_COMMAND_TIMEOUT-SCIENTIFIC]" time="0.001" /><testcase classname="tests.test_v2_preflight" name="test_v2_validity_policy[MAXIMUM_STEP_EXHAUSTION-SCIENTIFIC]" time="0.001" /><testcase classname="tests.test_v2_preflight" name="test_v2_validity_policy[CUDA_FAILURE-TECHNICAL_INVALID]" time="0.000" /><testcase classname="tests.test_v2_preflight" name="test_v2_validity_policy[TRANSPORT_FAILURE-TECHNICAL_INVALID]" time="0.001" /><testcase classname="tests.test_v2_preflight" name="test_v2_validity_policy[PARSER_DEFECT_VALID_SYNTAX-TECHNICAL_INVALID]" time="0.001" /><testcase classname="tests.test_v2_preflight" name="test_runtime_ledger_counts_full_visible_history_and_saves_raw_output" time="0.004" /><testcase classname="tests.test_v2_preflight_audit_script" name="test_family_ref_inventory_is_exactly_six" time="0.018" /><testcase classname="tests.test_v2_preflight_audit_script" name="test_canonical_json_is_stable" time="0.004" /><testcase classname="tests.test_v2_preflight_audit_script" name="test_local_exact_weight_headers_and_kv_estimates" time="0.021" /><testcase classname="tests.test_v2_prompting" name="test_conditions_differ_only_by_neutral_memory_availability[mcp-pinot-v1]" time="0.001" /><testcase classname="tests.test_v2_prompting" name="test_conditions_differ_only_by_neutral_memory_availability[onnx-v1]" time="0.001" /><testcase classname="tests.test_v2_prompting" name="test_conditions_differ_only_by_neutral_memory_availability[axios-v1]" time="0.001" /><testcase classname="tests.test_v2_prompting" name="test_conditions_differ_only_by_neutral_memory_availability[aim-v1]" time="0.001" /><testcase classname="tests.test_v2_prompting" name="test_conditions_differ_only_by_neutral_memory_availability[httpx-v1]" time="0.001" /><testcase classname="tests.test_v2_prompting" name="test_conditions_differ_only_by_neutral_memory_availability[djoser-v1]" time="0.001" /><testcase classname="tests.test_v2_prompting" name="test_memory_wrapper_has_no_security_or_historical_cue" time="0.000" /><testcase classname="tests.test_v2_prompting" name="test_frozen_no_change_reference_makes_completion_matrix_unidentifiable[mcp-pinot-v1]" time="0.001" /><testcase classname="tests.test_v2_prompting" name="test_frozen_no_change_reference_makes_completion_matrix_unidentifiable[onnx-v1]" time="0.001" /><testcase classname="tests.test_v2_prompting" name="test_frozen_no_change_reference_makes_completion_matrix_unidentifiable[axios-v1]" time="0.001" /><testcase classname="tests.test_v2_prompting" name="test_frozen_no_change_reference_makes_completion_matrix_unidentifiable[aim-v1]" time="0.001" /><testcase classname="tests.test_v2_prompting" name="test_frozen_no_change_reference_makes_completion_matrix_unidentifiable[httpx-v1]" time="0.001" /><testcase classname="tests.test_v2_prompting" name="test_frozen_no_change_reference_makes_completion_matrix_unidentifiable[djoser-v1]" time="0.001" /><testcase classname="tests.test_v2_qualification" name="test_study_family_paths_are_rejected" time="0.001" /><testcase classname="tests.test_v2_qualification" name="test_server_command_is_exact_and_32k" time="0.036" /><testcase classname="tests.test_v2_qualification" name="test_cpu_preflight_covers_full_checklist" time="0.086" /><testcase classname="tests.test_v2_readiness" name="test_issue_audit_has_exactly_24_exclusive_classifications" time="0.000" /><testcase classname="tests.test_v2_readiness" name="test_architecture_map_covers_required_system_components" time="0.001" /><testcase classname="tests.test_v2_readiness" name="test_missing_full_suite_is_conservatively_blocked" time="0.001" /><testcase classname="tests.test_v2_readiness" name="test_historical_snapshot_defect_is_reproducible" time="1.313" /><testcase classname="tests.test_vllm_client" name="test_models_url_normalizes_supported_forms[http://127.0.0.1:8000-http://127.0.0.1:8000/v1/models]" time="0.001" /><testcase classname="tests.test_vllm_client" name="test_models_url_normalizes_supported_forms[http://127.0.0.1:8000/-http://127.0.0.1:8000/v1/models]" time="0.001" /><testcase classname="tests.test_vllm_client" name="test_models_url_normalizes_supported_forms[http://127.0.0.1:8000/v1-http://127.0.0.1:8000/v1/models]" time="0.001" /><testcase classname="tests.test_vllm_client" name="test_models_url_normalizes_supported_forms[http://127.0.0.1:8000/v1/-http://127.0.0.1:8000/v1/models]" time="0.001" /><testcase classname="tests.test_vllm_client" name="test_models_url_normalizes_supported_forms[http://127.0.0.1:8000/v1/models-http://127.0.0.1:8000/v1/models]" time="0.001" /><testcase classname="tests.test_vllm_client" name="test_probe_models_calls_v1_models_and_reads_ids" time="0.001" /><testcase classname="tests.test_vllm_client" name="test_probe_models_reports_connection_refusal" time="0.001" /><testcase classname="tests.test_vllm_client" name="test_probe_models_reports_timeout_and_invalid_json" time="0.001" /><testcase classname="tests.test_vllm_client" name="test_validate_model_reports_missing_expected_model" time="0.000" /><testcase classname="tests.test_vllm_server_smoke_client" name="test_plain_text_http_200_health_response_is_accepted" time="0.010" /><testcase classname="tests.test_vllm_server_smoke_client" name="test_models_json_response_is_preserved_and_parsed" time="0.003" /><testcase classname="tests.test_vllm_server_smoke_client" name="test_http_500_body_is_preserved_without_json_parsing" time="0.003" /><testcase classname="tests.test_vllm_server_smoke_client" name="test_chat_request_timeout_uses_the_configured_timeout" time="0.003" /><testcase classname="tests.test_vllm_server_smoke_client" name="test_successful_chat_response_parsing" time="0.003" /><testcase classname="tests.test_working_copy_cpu_job" name="test_job_25517_fixture_reproduces_five_stray_plus_arguments" time="0.001" /><testcase classname="tests.test_working_copy_cpu_job" name="test_job_25517_fixture_is_script_generation_failure" time="0.001" /><testcase classname="tests.test_working_copy_cpu_job" name="test_structural_shell_rendering_preserves_spaces_quotes_hashes_and_newlines" time="0.001" /><testcase classname="tests.test_working_copy_cpu_job" name="test_literal_plus_requires_explicit_schema_permission" time="0.000" /><testcase classname="tests.test_working_copy_cpu_job" name="test_driver_parser_accepts_exact_structured_arguments" time="0.001" /><testcase classname="tests.test_working_copy_cpu_job" name="test_missing_or_extra_driver_arguments_fail_before_submission[&lt;lambda&gt;0]" time="0.001" /><testcase classname="tests.test_working_copy_cpu_job" name="test_missing_or_extra_driver_arguments_fail_before_submission[&lt;lambda&gt;1]" time="0.002" /><testcase classname="tests.test_working_copy_cpu_job" name="test_generated_cpu_gate_has_exact_arguments_and_no_stray_plus" time="0.097" /><testcase classname="tests.test_working_copy_cpu_job" name="test_generated_script_passes_bash_syntax_and_actual_argparse" time="0.060" /><testcase classname="tests.test_working_copy_cpu_job" name="test_generated_manifest_records_argument_inventory" time="0.049" /></testsuite></testsuites>